Args in experiment:
Namespace(activation='gelu', affine=0, batch_size=16, c_out=1, checkpoints='./checkpoints/ctg', d_ff=128, d_layers=1, d_model=128, data='CTG', data_path='X.npy', dec_in=2, decomposition=0, des='Exp', devices='0,1,2,3', distil=True, do_predict=False, dropout=0.3, e_layers=4, embed='timeF', embed_type=0, enc_in=2, factor=1, fc_dropout=0.3, features='M', freq='h', gpu=0, head_dropout=0.1, individual=0, is_optuna=False, is_training=1, itr=1, kernel_size=25, learning_rate=6.99e-05, loss='cross_entropy', lradj='type3', model='PatchTST', model_id='ctg_960', moving_avg=25, n_heads=8, num_classes=2, num_workers=10, output_attention=False, padding_patch='end', patch_len=16, patience=15, pct_start=0.3, random_seed=2021, revin=1, root_path='./dataset/', seq_len=960, stride=8, subtract_last=0, target='OT', test_flop=False, train_epochs=50, use_amp=False, use_gpu=True, use_multi_gpu=False)
Use GPU: cuda:0
>>>>>>>start training : ctg_960_PatchTST_CTG_sl960_nc2_dm128_nh8_el4_df128_fc1_Exp>>>>>>>>>>>>>>>>>>>>>>>>>>
train set size: 16471
val set size: 4118
Dataset saved to ./jResults/20240911 1050
test set size: 4118
	iters: 100, epoch: 1 | loss: 0.7323338
	speed: 0.1789s/iter; left time: 9196.2399s
	iters: 200, epoch: 1 | loss: 0.7678622
	speed: 0.0084s/iter; left time: 430.9741s
	iters: 300, epoch: 1 | loss: 0.7209996
	speed: 0.0083s/iter; left time: 425.3385s
	iters: 400, epoch: 1 | loss: 0.8200336
	speed: 0.0084s/iter; left time: 426.8430s
	iters: 500, epoch: 1 | loss: 0.7650707
	speed: 0.0085s/iter; left time: 431.8577s
	iters: 600, epoch: 1 | loss: 0.7252783
	speed: 0.0084s/iter; left time: 429.4920s
	iters: 700, epoch: 1 | loss: 0.8292613
	speed: 0.0077s/iter; left time: 390.0035s
	iters: 800, epoch: 1 | loss: 0.7266158
	speed: 0.0076s/iter; left time: 384.4216s
	iters: 900, epoch: 1 | loss: 0.6157773
	speed: 0.0077s/iter; left time: 389.0758s
	iters: 1000, epoch: 1 | loss: 0.7517333
	speed: 0.0078s/iter; left time: 392.5760s
Epoch: 1 cost time: 26.44981861114502
Epoch: 1, Steps: 1030 | Train Loss: 0.7236992 Vali Loss: 0.7034767 Vali AUC: 0.6317355
Validation loss decreased (inf --> 0.703477).  Saving model ...
Updating learning rate to 6.99e-05
	iters: 100, epoch: 2 | loss: 0.6863012
	speed: 0.5042s/iter; left time: 25394.7718s
	iters: 200, epoch: 2 | loss: 0.7401258
	speed: 0.0086s/iter; left time: 432.3109s
	iters: 300, epoch: 2 | loss: 0.5590651
	speed: 0.0082s/iter; left time: 411.3081s
	iters: 400, epoch: 2 | loss: 0.7091659
	speed: 0.0078s/iter; left time: 391.1729s
	iters: 500, epoch: 2 | loss: 0.6217877
	speed: 0.0079s/iter; left time: 392.8932s
	iters: 600, epoch: 2 | loss: 0.6042612
	speed: 0.0078s/iter; left time: 390.0690s
	iters: 700, epoch: 2 | loss: 0.6461595
	speed: 0.0078s/iter; left time: 389.7538s
	iters: 800, epoch: 2 | loss: 0.6865791
	speed: 0.0078s/iter; left time: 385.6607s
	iters: 900, epoch: 2 | loss: 0.6326213
	speed: 0.0078s/iter; left time: 386.6485s
	iters: 1000, epoch: 2 | loss: 0.6431070
	speed: 0.0079s/iter; left time: 388.9473s
Epoch: 2 cost time: 26.11315369606018
Epoch: 2, Steps: 1030 | Train Loss: 0.6879683 Vali Loss: 0.6675645 Vali AUC: 0.7164409
Validation loss decreased (0.703477 --> 0.667564).  Saving model ...
Updating learning rate to 6.99e-05
	iters: 100, epoch: 3 | loss: 0.6776491
	speed: 0.5050s/iter; left time: 24919.4876s
	iters: 200, epoch: 3 | loss: 0.6291094
	speed: 0.0085s/iter; left time: 420.4320s
	iters: 300, epoch: 3 | loss: 0.6268210
	speed: 0.0087s/iter; left time: 425.1674s
	iters: 400, epoch: 3 | loss: 0.6272967
	speed: 0.0087s/iter; left time: 424.5018s
	iters: 500, epoch: 3 | loss: 0.6366175
	speed: 0.0084s/iter; left time: 411.5933s
	iters: 600, epoch: 3 | loss: 0.6595992
	speed: 0.0079s/iter; left time: 387.3453s
	iters: 700, epoch: 3 | loss: 0.6861328
	speed: 0.0079s/iter; left time: 383.6979s
	iters: 800, epoch: 3 | loss: 0.5608169
	speed: 0.0077s/iter; left time: 376.2377s
	iters: 900, epoch: 3 | loss: 0.5865694
	speed: 0.0078s/iter; left time: 376.8854s
	iters: 1000, epoch: 3 | loss: 0.6119738
	speed: 0.0078s/iter; left time: 379.5317s
Epoch: 3 cost time: 26.240291833877563
Epoch: 3, Steps: 1030 | Train Loss: 0.6627425 Vali Loss: 0.6523210 Vali AUC: 0.7382918
Validation loss decreased (0.667564 --> 0.652321).  Saving model ...
Updating learning rate to 6.99e-05
	iters: 100, epoch: 4 | loss: 0.6713738
	speed: 0.5054s/iter; left time: 24416.6881s
	iters: 200, epoch: 4 | loss: 0.6313131
	speed: 0.0086s/iter; left time: 412.9360s
	iters: 300, epoch: 4 | loss: 0.7077308
	speed: 0.0086s/iter; left time: 413.1137s
	iters: 400, epoch: 4 | loss: 0.5944796
	speed: 0.0085s/iter; left time: 409.3757s
	iters: 500, epoch: 4 | loss: 0.6653532
	speed: 0.0087s/iter; left time: 414.8539s
	iters: 600, epoch: 4 | loss: 0.6570572
	speed: 0.0088s/iter; left time: 418.4022s
	iters: 700, epoch: 4 | loss: 0.6028740
	speed: 0.0087s/iter; left time: 415.1063s
	iters: 800, epoch: 4 | loss: 0.6268253
	speed: 0.0086s/iter; left time: 411.7722s
	iters: 900, epoch: 4 | loss: 0.6881086
	speed: 0.0087s/iter; left time: 415.1242s
	iters: 1000, epoch: 4 | loss: 0.5813849
	speed: 0.0086s/iter; left time: 408.3238s
Epoch: 4 cost time: 26.69434905052185
Epoch: 4, Steps: 1030 | Train Loss: 0.6560615 Vali Loss: 0.6450991 Vali AUC: 0.7629696
Validation loss decreased (0.652321 --> 0.645099).  Saving model ...
Updating learning rate to 6.291e-05
	iters: 100, epoch: 5 | loss: 0.6118135
	speed: 0.5049s/iter; left time: 23870.4079s
	iters: 200, epoch: 5 | loss: 0.7062509
	speed: 0.0084s/iter; left time: 394.7433s
	iters: 300, epoch: 5 | loss: 0.7323695
	speed: 0.0084s/iter; left time: 394.5391s
	iters: 400, epoch: 5 | loss: 0.7694727
	speed: 0.0085s/iter; left time: 397.5403s
	iters: 500, epoch: 5 | loss: 0.7722498
	speed: 0.0087s/iter; left time: 409.5455s
	iters: 600, epoch: 5 | loss: 0.5428836
	speed: 0.0086s/iter; left time: 403.0828s
	iters: 700, epoch: 5 | loss: 0.5704272
	speed: 0.0088s/iter; left time: 408.9072s
	iters: 800, epoch: 5 | loss: 0.6777631
	speed: 0.0087s/iter; left time: 407.2317s
	iters: 900, epoch: 5 | loss: 0.7257318
	speed: 0.0086s/iter; left time: 400.8317s
	iters: 1000, epoch: 5 | loss: 0.6256437
	speed: 0.0086s/iter; left time: 398.7655s
Epoch: 5 cost time: 26.59684109687805
Epoch: 5, Steps: 1030 | Train Loss: 0.6494704 Vali Loss: 0.6423350 Vali AUC: 0.7727397
Validation loss decreased (0.645099 --> 0.642335).  Saving model ...
Updating learning rate to 5.661900000000001e-05
	iters: 100, epoch: 6 | loss: 0.7286454
	speed: 0.5054s/iter; left time: 23375.4594s
	iters: 200, epoch: 6 | loss: 0.6368132
	speed: 0.0087s/iter; left time: 402.1735s
	iters: 300, epoch: 6 | loss: 0.6985090
	speed: 0.0086s/iter; left time: 397.5309s
	iters: 400, epoch: 6 | loss: 0.6986626
	speed: 0.0087s/iter; left time: 398.9026s
	iters: 500, epoch: 6 | loss: 0.7175685
	speed: 0.0087s/iter; left time: 397.1593s
	iters: 600, epoch: 6 | loss: 0.7078919
	speed: 0.0087s/iter; left time: 398.8369s
	iters: 700, epoch: 6 | loss: 0.6433790
	speed: 0.0087s/iter; left time: 398.0470s
	iters: 800, epoch: 6 | loss: 0.5986562
	speed: 0.0088s/iter; left time: 400.1776s
	iters: 900, epoch: 6 | loss: 0.6205942
	speed: 0.0087s/iter; left time: 396.5474s
	iters: 1000, epoch: 6 | loss: 0.5893639
	speed: 0.0087s/iter; left time: 393.4145s
Epoch: 6 cost time: 26.805020093917847
Epoch: 6, Steps: 1030 | Train Loss: 0.6460046 Vali Loss: 0.6382700 Vali AUC: 0.7748966
Validation loss decreased (0.642335 --> 0.638270).  Saving model ...
Updating learning rate to 5.095710000000001e-05
	iters: 100, epoch: 7 | loss: 0.6839913
	speed: 0.5063s/iter; left time: 22895.0996s
	iters: 200, epoch: 7 | loss: 0.7470286
	speed: 0.0078s/iter; left time: 352.9360s
	iters: 300, epoch: 7 | loss: 0.6239116
	speed: 0.0078s/iter; left time: 351.6938s
	iters: 400, epoch: 7 | loss: 0.6155497
	speed: 0.0078s/iter; left time: 349.8409s
	iters: 500, epoch: 7 | loss: 0.5532891
	speed: 0.0078s/iter; left time: 348.9748s
	iters: 600, epoch: 7 | loss: 0.6440854
	speed: 0.0078s/iter; left time: 350.2163s
	iters: 700, epoch: 7 | loss: 0.6496426
	speed: 0.0079s/iter; left time: 350.3760s
	iters: 800, epoch: 7 | loss: 0.6283290
	speed: 0.0078s/iter; left time: 348.5495s
	iters: 900, epoch: 7 | loss: 0.6197060
	speed: 0.0078s/iter; left time: 346.2864s
	iters: 1000, epoch: 7 | loss: 0.6552042
	speed: 0.0078s/iter; left time: 347.8143s
Epoch: 7 cost time: 25.778919458389282
Epoch: 7, Steps: 1030 | Train Loss: 0.6437420 Vali Loss: 0.6374890 Vali AUC: 0.7760131
Validation loss decreased (0.638270 --> 0.637489).  Saving model ...
Updating learning rate to 4.586139000000001e-05
	iters: 100, epoch: 8 | loss: 0.6746773
	speed: 0.5031s/iter; left time: 22233.1695s
	iters: 200, epoch: 8 | loss: 0.6173735
	speed: 0.0078s/iter; left time: 341.8041s
	iters: 300, epoch: 8 | loss: 0.6313165
	speed: 0.0078s/iter; left time: 344.6563s
	iters: 400, epoch: 8 | loss: 0.6431146
	speed: 0.0079s/iter; left time: 345.9524s
	iters: 500, epoch: 8 | loss: 0.6760505
	speed: 0.0079s/iter; left time: 345.1468s
	iters: 600, epoch: 8 | loss: 0.6855338
	speed: 0.0078s/iter; left time: 339.4240s
	iters: 700, epoch: 8 | loss: 0.6476832
	speed: 0.0078s/iter; left time: 338.0397s
	iters: 800, epoch: 8 | loss: 0.5836942
	speed: 0.0078s/iter; left time: 338.8849s
	iters: 900, epoch: 8 | loss: 0.7434633
	speed: 0.0078s/iter; left time: 338.0973s
	iters: 1000, epoch: 8 | loss: 0.5804485
	speed: 0.0078s/iter; left time: 339.4230s
Epoch: 8 cost time: 25.877460479736328
Epoch: 8, Steps: 1030 | Train Loss: 0.6421130 Vali Loss: 0.6364085 Vali AUC: 0.7649568
Validation loss decreased (0.637489 --> 0.636408).  Saving model ...
Updating learning rate to 4.127525100000001e-05
	iters: 100, epoch: 9 | loss: 0.5956977
	speed: 0.5042s/iter; left time: 21763.8546s
	iters: 200, epoch: 9 | loss: 0.6044034
	speed: 0.0086s/iter; left time: 371.9847s
	iters: 300, epoch: 9 | loss: 0.6327046
	speed: 0.0087s/iter; left time: 375.0332s
	iters: 400, epoch: 9 | loss: 0.6346478
	speed: 0.0087s/iter; left time: 372.0430s
	iters: 500, epoch: 9 | loss: 0.5766600
	speed: 0.0087s/iter; left time: 370.2051s
	iters: 600, epoch: 9 | loss: 0.5629383
	speed: 0.0087s/iter; left time: 372.5173s
	iters: 700, epoch: 9 | loss: 0.6417798
	speed: 0.0087s/iter; left time: 369.6322s
	iters: 800, epoch: 9 | loss: 0.5942032
	speed: 0.0087s/iter; left time: 369.1950s
	iters: 900, epoch: 9 | loss: 0.6704068
	speed: 0.0088s/iter; left time: 372.5015s
	iters: 1000, epoch: 9 | loss: 0.6463813
	speed: 0.0086s/iter; left time: 363.1580s
Epoch: 9 cost time: 26.72148084640503
Epoch: 9, Steps: 1030 | Train Loss: 0.6390864 Vali Loss: 0.6355127 Vali AUC: 0.7747425
Validation loss decreased (0.636408 --> 0.635513).  Saving model ...
Updating learning rate to 3.71477259e-05
	iters: 100, epoch: 10 | loss: 0.6638469
	speed: 0.5057s/iter; left time: 21306.0807s
	iters: 200, epoch: 10 | loss: 0.6548278
	speed: 0.0085s/iter; left time: 357.2823s
	iters: 300, epoch: 10 | loss: 0.6872107
	speed: 0.0087s/iter; left time: 362.8973s
	iters: 400, epoch: 10 | loss: 0.6609076
	speed: 0.0086s/iter; left time: 358.1076s
	iters: 500, epoch: 10 | loss: 0.7875569
	speed: 0.0085s/iter; left time: 353.3059s
	iters: 600, epoch: 10 | loss: 0.5901223
	speed: 0.0086s/iter; left time: 356.4967s
	iters: 700, epoch: 10 | loss: 0.5999562
	speed: 0.0086s/iter; left time: 357.9729s
	iters: 800, epoch: 10 | loss: 0.6249404
	speed: 0.0086s/iter; left time: 356.1269s
	iters: 900, epoch: 10 | loss: 0.6488857
	speed: 0.0086s/iter; left time: 356.2487s
	iters: 1000, epoch: 10 | loss: 0.5956202
	speed: 0.0085s/iter; left time: 352.2731s
Epoch: 10 cost time: 26.605765104293823
Epoch: 10, Steps: 1030 | Train Loss: 0.6394016 Vali Loss: 0.6349141 Vali AUC: 0.7739298
Validation loss decreased (0.635513 --> 0.634914).  Saving model ...
Updating learning rate to 3.3432953310000006e-05
	iters: 100, epoch: 11 | loss: 0.6470692
	speed: 0.5035s/iter; left time: 20693.7672s
	iters: 200, epoch: 11 | loss: 0.5757608
	speed: 0.0086s/iter; left time: 352.0283s
	iters: 300, epoch: 11 | loss: 0.6106533
	speed: 0.0087s/iter; left time: 356.8375s
	iters: 400, epoch: 11 | loss: 0.7371186
	speed: 0.0087s/iter; left time: 353.8123s
	iters: 500, epoch: 11 | loss: 0.5708865
	speed: 0.0087s/iter; left time: 355.5900s
	iters: 600, epoch: 11 | loss: 0.6396366
	speed: 0.0087s/iter; left time: 352.4562s
	iters: 700, epoch: 11 | loss: 0.5996335
	speed: 0.0086s/iter; left time: 349.2895s
	iters: 800, epoch: 11 | loss: 0.6639786
	speed: 0.0087s/iter; left time: 351.0521s
	iters: 900, epoch: 11 | loss: 0.6127632
	speed: 0.0087s/iter; left time: 352.3430s
	iters: 1000, epoch: 11 | loss: 0.6020901
	speed: 0.0086s/iter; left time: 346.7834s
Epoch: 11 cost time: 26.733787775039673
Epoch: 11, Steps: 1030 | Train Loss: 0.6368828 Vali Loss: 0.6342492 Vali AUC: 0.7728423
Validation loss decreased (0.634914 --> 0.634249).  Saving model ...
Updating learning rate to 3.008965797900001e-05
	iters: 100, epoch: 12 | loss: 0.6683297
	speed: 0.5051s/iter; left time: 20240.1740s
	iters: 200, epoch: 12 | loss: 0.6935489
	speed: 0.0085s/iter; left time: 341.4334s
	iters: 300, epoch: 12 | loss: 0.6142672
	speed: 0.0087s/iter; left time: 347.2700s
	iters: 400, epoch: 12 | loss: 0.5959387
	speed: 0.0082s/iter; left time: 327.6266s
	iters: 500, epoch: 12 | loss: 0.6938511
	speed: 0.0078s/iter; left time: 311.2503s
	iters: 600, epoch: 12 | loss: 0.6612736
	speed: 0.0078s/iter; left time: 310.3024s
	iters: 700, epoch: 12 | loss: 0.6733913
	speed: 0.0079s/iter; left time: 309.9186s
	iters: 800, epoch: 12 | loss: 0.6003879
	speed: 0.0079s/iter; left time: 311.0358s
	iters: 900, epoch: 12 | loss: 0.6628237
	speed: 0.0078s/iter; left time: 305.9995s
	iters: 1000, epoch: 12 | loss: 0.7007782
	speed: 0.0079s/iter; left time: 307.9571s
Epoch: 12 cost time: 26.169047117233276
Epoch: 12, Steps: 1030 | Train Loss: 0.6379142 Vali Loss: 0.6347494 Vali AUC: 0.7737293
EarlyStopping counter: 1 out of 15
Updating learning rate to 2.708069218110001e-05
	iters: 100, epoch: 13 | loss: 0.6323419
	speed: 0.5051s/iter; left time: 19717.8840s
	iters: 200, epoch: 13 | loss: 0.6595284
	speed: 0.0087s/iter; left time: 340.6988s
	iters: 300, epoch: 13 | loss: 0.6457896
	speed: 0.0088s/iter; left time: 340.0213s
	iters: 400, epoch: 13 | loss: 0.5456004
	speed: 0.0087s/iter; left time: 338.8622s
	iters: 500, epoch: 13 | loss: 0.8065040
	speed: 0.0086s/iter; left time: 330.7293s
	iters: 600, epoch: 13 | loss: 0.5774661
	speed: 0.0086s/iter; left time: 330.0994s
	iters: 700, epoch: 13 | loss: 0.6607515
	speed: 0.0087s/iter; left time: 333.6814s
	iters: 800, epoch: 13 | loss: 0.7675717
	speed: 0.0080s/iter; left time: 305.6169s
	iters: 900, epoch: 13 | loss: 0.6361153
	speed: 0.0077s/iter; left time: 293.7434s
	iters: 1000, epoch: 13 | loss: 0.6624207
	speed: 0.0077s/iter; left time: 295.2764s
Epoch: 13 cost time: 26.43825674057007
Epoch: 13, Steps: 1030 | Train Loss: 0.6379608 Vali Loss: 0.6339805 Vali AUC: 0.7761628
Validation loss decreased (0.634249 --> 0.633980).  Saving model ...
Updating learning rate to 2.4372622962990007e-05
	iters: 100, epoch: 14 | loss: 0.6878788
	speed: 0.5054s/iter; left time: 19208.9617s
	iters: 200, epoch: 14 | loss: 0.6481756
	speed: 0.0087s/iter; left time: 328.3392s
	iters: 300, epoch: 14 | loss: 0.6223664
	speed: 0.0086s/iter; left time: 325.0571s
	iters: 400, epoch: 14 | loss: 0.6934518
	speed: 0.0085s/iter; left time: 322.0825s
	iters: 500, epoch: 14 | loss: 0.7774063
	speed: 0.0085s/iter; left time: 321.3702s
	iters: 600, epoch: 14 | loss: 0.7460797
	speed: 0.0087s/iter; left time: 325.2368s
	iters: 700, epoch: 14 | loss: 0.5764557
	speed: 0.0086s/iter; left time: 323.5640s
	iters: 800, epoch: 14 | loss: 0.6728402
	speed: 0.0087s/iter; left time: 324.1900s
	iters: 900, epoch: 14 | loss: 0.5911528
	speed: 0.0088s/iter; left time: 326.7399s
	iters: 1000, epoch: 14 | loss: 0.6504965
	speed: 0.0086s/iter; left time: 320.8673s
Epoch: 14 cost time: 26.75292706489563
Epoch: 14, Steps: 1030 | Train Loss: 0.6353858 Vali Loss: 0.6342544 Vali AUC: 0.7765265
EarlyStopping counter: 1 out of 15
Updating learning rate to 2.1935360666691007e-05
	iters: 100, epoch: 15 | loss: 0.6490338
	speed: 0.5052s/iter; left time: 18681.4933s
	iters: 200, epoch: 15 | loss: 0.7062925
	speed: 0.0078s/iter; left time: 287.3532s
	iters: 300, epoch: 15 | loss: 0.7056444
	speed: 0.0077s/iter; left time: 283.5718s
	iters: 400, epoch: 15 | loss: 0.7683831
	speed: 0.0076s/iter; left time: 279.2777s
	iters: 500, epoch: 15 | loss: 0.6284419
	speed: 0.0077s/iter; left time: 283.2394s
	iters: 600, epoch: 15 | loss: 0.7024863
	speed: 0.0075s/iter; left time: 273.3877s
	iters: 700, epoch: 15 | loss: 0.6577812
	speed: 0.0075s/iter; left time: 271.9251s
	iters: 800, epoch: 15 | loss: 0.6572199
	speed: 0.0077s/iter; left time: 280.6431s
	iters: 900, epoch: 15 | loss: 0.6206859
	speed: 0.0075s/iter; left time: 271.7537s
	iters: 1000, epoch: 15 | loss: 0.7709016
	speed: 0.0077s/iter; left time: 277.9916s
Epoch: 15 cost time: 25.728912115097046
Epoch: 15, Steps: 1030 | Train Loss: 0.6359067 Vali Loss: 0.6340058 Vali AUC: 0.7794905
EarlyStopping counter: 2 out of 15
Updating learning rate to 1.9741824600021908e-05
	iters: 100, epoch: 16 | loss: 0.6209828
	speed: 0.5063s/iter; left time: 18201.2723s
	iters: 200, epoch: 16 | loss: 0.6249348
	speed: 0.0087s/iter; left time: 313.0798s
	iters: 300, epoch: 16 | loss: 0.7587858
	speed: 0.0087s/iter; left time: 311.2780s
	iters: 400, epoch: 16 | loss: 0.4923057
	speed: 0.0087s/iter; left time: 310.4284s
	iters: 500, epoch: 16 | loss: 0.7264167
	speed: 0.0088s/iter; left time: 311.2552s
	iters: 600, epoch: 16 | loss: 0.7030391
	speed: 0.0086s/iter; left time: 306.2439s
	iters: 700, epoch: 16 | loss: 0.6369996
	speed: 0.0087s/iter; left time: 308.6463s
	iters: 800, epoch: 16 | loss: 0.4855542
	speed: 0.0088s/iter; left time: 310.2936s
	iters: 900, epoch: 16 | loss: 0.7186637
	speed: 0.0087s/iter; left time: 306.6427s
	iters: 1000, epoch: 16 | loss: 0.5835751
	speed: 0.0088s/iter; left time: 307.4755s
Epoch: 16 cost time: 26.75680446624756
Epoch: 16, Steps: 1030 | Train Loss: 0.6354062 Vali Loss: 0.6344090 Vali AUC: 0.7745408
EarlyStopping counter: 3 out of 15
Updating learning rate to 1.7767642140019717e-05
	iters: 100, epoch: 17 | loss: 0.5980693
	speed: 0.5065s/iter; left time: 17688.9086s
	iters: 200, epoch: 17 | loss: 0.6428531
	speed: 0.0086s/iter; left time: 300.6900s
	iters: 300, epoch: 17 | loss: 0.7806656
	speed: 0.0085s/iter; left time: 295.5877s
	iters: 400, epoch: 17 | loss: 0.6149471
	speed: 0.0086s/iter; left time: 296.8543s
	iters: 500, epoch: 17 | loss: 0.6158057
	speed: 0.0086s/iter; left time: 297.8010s
	iters: 600, epoch: 17 | loss: 0.6118623
	speed: 0.0085s/iter; left time: 291.8348s
	iters: 700, epoch: 17 | loss: 0.6590304
	speed: 0.0086s/iter; left time: 293.7638s
	iters: 800, epoch: 17 | loss: 0.7267072
	speed: 0.0087s/iter; left time: 297.8268s
	iters: 900, epoch: 17 | loss: 0.6077329
	speed: 0.0086s/iter; left time: 292.6525s
	iters: 1000, epoch: 17 | loss: 0.6837583
	speed: 0.0086s/iter; left time: 292.2293s
Epoch: 17 cost time: 26.70898938179016
Epoch: 17, Steps: 1030 | Train Loss: 0.6363803 Vali Loss: 0.6333668 Vali AUC: 0.7758306
Validation loss decreased (0.633980 --> 0.633367).  Saving model ...
Updating learning rate to 1.5990877926017746e-05
	iters: 100, epoch: 18 | loss: 0.6280609
	speed: 0.5061s/iter; left time: 17152.7444s
	iters: 200, epoch: 18 | loss: 0.6201625
	speed: 0.0088s/iter; left time: 297.9684s
	iters: 300, epoch: 18 | loss: 0.5953463
	speed: 0.0087s/iter; left time: 294.4348s
	iters: 400, epoch: 18 | loss: 0.6300387
	speed: 0.0087s/iter; left time: 293.8895s
	iters: 500, epoch: 18 | loss: 0.6427196
	speed: 0.0088s/iter; left time: 294.1177s
	iters: 600, epoch: 18 | loss: 0.6570547
	speed: 0.0087s/iter; left time: 291.3675s
	iters: 700, epoch: 18 | loss: 0.5510049
	speed: 0.0087s/iter; left time: 290.0013s
	iters: 800, epoch: 18 | loss: 0.6616237
	speed: 0.0088s/iter; left time: 291.1164s
	iters: 900, epoch: 18 | loss: 0.5330055
	speed: 0.0082s/iter; left time: 270.2121s
	iters: 1000, epoch: 18 | loss: 0.7075700
	speed: 0.0078s/iter; left time: 258.5494s
Epoch: 18 cost time: 26.6610746383667
Epoch: 18, Steps: 1030 | Train Loss: 0.6358741 Vali Loss: 0.6329472 Vali AUC: 0.7773752
Validation loss decreased (0.633367 --> 0.632947).  Saving model ...
Updating learning rate to 1.439179013341597e-05
	iters: 100, epoch: 19 | loss: 0.7174314
	speed: 0.5051s/iter; left time: 16598.6338s
	iters: 200, epoch: 19 | loss: 0.6211888
	speed: 0.0086s/iter; left time: 280.4493s
	iters: 300, epoch: 19 | loss: 0.7619562
	speed: 0.0087s/iter; left time: 284.8919s
	iters: 400, epoch: 19 | loss: 0.6266168
	speed: 0.0084s/iter; left time: 274.6167s
	iters: 500, epoch: 19 | loss: 0.6039132
	speed: 0.0079s/iter; left time: 255.0381s
	iters: 600, epoch: 19 | loss: 0.6234623
	speed: 0.0079s/iter; left time: 254.7409s
	iters: 700, epoch: 19 | loss: 0.6169295
	speed: 0.0079s/iter; left time: 253.3139s
	iters: 800, epoch: 19 | loss: 0.6652074
	speed: 0.0078s/iter; left time: 251.9338s
	iters: 900, epoch: 19 | loss: 0.6187001
	speed: 0.0078s/iter; left time: 251.0005s
	iters: 1000, epoch: 19 | loss: 0.6915256
	speed: 0.0079s/iter; left time: 251.6129s
Epoch: 19 cost time: 26.205973386764526
Epoch: 19, Steps: 1030 | Train Loss: 0.6350593 Vali Loss: 0.6336703 Vali AUC: 0.7749567
EarlyStopping counter: 1 out of 15
Updating learning rate to 1.2952611120074375e-05
	iters: 100, epoch: 20 | loss: 0.5269475
	speed: 0.5038s/iter; left time: 16036.6693s
	iters: 200, epoch: 20 | loss: 0.5343837
	speed: 0.0087s/iter; left time: 276.6429s
	iters: 300, epoch: 20 | loss: 0.6611845
	speed: 0.0087s/iter; left time: 274.6025s
	iters: 400, epoch: 20 | loss: 0.6233393
	speed: 0.0088s/iter; left time: 276.9193s
	iters: 500, epoch: 20 | loss: 0.5404874
	speed: 0.0087s/iter; left time: 272.7344s
	iters: 600, epoch: 20 | loss: 0.6109463
	speed: 0.0087s/iter; left time: 272.4303s
	iters: 700, epoch: 20 | loss: 0.5835953
	speed: 0.0087s/iter; left time: 271.6088s
	iters: 800, epoch: 20 | loss: 0.7267498
	speed: 0.0087s/iter; left time: 271.9932s
	iters: 900, epoch: 20 | loss: 0.6529601
	speed: 0.0087s/iter; left time: 269.4225s
	iters: 1000, epoch: 20 | loss: 0.6905316
	speed: 0.0081s/iter; left time: 251.6754s
Epoch: 20 cost time: 26.680654287338257
Epoch: 20, Steps: 1030 | Train Loss: 0.6366227 Vali Loss: 0.6334899 Vali AUC: 0.7748660
EarlyStopping counter: 2 out of 15
Updating learning rate to 1.1657350008066938e-05
	iters: 100, epoch: 21 | loss: 0.7081824
	speed: 0.5051s/iter; left time: 15557.1412s
	iters: 200, epoch: 21 | loss: 0.6699848
	speed: 0.0088s/iter; left time: 270.1244s
	iters: 300, epoch: 21 | loss: 0.5622045
	speed: 0.0087s/iter; left time: 267.4045s
	iters: 400, epoch: 21 | loss: 0.6147205
	speed: 0.0087s/iter; left time: 266.0582s
	iters: 500, epoch: 21 | loss: 0.5996957
	speed: 0.0087s/iter; left time: 265.9886s
	iters: 600, epoch: 21 | loss: 0.6401222
	speed: 0.0086s/iter; left time: 260.2079s
	iters: 700, epoch: 21 | loss: 0.6630852
	speed: 0.0086s/iter; left time: 259.5221s
	iters: 800, epoch: 21 | loss: 0.5921422
	speed: 0.0086s/iter; left time: 258.1533s
	iters: 900, epoch: 21 | loss: 0.5790785
	speed: 0.0086s/iter; left time: 257.0560s
	iters: 1000, epoch: 21 | loss: 0.5975446
	speed: 0.0085s/iter; left time: 255.0581s
Epoch: 21 cost time: 26.71697449684143
Epoch: 21, Steps: 1030 | Train Loss: 0.6351723 Vali Loss: 0.6330111 Vali AUC: 0.7782656
EarlyStopping counter: 3 out of 15
Updating learning rate to 1.0491615007260244e-05
	iters: 100, epoch: 22 | loss: 0.5944152
	speed: 0.5050s/iter; left time: 15034.7022s
	iters: 200, epoch: 22 | loss: 0.6488460
	speed: 0.0086s/iter; left time: 253.9357s
	iters: 300, epoch: 22 | loss: 0.6109761
	speed: 0.0087s/iter; left time: 257.3346s
	iters: 400, epoch: 22 | loss: 0.6414393
	speed: 0.0088s/iter; left time: 258.1829s
	iters: 500, epoch: 22 | loss: 0.8502551
	speed: 0.0087s/iter; left time: 256.4825s
	iters: 600, epoch: 22 | loss: 0.6791192
	speed: 0.0088s/iter; left time: 258.2267s
	iters: 700, epoch: 22 | loss: 0.7218997
	speed: 0.0083s/iter; left time: 243.1729s
	iters: 800, epoch: 22 | loss: 0.6570342
	speed: 0.0076s/iter; left time: 221.9230s
	iters: 900, epoch: 22 | loss: 0.6603169
	speed: 0.0078s/iter; left time: 224.8652s
	iters: 1000, epoch: 22 | loss: 0.7447783
	speed: 0.0077s/iter; left time: 222.6457s
Epoch: 22 cost time: 26.47695541381836
Epoch: 22, Steps: 1030 | Train Loss: 0.6339236 Vali Loss: 0.6329800 Vali AUC: 0.7778631
EarlyStopping counter: 4 out of 15
Updating learning rate to 9.44245350653422e-06
	iters: 100, epoch: 23 | loss: 0.5930956
	speed: 0.5058s/iter; left time: 14537.9100s
	iters: 200, epoch: 23 | loss: 0.6200846
	speed: 0.0087s/iter; left time: 249.7297s
	iters: 300, epoch: 23 | loss: 0.7044876
	speed: 0.0087s/iter; left time: 247.9484s
	iters: 400, epoch: 23 | loss: 0.6467676
	speed: 0.0088s/iter; left time: 249.1134s
	iters: 500, epoch: 23 | loss: 0.7207165
	speed: 0.0084s/iter; left time: 236.8339s
	iters: 600, epoch: 23 | loss: 0.6485468
	speed: 0.0078s/iter; left time: 220.1777s
	iters: 700, epoch: 23 | loss: 0.6397681
	speed: 0.0079s/iter; left time: 221.7998s
	iters: 800, epoch: 23 | loss: 0.6201335
	speed: 0.0079s/iter; left time: 220.1779s
	iters: 900, epoch: 23 | loss: 0.6108014
	speed: 0.0079s/iter; left time: 219.6648s
	iters: 1000, epoch: 23 | loss: 0.7027064
	speed: 0.0079s/iter; left time: 218.9906s
Epoch: 23 cost time: 26.270410776138306
Epoch: 23, Steps: 1030 | Train Loss: 0.6341706 Vali Loss: 0.6327262 Vali AUC: 0.7769280
Validation loss decreased (0.632947 --> 0.632726).  Saving model ...
Updating learning rate to 8.498208155880798e-06
	iters: 100, epoch: 24 | loss: 0.6110775
	speed: 0.5053s/iter; left time: 14003.0023s
	iters: 200, epoch: 24 | loss: 0.5703335
	speed: 0.0085s/iter; left time: 235.7633s
	iters: 300, epoch: 24 | loss: 0.5973409
	speed: 0.0085s/iter; left time: 233.5318s
	iters: 400, epoch: 24 | loss: 0.6861499
	speed: 0.0085s/iter; left time: 233.2451s
	iters: 500, epoch: 24 | loss: 0.5749680
	speed: 0.0086s/iter; left time: 234.4803s
	iters: 600, epoch: 24 | loss: 0.5736733
	speed: 0.0085s/iter; left time: 232.1238s
	iters: 700, epoch: 24 | loss: 0.7158622
	speed: 0.0085s/iter; left time: 230.7168s
	iters: 800, epoch: 24 | loss: 0.6389760
	speed: 0.0086s/iter; left time: 231.7640s
	iters: 900, epoch: 24 | loss: 0.6546358
	speed: 0.0086s/iter; left time: 230.3109s
	iters: 1000, epoch: 24 | loss: 0.5718728
	speed: 0.0086s/iter; left time: 229.4150s
Epoch: 24 cost time: 26.6740243434906
Epoch: 24, Steps: 1030 | Train Loss: 0.6336991 Vali Loss: 0.6334890 Vali AUC: 0.7763818
EarlyStopping counter: 1 out of 15
Updating learning rate to 7.648387340292719e-06
	iters: 100, epoch: 25 | loss: 0.6978611
	speed: 0.5068s/iter; left time: 13521.3656s
	iters: 200, epoch: 25 | loss: 0.6494226
	speed: 0.0087s/iter; left time: 229.9930s
	iters: 300, epoch: 25 | loss: 0.5756875
	speed: 0.0088s/iter; left time: 233.3919s
	iters: 400, epoch: 25 | loss: 0.7568867
	speed: 0.0086s/iter; left time: 227.5285s
	iters: 500, epoch: 25 | loss: 0.6613217
	speed: 0.0088s/iter; left time: 231.4047s
	iters: 600, epoch: 25 | loss: 0.6517605
	speed: 0.0088s/iter; left time: 229.5093s
	iters: 700, epoch: 25 | loss: 0.6032120
	speed: 0.0088s/iter; left time: 228.4674s
	iters: 800, epoch: 25 | loss: 0.6321993
	speed: 0.0087s/iter; left time: 225.8343s
	iters: 900, epoch: 25 | loss: 0.6265281
	speed: 0.0087s/iter; left time: 224.8138s
	iters: 1000, epoch: 25 | loss: 0.6176559
	speed: 0.0087s/iter; left time: 224.2408s
Epoch: 25 cost time: 26.789409399032593
Epoch: 25, Steps: 1030 | Train Loss: 0.6348760 Vali Loss: 0.6332026 Vali AUC: 0.7765168
EarlyStopping counter: 2 out of 15
Updating learning rate to 6.883548606263447e-06
	iters: 100, epoch: 26 | loss: 0.5300930
	speed: 0.5060s/iter; left time: 12978.4695s
	iters: 200, epoch: 26 | loss: 0.6063920
	speed: 0.0086s/iter; left time: 219.7311s
	iters: 300, epoch: 26 | loss: 0.5854498
	speed: 0.0086s/iter; left time: 218.6783s
	iters: 400, epoch: 26 | loss: 0.6841471
	speed: 0.0086s/iter; left time: 217.5834s
	iters: 500, epoch: 26 | loss: 0.6658782
	speed: 0.0086s/iter; left time: 217.1046s
	iters: 600, epoch: 26 | loss: 0.6228784
	speed: 0.0086s/iter; left time: 216.1620s
	iters: 700, epoch: 26 | loss: 0.6414725
	speed: 0.0085s/iter; left time: 213.6047s
	iters: 800, epoch: 26 | loss: 0.5534982
	speed: 0.0086s/iter; left time: 214.6510s
	iters: 900, epoch: 26 | loss: 0.6451319
	speed: 0.0086s/iter; left time: 213.8326s
	iters: 1000, epoch: 26 | loss: 0.6281788
	speed: 0.0085s/iter; left time: 210.7464s
Epoch: 26 cost time: 26.70753788948059
Epoch: 26, Steps: 1030 | Train Loss: 0.6335100 Vali Loss: 0.6335582 Vali AUC: 0.7770211
EarlyStopping counter: 3 out of 15
Updating learning rate to 6.195193745637103e-06
	iters: 100, epoch: 27 | loss: 0.6758580
	speed: 0.5056s/iter; left time: 12448.5163s
	iters: 200, epoch: 27 | loss: 0.6873317
	speed: 0.0086s/iter; left time: 211.4446s
	iters: 300, epoch: 27 | loss: 0.5696410
	speed: 0.0087s/iter; left time: 213.1425s
	iters: 400, epoch: 27 | loss: 0.6688741
	speed: 0.0086s/iter; left time: 210.3324s
	iters: 500, epoch: 27 | loss: 0.7433490
	speed: 0.0086s/iter; left time: 208.6755s
	iters: 600, epoch: 27 | loss: 0.6459752
	speed: 0.0087s/iter; left time: 210.3422s
	iters: 700, epoch: 27 | loss: 0.6295814
	speed: 0.0087s/iter; left time: 209.0121s
	iters: 800, epoch: 27 | loss: 0.7855806
	speed: 0.0086s/iter; left time: 206.2326s
	iters: 900, epoch: 27 | loss: 0.5405475
	speed: 0.0087s/iter; left time: 208.2406s
	iters: 1000, epoch: 27 | loss: 0.6488624
	speed: 0.0088s/iter; left time: 207.7193s
Epoch: 27 cost time: 26.854374408721924
Epoch: 27, Steps: 1030 | Train Loss: 0.6329370 Vali Loss: 0.6332235 Vali AUC: 0.7774384
EarlyStopping counter: 4 out of 15
Updating learning rate to 5.575674371073392e-06
	iters: 100, epoch: 28 | loss: 0.5257031
	speed: 0.5056s/iter; left time: 11926.7291s
	iters: 200, epoch: 28 | loss: 0.6330912
	speed: 0.0079s/iter; left time: 185.6531s
	iters: 300, epoch: 28 | loss: 0.6302007
	speed: 0.0079s/iter; left time: 185.5594s
	iters: 400, epoch: 28 | loss: 0.7563745
	speed: 0.0079s/iter; left time: 183.8114s
	iters: 500, epoch: 28 | loss: 0.5803257
	speed: 0.0079s/iter; left time: 182.3089s
	iters: 600, epoch: 28 | loss: 0.6385527
	speed: 0.0079s/iter; left time: 181.4268s
	iters: 700, epoch: 28 | loss: 0.7628566
	speed: 0.0079s/iter; left time: 181.1023s
	iters: 800, epoch: 28 | loss: 0.5814911
	speed: 0.0079s/iter; left time: 181.3308s
	iters: 900, epoch: 28 | loss: 0.6351813
	speed: 0.0079s/iter; left time: 180.3300s
	iters: 1000, epoch: 28 | loss: 0.6302986
	speed: 0.0079s/iter; left time: 179.4300s
Epoch: 28 cost time: 25.989866495132446
Epoch: 28, Steps: 1030 | Train Loss: 0.6333607 Vali Loss: 0.6331659 Vali AUC: 0.7776214
EarlyStopping counter: 5 out of 15
Updating learning rate to 5.018106933966053e-06
	iters: 100, epoch: 29 | loss: 0.6692599
	speed: 0.5072s/iter; left time: 11443.2951s
	iters: 200, epoch: 29 | loss: 0.6156315
	speed: 0.0086s/iter; left time: 193.8154s
	iters: 300, epoch: 29 | loss: 0.6094024
	speed: 0.0088s/iter; left time: 196.1137s
	iters: 400, epoch: 29 | loss: 0.6157296
	speed: 0.0088s/iter; left time: 195.8069s
	iters: 500, epoch: 29 | loss: 0.5996053
	speed: 0.0087s/iter; left time: 193.5165s
	iters: 600, epoch: 29 | loss: 0.5429271
	speed: 0.0088s/iter; left time: 193.6977s
	iters: 700, epoch: 29 | loss: 0.7924628
	speed: 0.0088s/iter; left time: 193.3188s
	iters: 800, epoch: 29 | loss: 0.6549296
	speed: 0.0087s/iter; left time: 190.6019s
	iters: 900, epoch: 29 | loss: 0.6725438
	speed: 0.0088s/iter; left time: 191.6615s
	iters: 1000, epoch: 29 | loss: 0.7524258
	speed: 0.0088s/iter; left time: 189.8241s
Epoch: 29 cost time: 26.85738515853882
Epoch: 29, Steps: 1030 | Train Loss: 0.6343194 Vali Loss: 0.6330900 Vali AUC: 0.7789767
EarlyStopping counter: 6 out of 15
Updating learning rate to 4.516296240569448e-06
	iters: 100, epoch: 30 | loss: 0.5146748
	speed: 0.5062s/iter; left time: 10898.3357s
	iters: 200, epoch: 30 | loss: 0.6112113
	speed: 0.0087s/iter; left time: 186.1728s
	iters: 300, epoch: 30 | loss: 0.6212708
	speed: 0.0087s/iter; left time: 185.1038s
	iters: 400, epoch: 30 | loss: 0.6763530
	speed: 0.0088s/iter; left time: 186.0923s
	iters: 500, epoch: 30 | loss: 0.5739976
	speed: 0.0087s/iter; left time: 183.7028s
	iters: 600, epoch: 30 | loss: 0.6218098
	speed: 0.0087s/iter; left time: 182.2310s
	iters: 700, epoch: 30 | loss: 0.5889021
	speed: 0.0088s/iter; left time: 183.4569s
	iters: 800, epoch: 30 | loss: 0.5765400
	speed: 0.0087s/iter; left time: 180.4417s
	iters: 900, epoch: 30 | loss: 0.5549666
	speed: 0.0087s/iter; left time: 180.8684s
	iters: 1000, epoch: 30 | loss: 0.6025161
	speed: 0.0087s/iter; left time: 179.8611s
Epoch: 30 cost time: 26.77606987953186
Epoch: 30, Steps: 1030 | Train Loss: 0.6326283 Vali Loss: 0.6332967 Vali AUC: 0.7767675
EarlyStopping counter: 7 out of 15
Updating learning rate to 4.064666616512503e-06
	iters: 100, epoch: 31 | loss: 0.7184197
	speed: 0.5059s/iter; left time: 10371.9273s
	iters: 200, epoch: 31 | loss: 0.6750880
	speed: 0.0086s/iter; left time: 175.3616s
	iters: 300, epoch: 31 | loss: 0.5981961
	speed: 0.0085s/iter; left time: 172.6132s
	iters: 400, epoch: 31 | loss: 0.6226011
	speed: 0.0086s/iter; left time: 173.1070s
	iters: 500, epoch: 31 | loss: 0.6779792
	speed: 0.0085s/iter; left time: 171.0060s
	iters: 600, epoch: 31 | loss: 0.7331221
	speed: 0.0085s/iter; left time: 170.7707s
	iters: 700, epoch: 31 | loss: 0.5764884
	speed: 0.0086s/iter; left time: 170.7128s
	iters: 800, epoch: 31 | loss: 0.6286491
	speed: 0.0088s/iter; left time: 173.8851s
	iters: 900, epoch: 31 | loss: 0.5484220
	speed: 0.0087s/iter; left time: 172.0227s
	iters: 1000, epoch: 31 | loss: 0.5282006
	speed: 0.0088s/iter; left time: 171.7334s
Epoch: 31 cost time: 26.75479531288147
Epoch: 31, Steps: 1030 | Train Loss: 0.6339595 Vali Loss: 0.6323527 Vali AUC: 0.7779237
Validation loss decreased (0.632726 --> 0.632353).  Saving model ...
Updating learning rate to 3.658199954861253e-06
	iters: 100, epoch: 32 | loss: 0.6019968
	speed: 0.5055s/iter; left time: 9843.2395s
	iters: 200, epoch: 32 | loss: 0.6789688
	speed: 0.0087s/iter; left time: 169.3555s
	iters: 300, epoch: 32 | loss: 0.5742044
	speed: 0.0087s/iter; left time: 166.9395s
	iters: 400, epoch: 32 | loss: 0.5873458
	speed: 0.0086s/iter; left time: 165.0901s
	iters: 500, epoch: 32 | loss: 0.6438126
	speed: 0.0083s/iter; left time: 157.8823s
	iters: 600, epoch: 32 | loss: 0.8055838
	speed: 0.0076s/iter; left time: 144.3137s
	iters: 700, epoch: 32 | loss: 0.6474804
	speed: 0.0077s/iter; left time: 144.6886s
	iters: 800, epoch: 32 | loss: 0.5865176
	speed: 0.0078s/iter; left time: 146.8294s
	iters: 900, epoch: 32 | loss: 0.6341274
	speed: 0.0078s/iter; left time: 145.6600s
	iters: 1000, epoch: 32 | loss: 0.6402743
	speed: 0.0078s/iter; left time: 144.1336s
Epoch: 32 cost time: 26.21079134941101
Epoch: 32, Steps: 1030 | Train Loss: 0.6328795 Vali Loss: 0.6328150 Vali AUC: 0.7767624
EarlyStopping counter: 1 out of 15
Updating learning rate to 3.292379959375128e-06
	iters: 100, epoch: 33 | loss: 0.5960848
	speed: 0.5061s/iter; left time: 9332.0782s
	iters: 200, epoch: 33 | loss: 0.6013932
	speed: 0.0079s/iter; left time: 144.0008s
	iters: 300, epoch: 33 | loss: 0.6799936
	speed: 0.0078s/iter; left time: 143.0932s
	iters: 400, epoch: 33 | loss: 0.7500069
	speed: 0.0079s/iter; left time: 142.7427s
	iters: 500, epoch: 33 | loss: 0.6025891
	speed: 0.0079s/iter; left time: 142.4068s
	iters: 600, epoch: 33 | loss: 0.7085927
	speed: 0.0079s/iter; left time: 141.2555s
	iters: 700, epoch: 33 | loss: 0.7495152
	speed: 0.0078s/iter; left time: 139.1510s
	iters: 800, epoch: 33 | loss: 0.6633247
	speed: 0.0079s/iter; left time: 139.3150s
	iters: 900, epoch: 33 | loss: 0.6510425
	speed: 0.0079s/iter; left time: 139.5976s
	iters: 1000, epoch: 33 | loss: 0.6509262
	speed: 0.0079s/iter; left time: 138.2346s
Epoch: 33 cost time: 25.925309896469116
Epoch: 33, Steps: 1030 | Train Loss: 0.6338446 Vali Loss: 0.6326883 Vali AUC: 0.7775030
EarlyStopping counter: 2 out of 15
Updating learning rate to 2.9631419634376153e-06
	iters: 100, epoch: 34 | loss: 0.6168770
	speed: 0.5063s/iter; left time: 8815.8134s
	iters: 200, epoch: 34 | loss: 0.6091725
	speed: 0.0087s/iter; left time: 149.8879s
	iters: 300, epoch: 34 | loss: 0.6196026
	speed: 0.0086s/iter; left time: 147.2988s
	iters: 400, epoch: 34 | loss: 0.5548136
	speed: 0.0086s/iter; left time: 146.9964s
	iters: 500, epoch: 34 | loss: 0.6030264
	speed: 0.0088s/iter; left time: 149.0687s
	iters: 600, epoch: 34 | loss: 0.5894797
	speed: 0.0087s/iter; left time: 146.9238s
	iters: 700, epoch: 34 | loss: 0.5873288
	speed: 0.0087s/iter; left time: 147.0583s
	iters: 800, epoch: 34 | loss: 0.5912113
	speed: 0.0087s/iter; left time: 146.1139s
	iters: 900, epoch: 34 | loss: 0.6170236
	speed: 0.0087s/iter; left time: 143.7613s
	iters: 1000, epoch: 34 | loss: 0.6067505
	speed: 0.0087s/iter; left time: 143.7039s
Epoch: 34 cost time: 26.915811777114868
Epoch: 34, Steps: 1030 | Train Loss: 0.6330927 Vali Loss: 0.6328154 Vali AUC: 0.7781886
EarlyStopping counter: 3 out of 15
Updating learning rate to 2.666827767093854e-06
	iters: 100, epoch: 35 | loss: 0.6588310
	speed: 0.5070s/iter; left time: 8304.6690s
	iters: 200, epoch: 35 | loss: 0.6518930
	speed: 0.0087s/iter; left time: 141.2794s
	iters: 300, epoch: 35 | loss: 0.6520065
	speed: 0.0086s/iter; left time: 138.8718s
	iters: 400, epoch: 35 | loss: 0.6807289
	speed: 0.0088s/iter; left time: 140.9410s
	iters: 500, epoch: 35 | loss: 0.6754426
	speed: 0.0087s/iter; left time: 139.7936s
	iters: 600, epoch: 35 | loss: 0.6578395
	speed: 0.0087s/iter; left time: 138.1189s
	iters: 700, epoch: 35 | loss: 0.6739005
	speed: 0.0087s/iter; left time: 137.3898s
	iters: 800, epoch: 35 | loss: 0.5419343
	speed: 0.0086s/iter; left time: 135.0484s
	iters: 900, epoch: 35 | loss: 0.6369421
	speed: 0.0086s/iter; left time: 133.2439s
	iters: 1000, epoch: 35 | loss: 0.6031704
	speed: 0.0086s/iter; left time: 133.5705s
Epoch: 35 cost time: 26.77183198928833
Epoch: 35, Steps: 1030 | Train Loss: 0.6317946 Vali Loss: 0.6329637 Vali AUC: 0.7776225
EarlyStopping counter: 4 out of 15
Updating learning rate to 2.4001449903844683e-06
	iters: 100, epoch: 36 | loss: 0.6411964
	speed: 0.5089s/iter; left time: 7812.1102s
	iters: 200, epoch: 36 | loss: 0.5206854
	speed: 0.0086s/iter; left time: 131.4846s
	iters: 300, epoch: 36 | loss: 0.5680375
	speed: 0.0087s/iter; left time: 131.2834s
	iters: 400, epoch: 36 | loss: 0.6541340
	speed: 0.0087s/iter; left time: 131.0250s
	iters: 500, epoch: 36 | loss: 0.5149680
	speed: 0.0086s/iter; left time: 128.5572s
	iters: 600, epoch: 36 | loss: 0.6077735
	speed: 0.0086s/iter; left time: 128.3662s
	iters: 700, epoch: 36 | loss: 0.5741924
	speed: 0.0087s/iter; left time: 127.9336s
	iters: 800, epoch: 36 | loss: 0.5975482
	speed: 0.0086s/iter; left time: 126.1912s
	iters: 900, epoch: 36 | loss: 0.7474396
	speed: 0.0086s/iter; left time: 125.4266s
	iters: 1000, epoch: 36 | loss: 0.5856423
	speed: 0.0087s/iter; left time: 125.6305s
Epoch: 36 cost time: 26.827794551849365
Epoch: 36, Steps: 1030 | Train Loss: 0.6321507 Vali Loss: 0.6328236 Vali AUC: 0.7786279
EarlyStopping counter: 5 out of 15
Updating learning rate to 2.1601304913460215e-06
	iters: 100, epoch: 37 | loss: 0.6668805
	speed: 0.5074s/iter; left time: 7266.1465s
	iters: 200, epoch: 37 | loss: 0.6334915
	speed: 0.0085s/iter; left time: 120.4290s
	iters: 300, epoch: 37 | loss: 0.6633335
	speed: 0.0085s/iter; left time: 120.4856s
	iters: 400, epoch: 37 | loss: 0.5977086
	speed: 0.0085s/iter; left time: 119.0569s
	iters: 500, epoch: 37 | loss: 0.5183778
	speed: 0.0084s/iter; left time: 116.6397s
	iters: 600, epoch: 37 | loss: 0.7004033
	speed: 0.0085s/iter; left time: 117.5959s
	iters: 700, epoch: 37 | loss: 0.6515165
	speed: 0.0085s/iter; left time: 116.8010s
	iters: 800, epoch: 37 | loss: 0.5134844
	speed: 0.0085s/iter; left time: 115.2006s
	iters: 900, epoch: 37 | loss: 0.6656588
	speed: 0.0085s/iter; left time: 114.5221s
	iters: 1000, epoch: 37 | loss: 0.6260427
	speed: 0.0085s/iter; left time: 114.3690s
Epoch: 37 cost time: 26.631654024124146
Epoch: 37, Steps: 1030 | Train Loss: 0.6329468 Vali Loss: 0.6328553 Vali AUC: 0.7781365
EarlyStopping counter: 6 out of 15
Updating learning rate to 1.9441174422114195e-06
	iters: 100, epoch: 38 | loss: 0.6211521
	speed: 0.5074s/iter; left time: 6743.6394s
	iters: 200, epoch: 38 | loss: 0.7199252
	speed: 0.0086s/iter; left time: 112.9676s
	iters: 300, epoch: 38 | loss: 0.6589376
	speed: 0.0086s/iter; left time: 112.9896s
	iters: 400, epoch: 38 | loss: 0.5755818
	speed: 0.0087s/iter; left time: 112.5636s
	iters: 500, epoch: 38 | loss: 0.6093850
	speed: 0.0086s/iter; left time: 110.7802s
	iters: 600, epoch: 38 | loss: 0.6032981
	speed: 0.0086s/iter; left time: 110.4268s
	iters: 700, epoch: 38 | loss: 0.6259219
	speed: 0.0087s/iter; left time: 109.9147s
	iters: 800, epoch: 38 | loss: 0.6388690
	speed: 0.0086s/iter; left time: 108.1019s
	iters: 900, epoch: 38 | loss: 0.6497892
	speed: 0.0086s/iter; left time: 107.4264s
	iters: 1000, epoch: 38 | loss: 0.5928489
	speed: 0.0087s/iter; left time: 107.4808s
Epoch: 38 cost time: 26.777209520339966
Epoch: 38, Steps: 1030 | Train Loss: 0.6317822 Vali Loss: 0.6331323 Vali AUC: 0.7774988
EarlyStopping counter: 7 out of 15
Updating learning rate to 1.7497056979902774e-06
	iters: 100, epoch: 39 | loss: 0.6079289
	speed: 0.5076s/iter; left time: 6223.5454s
	iters: 200, epoch: 39 | loss: 0.6501880
	speed: 0.0087s/iter; left time: 106.3829s
	iters: 300, epoch: 39 | loss: 0.7110218
	speed: 0.0088s/iter; left time: 105.5612s
	iters: 400, epoch: 39 | loss: 0.7118711
	speed: 0.0088s/iter; left time: 105.0852s
	iters: 500, epoch: 39 | loss: 0.5888844
	speed: 0.0087s/iter; left time: 102.9746s
	iters: 600, epoch: 39 | loss: 0.6853769
	speed: 0.0087s/iter; left time: 102.8237s
	iters: 700, epoch: 39 | loss: 0.6433247
	speed: 0.0088s/iter; left time: 102.3529s
	iters: 800, epoch: 39 | loss: 0.6768208
	speed: 0.0087s/iter; left time: 100.5830s
	iters: 900, epoch: 39 | loss: 0.5583711
	speed: 0.0087s/iter; left time: 99.9901s
	iters: 1000, epoch: 39 | loss: 0.6071690
	speed: 0.0088s/iter; left time: 99.6992s
Epoch: 39 cost time: 26.87885069847107
Epoch: 39, Steps: 1030 | Train Loss: 0.6333847 Vali Loss: 0.6324868 Vali AUC: 0.7788040
EarlyStopping counter: 8 out of 15
Updating learning rate to 1.57473512819125e-06
	iters: 100, epoch: 40 | loss: 0.5767415
	speed: 0.5064s/iter; left time: 5687.0567s
	iters: 200, epoch: 40 | loss: 0.6357427
	speed: 0.0088s/iter; left time: 97.6035s
	iters: 300, epoch: 40 | loss: 0.6047672
	speed: 0.0087s/iter; left time: 96.4374s
	iters: 400, epoch: 40 | loss: 0.5310234
	speed: 0.0087s/iter; left time: 95.2969s
	iters: 500, epoch: 40 | loss: 0.6646081
	speed: 0.0087s/iter; left time: 94.6552s
	iters: 600, epoch: 40 | loss: 0.6960552
	speed: 0.0088s/iter; left time: 94.0288s
	iters: 700, epoch: 40 | loss: 0.7271513
	speed: 0.0087s/iter; left time: 92.8987s
	iters: 800, epoch: 40 | loss: 0.6438078
	speed: 0.0088s/iter; left time: 92.2407s
	iters: 900, epoch: 40 | loss: 0.6309087
	speed: 0.0088s/iter; left time: 91.7249s
	iters: 1000, epoch: 40 | loss: 0.6575469
	speed: 0.0087s/iter; left time: 90.2655s
Epoch: 40 cost time: 26.87820076942444
Epoch: 40, Steps: 1030 | Train Loss: 0.6329803 Vali Loss: 0.6325000 Vali AUC: 0.7783350
EarlyStopping counter: 9 out of 15
Updating learning rate to 1.4172616153721248e-06
	iters: 100, epoch: 41 | loss: 0.6273037
	speed: 0.5066s/iter; left time: 5168.3312s
	iters: 200, epoch: 41 | loss: 0.6579468
	speed: 0.0086s/iter; left time: 87.2614s
	iters: 300, epoch: 41 | loss: 0.6825447
	speed: 0.0086s/iter; left time: 85.6128s
	iters: 400, epoch: 41 | loss: 0.7536201
	speed: 0.0087s/iter; left time: 85.9523s
	iters: 500, epoch: 41 | loss: 0.6950051
	speed: 0.0087s/iter; left time: 84.9066s
	iters: 600, epoch: 41 | loss: 0.5277555
	speed: 0.0087s/iter; left time: 84.2632s
	iters: 700, epoch: 41 | loss: 0.7146593
	speed: 0.0087s/iter; left time: 83.9247s
	iters: 800, epoch: 41 | loss: 0.5364969
	speed: 0.0087s/iter; left time: 82.6351s
	iters: 900, epoch: 41 | loss: 0.6475345
	speed: 0.0087s/iter; left time: 82.1129s
	iters: 1000, epoch: 41 | loss: 0.5870902
	speed: 0.0087s/iter; left time: 81.1799s
Epoch: 41 cost time: 26.855230808258057
Epoch: 41, Steps: 1030 | Train Loss: 0.6313775 Vali Loss: 0.6325083 Vali AUC: 0.7781427
EarlyStopping counter: 10 out of 15
Updating learning rate to 1.2755354538349124e-06
	iters: 100, epoch: 42 | loss: 0.6469691
	speed: 0.5063s/iter; left time: 4643.6918s
	iters: 200, epoch: 42 | loss: 0.7410930
	speed: 0.0087s/iter; left time: 78.7367s
	iters: 300, epoch: 42 | loss: 0.6514423
	speed: 0.0087s/iter; left time: 77.9715s
	iters: 400, epoch: 42 | loss: 0.6103693
	speed: 0.0087s/iter; left time: 76.8097s
	iters: 500, epoch: 42 | loss: 0.5796342
	speed: 0.0086s/iter; left time: 75.8117s
	iters: 600, epoch: 42 | loss: 0.6173593
	speed: 0.0087s/iter; left time: 75.4373s
	iters: 700, epoch: 42 | loss: 0.6540555
	speed: 0.0086s/iter; left time: 74.0347s
	iters: 800, epoch: 42 | loss: 0.6551950
	speed: 0.0087s/iter; left time: 73.4610s
	iters: 900, epoch: 42 | loss: 0.5508747
	speed: 0.0086s/iter; left time: 72.3159s
	iters: 1000, epoch: 42 | loss: 0.7544742
	speed: 0.0087s/iter; left time: 71.7738s
Epoch: 42 cost time: 26.79703974723816
Epoch: 42, Steps: 1030 | Train Loss: 0.6327902 Vali Loss: 0.6324623 Vali AUC: 0.7786635
EarlyStopping counter: 11 out of 15
Updating learning rate to 1.1479819084514212e-06
	iters: 100, epoch: 43 | loss: 0.6590109
	speed: 0.5079s/iter; left time: 4134.9169s
	iters: 200, epoch: 43 | loss: 0.6059550
	speed: 0.0087s/iter; left time: 69.9630s
	iters: 300, epoch: 43 | loss: 0.5218819
	speed: 0.0087s/iter; left time: 69.2764s
	iters: 400, epoch: 43 | loss: 0.5978806
	speed: 0.0087s/iter; left time: 68.2652s
	iters: 500, epoch: 43 | loss: 0.6166418
	speed: 0.0087s/iter; left time: 67.1113s
	iters: 600, epoch: 43 | loss: 0.5658236
	speed: 0.0079s/iter; left time: 60.4729s
	iters: 700, epoch: 43 | loss: 0.6189091
	speed: 0.0079s/iter; left time: 59.2958s
	iters: 800, epoch: 43 | loss: 0.5598625
	speed: 0.0078s/iter; left time: 58.3832s
	iters: 900, epoch: 43 | loss: 0.5305377
	speed: 0.0079s/iter; left time: 58.0736s
	iters: 1000, epoch: 43 | loss: 0.6108304
	speed: 0.0079s/iter; left time: 57.1455s
Epoch: 43 cost time: 26.416757106781006
Epoch: 43, Steps: 1030 | Train Loss: 0.6327130 Vali Loss: 0.6323750 Vali AUC: 0.7787972
EarlyStopping counter: 12 out of 15
Updating learning rate to 1.0331837176062791e-06
	iters: 100, epoch: 44 | loss: 0.5988077
	speed: 0.5067s/iter; left time: 3603.4581s
	iters: 200, epoch: 44 | loss: 0.6743263
	speed: 0.0079s/iter; left time: 55.0937s
	iters: 300, epoch: 44 | loss: 0.6259258
	speed: 0.0079s/iter; left time: 54.5518s
	iters: 400, epoch: 44 | loss: 0.6431070
	speed: 0.0079s/iter; left time: 53.6229s
	iters: 500, epoch: 44 | loss: 0.5536039
	speed: 0.0079s/iter; left time: 52.9694s
	iters: 600, epoch: 44 | loss: 0.6318721
	speed: 0.0079s/iter; left time: 52.0364s
	iters: 700, epoch: 44 | loss: 0.5860199
	speed: 0.0078s/iter; left time: 51.0250s
	iters: 800, epoch: 44 | loss: 0.5866402
	speed: 0.0078s/iter; left time: 50.2320s
	iters: 900, epoch: 44 | loss: 0.6189184
	speed: 0.0079s/iter; left time: 49.8739s
	iters: 1000, epoch: 44 | loss: 0.5518566
	speed: 0.0079s/iter; left time: 48.7610s
Epoch: 44 cost time: 25.97076940536499
Epoch: 44, Steps: 1030 | Train Loss: 0.6322723 Vali Loss: 0.6331256 Vali AUC: 0.7772454
EarlyStopping counter: 13 out of 15
Updating learning rate to 9.298653458456512e-07
	iters: 100, epoch: 45 | loss: 0.6023554
	speed: 0.5070s/iter; left time: 3083.2212s
	iters: 200, epoch: 45 | loss: 0.6280242
	speed: 0.0086s/iter; left time: 51.6808s
	iters: 300, epoch: 45 | loss: 0.5773424
	speed: 0.0087s/iter; left time: 51.0361s
	iters: 400, epoch: 45 | loss: 0.6223449
	speed: 0.0087s/iter; left time: 50.5368s
	iters: 500, epoch: 45 | loss: 0.6852940
	speed: 0.0088s/iter; left time: 49.7224s
	iters: 600, epoch: 45 | loss: 0.6526647
	speed: 0.0087s/iter; left time: 48.5324s
	iters: 700, epoch: 45 | loss: 0.6824627
	speed: 0.0086s/iter; left time: 47.3104s
	iters: 800, epoch: 45 | loss: 0.6904259
	speed: 0.0088s/iter; left time: 47.3538s
	iters: 900, epoch: 45 | loss: 0.5273348
	speed: 0.0087s/iter; left time: 45.8895s
	iters: 1000, epoch: 45 | loss: 0.6337090
	speed: 0.0087s/iter; left time: 45.0235s
Epoch: 45 cost time: 26.81380581855774
Epoch: 45, Steps: 1030 | Train Loss: 0.6314363 Vali Loss: 0.6331066 Vali AUC: 0.7779074
EarlyStopping counter: 14 out of 15
Updating learning rate to 8.368788112610861e-07
	iters: 100, epoch: 46 | loss: 0.6351846
	speed: 0.5104s/iter; left time: 2577.9196s
	iters: 200, epoch: 46 | loss: 0.5526665
	speed: 0.0086s/iter; left time: 42.7157s
	iters: 300, epoch: 46 | loss: 0.7047777
	speed: 0.0087s/iter; left time: 42.3837s
	iters: 400, epoch: 46 | loss: 0.5558159
	speed: 0.0087s/iter; left time: 41.1150s
	iters: 500, epoch: 46 | loss: 0.6626402
	speed: 0.0081s/iter; left time: 37.7031s
	iters: 600, epoch: 46 | loss: 0.5985214
	speed: 0.0079s/iter; left time: 35.9596s
	iters: 700, epoch: 46 | loss: 0.6666117
	speed: 0.0079s/iter; left time: 34.9495s
	iters: 800, epoch: 46 | loss: 0.7077428
	speed: 0.0078s/iter; left time: 34.1204s
	iters: 900, epoch: 46 | loss: 0.6362367
	speed: 0.0079s/iter; left time: 33.5442s
	iters: 1000, epoch: 46 | loss: 0.5900048
	speed: 0.0079s/iter; left time: 32.8057s
Epoch: 46 cost time: 26.27308964729309
Epoch: 46, Steps: 1030 | Train Loss: 0.6327242 Vali Loss: 0.6334475 Vali AUC: 0.7778725
EarlyStopping counter: 15 out of 15
Early stopping
>>>>>>>testing : ctg_960_PatchTST_CTG_sl960_nc2_dm128_nh8_el4_df128_fc1_Exp<<<<<<<<<<<<<<<<<<<<<<<<<<<<<<<<<
Dataset saved to ./jResults/20240911 1135
test set size: 4118
accuracy:0.7202525497814473, precision:0.8411131059245961, recall:0.49006276150627615, f1:0.6192994051553206, auc:0.7779236781011847
