Args in experiment:
Namespace(activation='gelu', affine=0, batch_size=64, c_out=1, checkpoints='./checkpoints/ctg', d_ff=256, d_layers=1, d_model=128, data='CTG', data_path='X.npy', dec_in=2, decomposition=0, des='Exp', devices='0,1,2,3', distil=True, do_predict=False, dropout=0.4, e_layers=3, embed='timeF', embed_type=0, enc_in=2, factor=1, fc_dropout=0.2, features='M', freq='h', gpu=0, head_dropout=0.0, individual=0, is_training=1, itr=1, kernel_size=25, learning_rate=5e-05, loss='cross_entropy', lradj='type3', model='PatchTST', model_id='ctg_960', moving_avg=25, n_heads=16, num_classes=2, num_workers=10, output_attention=False, padding_patch='end', patch_len=16, patience=30, pct_start=0.3, random_seed=2021, revin=1, root_path='./dataset/', seq_len=960, stride=8, subtract_last=0, target='OT', test_flop=False, train_epochs=200, use_amp=False, use_gpu=True, use_multi_gpu=False)
Use GPU: cuda:0
>>>>>>>start training : ctg_960_PatchTST_CTG_sl960_nc2_dm128_nh16_el3_df256_fc1_Exp>>>>>>>>>>>>>>>>>>>>>>>>>>
train set size: 16471
val set size: 4118
test set size: 4118
	iters: 100, epoch: 1 | loss: 0.6994058
	speed: 0.2745s/iter; left time: 14084.0838s
	iters: 200, epoch: 1 | loss: 0.6929777
	speed: 0.0248s/iter; left time: 1272.3436s
Epoch: 1 cost time: 33.183934688568115
Epoch: 1, Steps: 257 | Train Loss: 0.6929495 Vali Loss: 0.6931360 Test Loss: 0.6931360
Validation loss decreased (inf --> 0.693136).  Saving model ...
Updating learning rate to 5e-05
	iters: 100, epoch: 2 | loss: 0.6931470
	speed: 0.7659s/iter; left time: 39094.7180s
	iters: 200, epoch: 2 | loss: 0.6931472
	speed: 0.0249s/iter; left time: 1270.7209s
Epoch: 2 cost time: 32.75066137313843
Epoch: 2, Steps: 257 | Train Loss: 0.6931223 Vali Loss: 0.6931471 Test Loss: 0.6931471
EarlyStopping counter: 1 out of 30
Updating learning rate to 5e-05
	iters: 100, epoch: 3 | loss: 0.6931472
	speed: 0.7633s/iter; left time: 38765.2578s
	iters: 200, epoch: 3 | loss: 0.6931472
	speed: 0.0250s/iter; left time: 1268.5574s
Epoch: 3 cost time: 32.685593366622925
Epoch: 3, Steps: 257 | Train Loss: 0.6931190 Vali Loss: 0.6931468 Test Loss: 0.6931468
EarlyStopping counter: 2 out of 30
Updating learning rate to 5e-05
	iters: 100, epoch: 4 | loss: 0.6931472
	speed: 0.7698s/iter; left time: 38898.5987s
	iters: 200, epoch: 4 | loss: 0.6931472
	speed: 0.0250s/iter; left time: 1261.1213s
Epoch: 4 cost time: 32.89127540588379
Epoch: 4, Steps: 257 | Train Loss: 0.6931379 Vali Loss: 0.6931467 Test Loss: 0.6931467
EarlyStopping counter: 3 out of 30
Updating learning rate to 4.5e-05
	iters: 100, epoch: 5 | loss: 0.6931472
	speed: 0.7662s/iter; left time: 38519.6714s
	iters: 200, epoch: 5 | loss: 0.6931472
	speed: 0.0250s/iter; left time: 1255.9422s
Epoch: 5 cost time: 32.768224239349365
Epoch: 5, Steps: 257 | Train Loss: 0.6931215 Vali Loss: 0.6931471 Test Loss: 0.6931471
EarlyStopping counter: 4 out of 30
Updating learning rate to 4.05e-05
	iters: 100, epoch: 6 | loss: 0.6931472
	speed: 0.7695s/iter; left time: 38488.1475s
	iters: 200, epoch: 6 | loss: 0.6931472
	speed: 0.0251s/iter; left time: 1250.4508s
Epoch: 6 cost time: 32.83066010475159
Epoch: 6, Steps: 257 | Train Loss: 0.6931006 Vali Loss: 0.6931468 Test Loss: 0.6931468
EarlyStopping counter: 5 out of 30
Updating learning rate to 3.6450000000000005e-05
	iters: 100, epoch: 7 | loss: 0.6931472
	speed: 0.7657s/iter; left time: 38100.2519s
	iters: 200, epoch: 7 | loss: 0.6931472
	speed: 0.0251s/iter; left time: 1244.6371s
Epoch: 7 cost time: 32.846434354782104
Epoch: 7, Steps: 257 | Train Loss: 0.6930986 Vali Loss: 0.6931470 Test Loss: 0.6931470
EarlyStopping counter: 6 out of 30
Updating learning rate to 3.2805e-05
	iters: 100, epoch: 8 | loss: 0.6931472
	speed: 0.7675s/iter; left time: 37992.6187s
	iters: 200, epoch: 8 | loss: 0.6931461
	speed: 0.0251s/iter; left time: 1239.1575s
Epoch: 8 cost time: 32.80330562591553
Epoch: 8, Steps: 257 | Train Loss: 0.6929382 Vali Loss: 0.6931460 Test Loss: 0.6931460
EarlyStopping counter: 7 out of 30
Updating learning rate to 2.9524500000000005e-05
	iters: 100, epoch: 9 | loss: 0.6931407
	speed: 0.7683s/iter; left time: 37836.8102s
	iters: 200, epoch: 9 | loss: 0.6931472
	speed: 0.0251s/iter; left time: 1235.3897s
Epoch: 9 cost time: 32.79857635498047
Epoch: 9, Steps: 257 | Train Loss: 0.6930557 Vali Loss: 0.6931291 Test Loss: 0.6931291
Validation loss decreased (0.693136 --> 0.693129).  Saving model ...
Updating learning rate to 2.6572050000000003e-05
	iters: 100, epoch: 10 | loss: 0.6931468
	speed: 0.7697s/iter; left time: 37705.3278s
	iters: 200, epoch: 10 | loss: 0.6993002
	speed: 0.0251s/iter; left time: 1227.6823s
Epoch: 10 cost time: 32.861263036727905
Epoch: 10, Steps: 257 | Train Loss: 0.6920070 Vali Loss: 0.6920284 Test Loss: 0.6920284
Validation loss decreased (0.693129 --> 0.692028).  Saving model ...
Updating learning rate to 2.3914845000000007e-05
	iters: 100, epoch: 11 | loss: 0.6746646
	speed: 0.7664s/iter; left time: 37348.1105s
	iters: 200, epoch: 11 | loss: 0.6833251
	speed: 0.0252s/iter; left time: 1225.1589s
Epoch: 11 cost time: 32.8532612323761
Epoch: 11, Steps: 257 | Train Loss: 0.6875421 Vali Loss: 0.6867284 Test Loss: 0.6867284
Validation loss decreased (0.692028 --> 0.686728).  Saving model ...
Updating learning rate to 2.1523360500000007e-05
	iters: 100, epoch: 12 | loss: 0.6970348
	speed: 0.7691s/iter; left time: 37282.8596s
	iters: 200, epoch: 12 | loss: 0.6842992
	speed: 0.0251s/iter; left time: 1214.8380s
Epoch: 12 cost time: 32.9515655040741
Epoch: 12, Steps: 257 | Train Loss: 0.6843364 Vali Loss: 0.6802950 Test Loss: 0.6802950
Validation loss decreased (0.686728 --> 0.680295).  Saving model ...
Updating learning rate to 1.9371024450000006e-05
	iters: 100, epoch: 13 | loss: 0.7015829
	speed: 0.7702s/iter; left time: 37138.1020s
	iters: 200, epoch: 13 | loss: 0.6646231
	speed: 0.0251s/iter; left time: 1205.3595s
Epoch: 13 cost time: 32.86282706260681
Epoch: 13, Steps: 257 | Train Loss: 0.6809396 Vali Loss: 0.6827993 Test Loss: 0.6827993
EarlyStopping counter: 1 out of 30
Updating learning rate to 1.7433922005000004e-05
	iters: 100, epoch: 14 | loss: 0.6629409
	speed: 0.7734s/iter; left time: 37091.6044s
	iters: 200, epoch: 14 | loss: 0.6968717
	speed: 0.0251s/iter; left time: 1201.6670s
Epoch: 14 cost time: 33.09820628166199
Epoch: 14, Steps: 257 | Train Loss: 0.6803867 Vali Loss: 0.6768530 Test Loss: 0.6768530
Validation loss decreased (0.680295 --> 0.676853).  Saving model ...
Updating learning rate to 1.5690529804500005e-05
	iters: 100, epoch: 15 | loss: 0.6638274
	speed: 0.7730s/iter; left time: 36876.3407s
	iters: 200, epoch: 15 | loss: 0.6968439
	speed: 0.0251s/iter; left time: 1193.1271s
Epoch: 15 cost time: 33.00207304954529
Epoch: 15, Steps: 257 | Train Loss: 0.6789970 Vali Loss: 0.6768668 Test Loss: 0.6768668
EarlyStopping counter: 1 out of 30
Updating learning rate to 1.4121476824050005e-05
	iters: 100, epoch: 16 | loss: 0.6650289
	speed: 0.7692s/iter; left time: 36495.6741s
	iters: 200, epoch: 16 | loss: 0.6641253
	speed: 0.0251s/iter; left time: 1189.9820s
Epoch: 16 cost time: 32.84434103965759
Epoch: 16, Steps: 257 | Train Loss: 0.6783738 Vali Loss: 0.6819268 Test Loss: 0.6819268
EarlyStopping counter: 2 out of 30
Updating learning rate to 1.2709329141645005e-05
	iters: 100, epoch: 17 | loss: 0.6444261
	speed: 0.7718s/iter; left time: 36418.3275s
	iters: 200, epoch: 17 | loss: 0.6881398
	speed: 0.0251s/iter; left time: 1183.4436s
Epoch: 17 cost time: 32.93460988998413
Epoch: 17, Steps: 257 | Train Loss: 0.6776939 Vali Loss: 0.6763665 Test Loss: 0.6763665
Validation loss decreased (0.676853 --> 0.676366).  Saving model ...
Updating learning rate to 1.1438396227480504e-05
	iters: 100, epoch: 18 | loss: 0.6755338
	speed: 0.7718s/iter; left time: 36220.8520s
	iters: 200, epoch: 18 | loss: 0.6752872
	speed: 0.0251s/iter; left time: 1175.8133s
Epoch: 18 cost time: 32.88688898086548
Epoch: 18, Steps: 257 | Train Loss: 0.6770051 Vali Loss: 0.6778928 Test Loss: 0.6778928
EarlyStopping counter: 1 out of 30
Updating learning rate to 1.0294556604732453e-05
	iters: 100, epoch: 19 | loss: 0.7070193
	speed: 0.7710s/iter; left time: 35987.6853s
	iters: 200, epoch: 19 | loss: 0.7143928
	speed: 0.0251s/iter; left time: 1170.2881s
Epoch: 19 cost time: 32.991501808166504
Epoch: 19, Steps: 257 | Train Loss: 0.6748220 Vali Loss: 0.6740315 Test Loss: 0.6740315
Validation loss decreased (0.676366 --> 0.674031).  Saving model ...
Updating learning rate to 9.265100944259208e-06
	iters: 100, epoch: 20 | loss: 0.6820995
	speed: 0.7712s/iter; left time: 35797.9361s
	iters: 200, epoch: 20 | loss: 0.6683083
	speed: 0.0251s/iter; left time: 1161.3982s
Epoch: 20 cost time: 32.87922430038452
Epoch: 20, Steps: 257 | Train Loss: 0.6720286 Vali Loss: 0.6763229 Test Loss: 0.6763229
EarlyStopping counter: 1 out of 30
Updating learning rate to 8.338590849833288e-06
	iters: 100, epoch: 21 | loss: 0.6622682
	speed: 0.7723s/iter; left time: 35650.8505s
	iters: 200, epoch: 21 | loss: 0.6611491
	speed: 0.0251s/iter; left time: 1157.1500s
Epoch: 21 cost time: 32.99898886680603
Epoch: 21, Steps: 257 | Train Loss: 0.6691119 Vali Loss: 0.6709849 Test Loss: 0.6709849
Validation loss decreased (0.674031 --> 0.670985).  Saving model ...
Updating learning rate to 7.504731764849959e-06
	iters: 100, epoch: 22 | loss: 0.6646613
	speed: 0.7713s/iter; left time: 35407.1249s
	iters: 200, epoch: 22 | loss: 0.6674340
	speed: 0.0251s/iter; left time: 1151.0467s
Epoch: 22 cost time: 32.828202962875366
Epoch: 22, Steps: 257 | Train Loss: 0.6657433 Vali Loss: 0.6688899 Test Loss: 0.6688899
Validation loss decreased (0.670985 --> 0.668890).  Saving model ...
Updating learning rate to 6.7542585883649645e-06
	iters: 100, epoch: 23 | loss: 0.6676164
	speed: 0.7703s/iter; left time: 35160.8540s
	iters: 200, epoch: 23 | loss: 0.6749679
	speed: 0.0251s/iter; left time: 1145.4290s
Epoch: 23 cost time: 32.95026612281799
Epoch: 23, Steps: 257 | Train Loss: 0.6644766 Vali Loss: 0.6630741 Test Loss: 0.6630741
Validation loss decreased (0.668890 --> 0.663074).  Saving model ...
Updating learning rate to 6.078832729528468e-06
	iters: 100, epoch: 24 | loss: 0.6629185
	speed: 0.7730s/iter; left time: 35086.3667s
	iters: 200, epoch: 24 | loss: 0.6489577
	speed: 0.0251s/iter; left time: 1136.2784s
Epoch: 24 cost time: 33.026795864105225
Epoch: 24, Steps: 257 | Train Loss: 0.6631448 Vali Loss: 0.6650875 Test Loss: 0.6650875
EarlyStopping counter: 1 out of 30
Updating learning rate to 5.470949456575621e-06
	iters: 100, epoch: 25 | loss: 0.6759649
	speed: 0.7742s/iter; left time: 34942.9453s
	iters: 200, epoch: 25 | loss: 0.6332328
	speed: 0.0251s/iter; left time: 1130.3514s
Epoch: 25 cost time: 33.033047914505005
Epoch: 25, Steps: 257 | Train Loss: 0.6634518 Vali Loss: 0.6610146 Test Loss: 0.6610146
Validation loss decreased (0.663074 --> 0.661015).  Saving model ...
Updating learning rate to 4.923854510918059e-06
	iters: 100, epoch: 26 | loss: 0.6767230
	speed: 0.7703s/iter; left time: 34569.9538s
	iters: 200, epoch: 26 | loss: 0.6495023
	speed: 0.0251s/iter; left time: 1125.1988s
Epoch: 26 cost time: 32.84497594833374
Epoch: 26, Steps: 257 | Train Loss: 0.6616426 Vali Loss: 0.6650758 Test Loss: 0.6650758
EarlyStopping counter: 1 out of 30
Updating learning rate to 4.431469059826254e-06
	iters: 100, epoch: 27 | loss: 0.6680492
	speed: 0.7737s/iter; left time: 34521.6838s
	iters: 200, epoch: 27 | loss: 0.6859246
	speed: 0.0251s/iter; left time: 1117.3365s
Epoch: 27 cost time: 33.001280307769775
Epoch: 27, Steps: 257 | Train Loss: 0.6611927 Vali Loss: 0.6634788 Test Loss: 0.6634788
EarlyStopping counter: 2 out of 30
Updating learning rate to 3.988322153843628e-06
	iters: 100, epoch: 28 | loss: 0.6677157
	speed: 0.7712s/iter; left time: 34210.6464s
	iters: 200, epoch: 28 | loss: 0.6532020
	speed: 0.0251s/iter; left time: 1113.0659s
Epoch: 28 cost time: 32.94531488418579
Epoch: 28, Steps: 257 | Train Loss: 0.6620252 Vali Loss: 0.6643598 Test Loss: 0.6643598
EarlyStopping counter: 3 out of 30
Updating learning rate to 3.5894899384592653e-06
	iters: 100, epoch: 29 | loss: 0.6270010
	speed: 0.7716s/iter; left time: 34033.4158s
	iters: 200, epoch: 29 | loss: 0.6407145
	speed: 0.0252s/iter; left time: 1107.4637s
Epoch: 29 cost time: 33.05515742301941
Epoch: 29, Steps: 257 | Train Loss: 0.6617034 Vali Loss: 0.6632584 Test Loss: 0.6632584
EarlyStopping counter: 4 out of 30
Updating learning rate to 3.2305409446133388e-06
	iters: 100, epoch: 30 | loss: 0.6781720
	speed: 0.7709s/iter; left time: 33800.8839s
	iters: 200, epoch: 30 | loss: 0.6533936
	speed: 0.0251s/iter; left time: 1096.8833s
Epoch: 30 cost time: 32.96640348434448
Epoch: 30, Steps: 257 | Train Loss: 0.6608017 Vali Loss: 0.6639807 Test Loss: 0.6639807
EarlyStopping counter: 5 out of 30
Updating learning rate to 2.9074868501520048e-06
	iters: 100, epoch: 31 | loss: 0.6419431
	speed: 0.7716s/iter; left time: 33634.6838s
	iters: 200, epoch: 31 | loss: 0.6584313
	speed: 0.0251s/iter; left time: 1093.4092s
Epoch: 31 cost time: 33.02185034751892
Epoch: 31, Steps: 257 | Train Loss: 0.6613877 Vali Loss: 0.6631313 Test Loss: 0.6631313
EarlyStopping counter: 6 out of 30
Updating learning rate to 2.616738165136805e-06
	iters: 100, epoch: 32 | loss: 0.6429968
	speed: 0.7718s/iter; left time: 33444.8637s
	iters: 200, epoch: 32 | loss: 0.6580205
	speed: 0.0251s/iter; left time: 1084.2350s
Epoch: 32 cost time: 32.96203804016113
Epoch: 32, Steps: 257 | Train Loss: 0.6603786 Vali Loss: 0.6626506 Test Loss: 0.6626506
EarlyStopping counter: 7 out of 30
Updating learning rate to 2.3550643486231244e-06
	iters: 100, epoch: 33 | loss: 0.6709595
	speed: 0.7742s/iter; left time: 33349.5500s
	iters: 200, epoch: 33 | loss: 0.6827703
	speed: 0.0251s/iter; left time: 1078.1198s
Epoch: 33 cost time: 33.06472396850586
Epoch: 33, Steps: 257 | Train Loss: 0.6606294 Vali Loss: 0.6630343 Test Loss: 0.6630343
EarlyStopping counter: 8 out of 30
Updating learning rate to 2.119557913760812e-06
	iters: 100, epoch: 34 | loss: 0.6537535
	speed: 0.7710s/iter; left time: 33015.6881s
	iters: 200, epoch: 34 | loss: 0.6838305
	speed: 0.0252s/iter; left time: 1074.7700s
Epoch: 34 cost time: 32.99418830871582
Epoch: 34, Steps: 257 | Train Loss: 0.6588257 Vali Loss: 0.6626081 Test Loss: 0.6626081
EarlyStopping counter: 9 out of 30
Updating learning rate to 1.907602122384731e-06
	iters: 100, epoch: 35 | loss: 0.6705629
	speed: 0.7750s/iter; left time: 32985.0241s
	iters: 200, epoch: 35 | loss: 0.6463843
	speed: 0.0252s/iter; left time: 1070.1950s
Epoch: 35 cost time: 33.08097171783447
Epoch: 35, Steps: 257 | Train Loss: 0.6595009 Vali Loss: 0.6631908 Test Loss: 0.6631908
EarlyStopping counter: 10 out of 30
Updating learning rate to 1.7168419101462576e-06
	iters: 100, epoch: 36 | loss: 0.6190435
	speed: 0.7756s/iter; left time: 32813.4770s
	iters: 200, epoch: 36 | loss: 0.6337909
	speed: 0.0251s/iter; left time: 1057.9342s
Epoch: 36 cost time: 33.06594634056091
Epoch: 36, Steps: 257 | Train Loss: 0.6602297 Vali Loss: 0.6611549 Test Loss: 0.6611549
EarlyStopping counter: 11 out of 30
Updating learning rate to 1.545157719131632e-06
	iters: 100, epoch: 37 | loss: 0.6736671
	speed: 0.7726s/iter; left time: 32485.0562s
	iters: 200, epoch: 37 | loss: 0.6381516
	speed: 0.0251s/iter; left time: 1054.7469s
Epoch: 37 cost time: 33.140833616256714
Epoch: 37, Steps: 257 | Train Loss: 0.6585862 Vali Loss: 0.6627955 Test Loss: 0.6627955
EarlyStopping counter: 12 out of 30
Updating learning rate to 1.3906419472184687e-06
	iters: 100, epoch: 38 | loss: 0.6344420
	speed: 0.7732s/iter; left time: 32315.4916s
	iters: 200, epoch: 38 | loss: 0.6478732
	speed: 0.0251s/iter; left time: 1047.4484s
Epoch: 38 cost time: 33.126134634017944
Epoch: 38, Steps: 257 | Train Loss: 0.6597123 Vali Loss: 0.6632088 Test Loss: 0.6632088
EarlyStopping counter: 13 out of 30
Updating learning rate to 1.251577752496622e-06
	iters: 100, epoch: 39 | loss: 0.6447558
	speed: 0.7734s/iter; left time: 32121.3724s
	iters: 200, epoch: 39 | loss: 0.6481825
	speed: 0.0251s/iter; left time: 1040.9398s
Epoch: 39 cost time: 33.061909437179565
Epoch: 39, Steps: 257 | Train Loss: 0.6594348 Vali Loss: 0.6624758 Test Loss: 0.6624758
EarlyStopping counter: 14 out of 30
Updating learning rate to 1.1264199772469597e-06
	iters: 100, epoch: 40 | loss: 0.6731293
	speed: 0.7727s/iter; left time: 31893.7918s
	iters: 200, epoch: 40 | loss: 0.6922104
	speed: 0.0251s/iter; left time: 1034.9612s
Epoch: 40 cost time: 32.9766960144043
Epoch: 40, Steps: 257 | Train Loss: 0.6594153 Vali Loss: 0.6622984 Test Loss: 0.6622984
EarlyStopping counter: 15 out of 30
Updating learning rate to 1.0137779795222638e-06
	iters: 100, epoch: 41 | loss: 0.6597586
	speed: 0.7717s/iter; left time: 31655.7592s
	iters: 200, epoch: 41 | loss: 0.6667551
	speed: 0.0251s/iter; left time: 1027.1036s
Epoch: 41 cost time: 33.071733713150024
Epoch: 41, Steps: 257 | Train Loss: 0.6599412 Vali Loss: 0.6617099 Test Loss: 0.6617099
EarlyStopping counter: 16 out of 30
Updating learning rate to 9.124001815700376e-07
	iters: 100, epoch: 42 | loss: 0.6709861
	speed: 0.7720s/iter; left time: 31471.4339s
	iters: 200, epoch: 42 | loss: 0.6745230
	speed: 0.0251s/iter; left time: 1020.4654s
Epoch: 42 cost time: 33.06065607070923
Epoch: 42, Steps: 257 | Train Loss: 0.6592636 Vali Loss: 0.6606475 Test Loss: 0.6606475
Validation loss decreased (0.661015 --> 0.660647).  Saving model ...
Updating learning rate to 8.211601634130338e-07
	iters: 100, epoch: 43 | loss: 0.6730494
	speed: 0.7745s/iter; left time: 31370.6661s
	iters: 200, epoch: 43 | loss: 0.6715787
	speed: 0.0251s/iter; left time: 1015.3691s
Epoch: 43 cost time: 33.10545015335083
Epoch: 43, Steps: 257 | Train Loss: 0.6597426 Vali Loss: 0.6622038 Test Loss: 0.6622038
EarlyStopping counter: 1 out of 30
Updating learning rate to 7.390441470717304e-07
	iters: 100, epoch: 44 | loss: 0.6482102
	speed: 0.7727s/iter; left time: 31100.4200s
	iters: 200, epoch: 44 | loss: 0.6482534
	speed: 0.0251s/iter; left time: 1008.2039s
Epoch: 44 cost time: 33.09391260147095
Epoch: 44, Steps: 257 | Train Loss: 0.6589051 Vali Loss: 0.6623425 Test Loss: 0.6623425
EarlyStopping counter: 2 out of 30
Updating learning rate to 6.651397323645573e-07
	iters: 100, epoch: 45 | loss: 0.6391059
	speed: 0.7740s/iter; left time: 30953.7888s
	iters: 200, epoch: 45 | loss: 0.6602875
	speed: 0.0252s/iter; left time: 1004.8761s
Epoch: 45 cost time: 33.00414681434631
Epoch: 45, Steps: 257 | Train Loss: 0.6589095 Vali Loss: 0.6606619 Test Loss: 0.6606619
EarlyStopping counter: 3 out of 30
Updating learning rate to 5.986257591281017e-07
	iters: 100, epoch: 46 | loss: 0.6384293
	speed: 0.7712s/iter; left time: 30643.8784s
	iters: 200, epoch: 46 | loss: 0.6405847
	speed: 0.0251s/iter; left time: 996.3440s
Epoch: 46 cost time: 33.01490020751953
Epoch: 46, Steps: 257 | Train Loss: 0.6605054 Vali Loss: 0.6614395 Test Loss: 0.6614395
EarlyStopping counter: 4 out of 30
Updating learning rate to 5.387631832152915e-07
	iters: 100, epoch: 47 | loss: 0.6945902
	speed: 0.7738s/iter; left time: 30549.0258s
	iters: 200, epoch: 47 | loss: 0.6379439
	speed: 0.0251s/iter; left time: 988.1690s
Epoch: 47 cost time: 33.093663692474365
Epoch: 47, Steps: 257 | Train Loss: 0.6598156 Vali Loss: 0.6627066 Test Loss: 0.6627066
EarlyStopping counter: 5 out of 30
Updating learning rate to 4.848868648937624e-07
	iters: 100, epoch: 48 | loss: 0.6527761
	speed: 0.7729s/iter; left time: 30315.2125s
	iters: 200, epoch: 48 | loss: 0.6552831
	speed: 0.0251s/iter; left time: 982.5221s
Epoch: 48 cost time: 32.99549674987793
Epoch: 48, Steps: 257 | Train Loss: 0.6583646 Vali Loss: 0.6621869 Test Loss: 0.6621869
EarlyStopping counter: 6 out of 30
Updating learning rate to 4.3639817840438615e-07
	iters: 100, epoch: 49 | loss: 0.6813853
	speed: 0.7726s/iter; left time: 30102.7157s
	iters: 200, epoch: 49 | loss: 0.6751227
	speed: 0.0251s/iter; left time: 975.9295s
Epoch: 49 cost time: 32.99779534339905
Epoch: 49, Steps: 257 | Train Loss: 0.6583069 Vali Loss: 0.6610352 Test Loss: 0.6610352
EarlyStopping counter: 7 out of 30
Updating learning rate to 3.9275836056394756e-07
	iters: 100, epoch: 50 | loss: 0.6594211
	speed: 0.7733s/iter; left time: 29932.3734s
	iters: 200, epoch: 50 | loss: 0.6201172
	speed: 0.0251s/iter; left time: 968.4316s
Epoch: 50 cost time: 33.11594295501709
Epoch: 50, Steps: 257 | Train Loss: 0.6593326 Vali Loss: 0.6605200 Test Loss: 0.6605200
Validation loss decreased (0.660647 --> 0.660520).  Saving model ...
Updating learning rate to 3.534825245075528e-07
	iters: 100, epoch: 51 | loss: 0.6764103
	speed: 0.7777s/iter; left time: 29902.9765s
	iters: 200, epoch: 51 | loss: 0.6479790
	speed: 0.0252s/iter; left time: 965.3036s
Epoch: 51 cost time: 33.220550537109375
Epoch: 51, Steps: 257 | Train Loss: 0.6594547 Vali Loss: 0.6606953 Test Loss: 0.6606953
EarlyStopping counter: 1 out of 30
Updating learning rate to 3.181342720567975e-07
	iters: 100, epoch: 52 | loss: 0.6469063
	speed: 0.7758s/iter; left time: 29630.3680s
	iters: 200, epoch: 52 | loss: 0.6351328
	speed: 0.0252s/iter; left time: 959.4199s
Epoch: 52 cost time: 33.1048846244812
Epoch: 52, Steps: 257 | Train Loss: 0.6593269 Vali Loss: 0.6603751 Test Loss: 0.6603751
Validation loss decreased (0.660520 --> 0.660375).  Saving model ...
Updating learning rate to 2.8632084485111774e-07
	iters: 100, epoch: 53 | loss: 0.6816504
	speed: 0.7745s/iter; left time: 29380.3495s
	iters: 200, epoch: 53 | loss: 0.6622396
	speed: 0.0251s/iter; left time: 950.6590s
Epoch: 53 cost time: 33.02917957305908
Epoch: 53, Steps: 257 | Train Loss: 0.6594007 Vali Loss: 0.6611502 Test Loss: 0.6611502
EarlyStopping counter: 1 out of 30
Updating learning rate to 2.57688760366006e-07
	iters: 100, epoch: 54 | loss: 0.6329615
	speed: 0.7734s/iter; left time: 29141.2194s
	iters: 200, epoch: 54 | loss: 0.6781158
	speed: 0.0252s/iter; left time: 945.6821s
Epoch: 54 cost time: 33.094826459884644
Epoch: 54, Steps: 257 | Train Loss: 0.6583961 Vali Loss: 0.6606135 Test Loss: 0.6606135
EarlyStopping counter: 2 out of 30
Updating learning rate to 2.3191988432940543e-07
	iters: 100, epoch: 55 | loss: 0.6497864
	speed: 0.7741s/iter; left time: 28969.4343s
	iters: 200, epoch: 55 | loss: 0.6815624
	speed: 0.0252s/iter; left time: 942.0426s
Epoch: 55 cost time: 33.110225677490234
Epoch: 55, Steps: 257 | Train Loss: 0.6587853 Vali Loss: 0.6603786 Test Loss: 0.6603786
EarlyStopping counter: 3 out of 30
Updating learning rate to 2.087278958964649e-07
	iters: 100, epoch: 56 | loss: 0.6500956
	speed: 0.7754s/iter; left time: 28818.1051s
	iters: 200, epoch: 56 | loss: 0.6303571
	speed: 0.0251s/iter; left time: 931.5684s
Epoch: 56 cost time: 33.10834050178528
Epoch: 56, Steps: 257 | Train Loss: 0.6588795 Vali Loss: 0.6606603 Test Loss: 0.6606603
EarlyStopping counter: 4 out of 30
Updating learning rate to 1.8785510630681839e-07
	iters: 100, epoch: 57 | loss: 0.6434786
	speed: 0.7740s/iter; left time: 28568.3478s
	iters: 200, epoch: 57 | loss: 0.6828209
	speed: 0.0252s/iter; left time: 927.3865s
Epoch: 57 cost time: 32.96153998374939
Epoch: 57, Steps: 257 | Train Loss: 0.6591747 Vali Loss: 0.6615525 Test Loss: 0.6615525
EarlyStopping counter: 5 out of 30
Updating learning rate to 1.6906959567613654e-07
	iters: 100, epoch: 58 | loss: 0.6286387
	speed: 0.7715s/iter; left time: 28277.3001s
	iters: 200, epoch: 58 | loss: 0.6890966
	speed: 0.0252s/iter; left time: 919.4985s
Epoch: 58 cost time: 33.1128613948822
Epoch: 58, Steps: 257 | Train Loss: 0.6595268 Vali Loss: 0.6606204 Test Loss: 0.6606204
EarlyStopping counter: 6 out of 30
Updating learning rate to 1.521626361085229e-07
	iters: 100, epoch: 59 | loss: 0.6595932
	speed: 0.7743s/iter; left time: 28180.4692s
	iters: 200, epoch: 59 | loss: 0.6754749
	speed: 0.0251s/iter; left time: 912.6388s
Epoch: 59 cost time: 32.988720417022705
Epoch: 59, Steps: 257 | Train Loss: 0.6584979 Vali Loss: 0.6610773 Test Loss: 0.6610773
EarlyStopping counter: 7 out of 30
Updating learning rate to 1.3694637249767062e-07
	iters: 100, epoch: 60 | loss: 0.6272856
	speed: 0.7749s/iter; left time: 28003.9875s
	iters: 200, epoch: 60 | loss: 0.6970071
	speed: 0.0251s/iter; left time: 905.9588s
Epoch: 60 cost time: 33.03719210624695
Epoch: 60, Steps: 257 | Train Loss: 0.6584486 Vali Loss: 0.6606384 Test Loss: 0.6606384
EarlyStopping counter: 8 out of 30
Updating learning rate to 1.2325173524790356e-07
	iters: 100, epoch: 61 | loss: 0.6905788
	speed: 0.7757s/iter; left time: 27834.6429s
	iters: 200, epoch: 61 | loss: 0.6911897
	speed: 0.0252s/iter; left time: 900.0331s
Epoch: 61 cost time: 33.09442925453186
Epoch: 61, Steps: 257 | Train Loss: 0.6585458 Vali Loss: 0.6610786 Test Loss: 0.6610786
EarlyStopping counter: 9 out of 30
Updating learning rate to 1.109265617231132e-07
	iters: 100, epoch: 62 | loss: 0.6828521
	speed: 0.7713s/iter; left time: 27477.9959s
	iters: 200, epoch: 62 | loss: 0.6310811
	speed: 0.0252s/iter; left time: 893.9069s
Epoch: 62 cost time: 32.91211795806885
Epoch: 62, Steps: 257 | Train Loss: 0.6586048 Vali Loss: 0.6623382 Test Loss: 0.6623382
EarlyStopping counter: 10 out of 30
Updating learning rate to 9.983390555080188e-08
	iters: 100, epoch: 63 | loss: 0.6472168
	speed: 0.7752s/iter; left time: 27417.9792s
	iters: 200, epoch: 63 | loss: 0.6940272
	speed: 0.0251s/iter; left time: 885.8980s
Epoch: 63 cost time: 33.096672773361206
Epoch: 63, Steps: 257 | Train Loss: 0.6586127 Vali Loss: 0.6611065 Test Loss: 0.6611065
EarlyStopping counter: 11 out of 30
Updating learning rate to 8.98505149957217e-08
	iters: 100, epoch: 64 | loss: 0.6578087
	speed: 0.7735s/iter; left time: 27159.2891s
	iters: 200, epoch: 64 | loss: 0.6697081
	speed: 0.0251s/iter; left time: 879.5340s
Epoch: 64 cost time: 33.10784888267517
Epoch: 64, Steps: 257 | Train Loss: 0.6595318 Vali Loss: 0.6605794 Test Loss: 0.6605794
EarlyStopping counter: 12 out of 30
Updating learning rate to 8.086546349614954e-08
	iters: 100, epoch: 65 | loss: 0.6579739
	speed: 0.7768s/iter; left time: 27075.5438s
	iters: 200, epoch: 65 | loss: 0.6859207
	speed: 0.0252s/iter; left time: 874.1622s
Epoch: 65 cost time: 33.16368651390076
Epoch: 65, Steps: 257 | Train Loss: 0.6579376 Vali Loss: 0.6614098 Test Loss: 0.6614098
EarlyStopping counter: 13 out of 30
Updating learning rate to 7.277891714653458e-08
	iters: 100, epoch: 66 | loss: 0.6499371
	speed: 0.7733s/iter; left time: 26751.5706s
	iters: 200, epoch: 66 | loss: 0.6537696
	speed: 0.0250s/iter; left time: 863.7908s
Epoch: 66 cost time: 33.058428049087524
Epoch: 66, Steps: 257 | Train Loss: 0.6587756 Vali Loss: 0.6608535 Test Loss: 0.6608535
EarlyStopping counter: 14 out of 30
Updating learning rate to 6.550102543188112e-08
	iters: 100, epoch: 67 | loss: 0.6578546
	speed: 0.7764s/iter; left time: 26662.1471s
	iters: 200, epoch: 67 | loss: 0.6163077
	speed: 0.0252s/iter; left time: 863.5094s
Epoch: 67 cost time: 33.15584444999695
Epoch: 67, Steps: 257 | Train Loss: 0.6585745 Vali Loss: 0.6605092 Test Loss: 0.6605092
EarlyStopping counter: 15 out of 30
Updating learning rate to 5.8950922888693017e-08
	iters: 100, epoch: 68 | loss: 0.6654564
	speed: 0.7757s/iter; left time: 26437.2383s
	iters: 200, epoch: 68 | loss: 0.6392449
	speed: 0.0251s/iter; left time: 854.3748s
Epoch: 68 cost time: 33.10441493988037
Epoch: 68, Steps: 257 | Train Loss: 0.6595955 Vali Loss: 0.6612979 Test Loss: 0.6612979
EarlyStopping counter: 16 out of 30
Updating learning rate to 5.305583059982371e-08
	iters: 100, epoch: 69 | loss: 0.6551641
	speed: 0.7758s/iter; left time: 26241.7451s
	iters: 200, epoch: 69 | loss: 0.6502898
	speed: 0.0252s/iter; left time: 849.1750s
Epoch: 69 cost time: 33.13029146194458
Epoch: 69, Steps: 257 | Train Loss: 0.6582742 Vali Loss: 0.6607553 Test Loss: 0.6607553
EarlyStopping counter: 17 out of 30
Updating learning rate to 4.775024753984134e-08
	iters: 100, epoch: 70 | loss: 0.6485450
	speed: 0.7736s/iter; left time: 25968.8295s
	iters: 200, epoch: 70 | loss: 0.6272427
	speed: 0.0250s/iter; left time: 838.0018s
Epoch: 70 cost time: 33.06952118873596
Epoch: 70, Steps: 257 | Train Loss: 0.6589929 Vali Loss: 0.6616818 Test Loss: 0.6616818
EarlyStopping counter: 18 out of 30
Updating learning rate to 4.297522278585721e-08
	iters: 100, epoch: 71 | loss: 0.6332797
	speed: 0.7757s/iter; left time: 25839.5985s
	iters: 200, epoch: 71 | loss: 0.6711914
	speed: 0.0252s/iter; left time: 836.3081s
Epoch: 71 cost time: 33.1033399105072
Epoch: 71, Steps: 257 | Train Loss: 0.6580614 Vali Loss: 0.6611441 Test Loss: 0.6611441
EarlyStopping counter: 19 out of 30
Updating learning rate to 3.867770050727149e-08
	iters: 100, epoch: 72 | loss: 0.7012111
	speed: 0.7765s/iter; left time: 25667.6097s
	iters: 200, epoch: 72 | loss: 0.6388445
	speed: 0.0251s/iter; left time: 828.1583s
Epoch: 72 cost time: 33.11327123641968
Epoch: 72, Steps: 257 | Train Loss: 0.6583357 Vali Loss: 0.6610476 Test Loss: 0.6610476
EarlyStopping counter: 20 out of 30
Updating learning rate to 3.480993045654434e-08
	iters: 100, epoch: 73 | loss: 0.6676732
	speed: 0.7753s/iter; left time: 25427.8051s
	iters: 200, epoch: 73 | loss: 0.6637478
	speed: 0.0252s/iter; left time: 822.9927s
Epoch: 73 cost time: 33.11765646934509
Epoch: 73, Steps: 257 | Train Loss: 0.6583951 Vali Loss: 0.6605871 Test Loss: 0.6605871
EarlyStopping counter: 21 out of 30
Updating learning rate to 3.1328937410889904e-08
	iters: 100, epoch: 74 | loss: 0.6686692
	speed: 0.7745s/iter; left time: 25202.1971s
	iters: 200, epoch: 74 | loss: 0.6375930
	speed: 0.0251s/iter; left time: 814.9316s
Epoch: 74 cost time: 33.13165307044983
Epoch: 74, Steps: 257 | Train Loss: 0.6594170 Vali Loss: 0.6611237 Test Loss: 0.6611237
EarlyStopping counter: 22 out of 30
Updating learning rate to 2.819604366980092e-08
	iters: 100, epoch: 75 | loss: 0.6636722
	speed: 0.7742s/iter; left time: 24993.3220s
	iters: 200, epoch: 75 | loss: 0.6635754
	speed: 0.0251s/iter; left time: 808.8569s
Epoch: 75 cost time: 32.98815846443176
Epoch: 75, Steps: 257 | Train Loss: 0.6598650 Vali Loss: 0.6608842 Test Loss: 0.6608842
EarlyStopping counter: 23 out of 30
Updating learning rate to 2.5376439302820826e-08
	iters: 100, epoch: 76 | loss: 0.6420603
	speed: 0.7765s/iter; left time: 24867.0099s
	iters: 200, epoch: 76 | loss: 0.6911880
	speed: 0.0251s/iter; left time: 800.2615s
Epoch: 76 cost time: 33.214694023132324
Epoch: 76, Steps: 257 | Train Loss: 0.6601488 Vali Loss: 0.6617115 Test Loss: 0.6617115
EarlyStopping counter: 24 out of 30
Updating learning rate to 2.2838795372538746e-08
	iters: 100, epoch: 77 | loss: 0.6569166
	speed: 0.7744s/iter; left time: 24603.4503s
	iters: 200, epoch: 77 | loss: 0.6438864
	speed: 0.0251s/iter; left time: 795.2538s
Epoch: 77 cost time: 32.937291622161865
Epoch: 77, Steps: 257 | Train Loss: 0.6593397 Vali Loss: 0.6612227 Test Loss: 0.6612227
EarlyStopping counter: 25 out of 30
Updating learning rate to 2.0554915835284872e-08
	iters: 100, epoch: 78 | loss: 0.6696131
	speed: 0.7751s/iter; left time: 24423.4661s
	iters: 200, epoch: 78 | loss: 0.6729934
	speed: 0.0251s/iter; left time: 788.2293s
Epoch: 78 cost time: 33.12768340110779
Epoch: 78, Steps: 257 | Train Loss: 0.6597421 Vali Loss: 0.6618888 Test Loss: 0.6618888
EarlyStopping counter: 26 out of 30
Updating learning rate to 1.8499424251756382e-08
	iters: 100, epoch: 79 | loss: 0.7113880
	speed: 0.7742s/iter; left time: 24198.6627s
	iters: 200, epoch: 79 | loss: 0.6415699
	speed: 0.0252s/iter; left time: 785.8686s
Epoch: 79 cost time: 33.05966854095459
Epoch: 79, Steps: 257 | Train Loss: 0.6584850 Vali Loss: 0.6615088 Test Loss: 0.6615088
EarlyStopping counter: 27 out of 30
Updating learning rate to 1.6649481826580748e-08
	iters: 100, epoch: 80 | loss: 0.6556211
	speed: 0.7766s/iter; left time: 24072.9326s
	iters: 200, epoch: 80 | loss: 0.6710547
	speed: 0.0251s/iter; left time: 776.3904s
Epoch: 80 cost time: 33.11115908622742
Epoch: 80, Steps: 257 | Train Loss: 0.6588674 Vali Loss: 0.6602567 Test Loss: 0.6602567
Validation loss decreased (0.660375 --> 0.660257).  Saving model ...
Updating learning rate to 1.498453364392267e-08
	iters: 100, epoch: 81 | loss: 0.7131172
	speed: 0.7764s/iter; left time: 23866.0928s
	iters: 200, epoch: 81 | loss: 0.6531615
	speed: 0.0251s/iter; left time: 770.2254s
Epoch: 81 cost time: 33.08110189437866
Epoch: 81, Steps: 257 | Train Loss: 0.6588286 Vali Loss: 0.6612206 Test Loss: 0.6612206
EarlyStopping counter: 1 out of 30
Updating learning rate to 1.3486080279530405e-08
	iters: 100, epoch: 82 | loss: 0.6051577
	speed: 0.7768s/iter; left time: 23680.5870s
	iters: 200, epoch: 82 | loss: 0.6553501
	speed: 0.0251s/iter; left time: 763.5680s
Epoch: 82 cost time: 33.27227997779846
Epoch: 82, Steps: 257 | Train Loss: 0.6593992 Vali Loss: 0.6611699 Test Loss: 0.6611699
EarlyStopping counter: 2 out of 30
Updating learning rate to 1.2137472251577365e-08
	iters: 100, epoch: 83 | loss: 0.6347654
	speed: 0.7779s/iter; left time: 23513.0427s
	iters: 200, epoch: 83 | loss: 0.6753881
	speed: 0.0251s/iter; left time: 757.1322s
Epoch: 83 cost time: 33.17894792556763
Epoch: 83, Steps: 257 | Train Loss: 0.6582453 Vali Loss: 0.6607571 Test Loss: 0.6607571
EarlyStopping counter: 3 out of 30
Updating learning rate to 1.0923725026419628e-08
	iters: 100, epoch: 84 | loss: 0.6330511
	speed: 0.7766s/iter; left time: 23275.8914s
	iters: 200, epoch: 84 | loss: 0.6678861
	speed: 0.0252s/iter; left time: 751.7543s
Epoch: 84 cost time: 33.0156044960022
Epoch: 84, Steps: 257 | Train Loss: 0.6589332 Vali Loss: 0.6608491 Test Loss: 0.6608491
EarlyStopping counter: 4 out of 30
Updating learning rate to 9.831352523777666e-09
	iters: 100, epoch: 85 | loss: 0.6770748
	speed: 0.7768s/iter; left time: 23079.6927s
	iters: 200, epoch: 85 | loss: 0.6698170
	speed: 0.0252s/iter; left time: 744.9767s
Epoch: 85 cost time: 33.21306562423706
Epoch: 85, Steps: 257 | Train Loss: 0.6599561 Vali Loss: 0.6614931 Test Loss: 0.6614931
EarlyStopping counter: 5 out of 30
Updating learning rate to 8.848217271399898e-09
	iters: 100, epoch: 86 | loss: 0.6675734
	speed: 0.7779s/iter; left time: 22912.3928s
	iters: 200, epoch: 86 | loss: 0.6551366
	speed: 0.0252s/iter; left time: 738.5520s
Epoch: 86 cost time: 33.143314361572266
Epoch: 86, Steps: 257 | Train Loss: 0.6586290 Vali Loss: 0.6615702 Test Loss: 0.6615702
EarlyStopping counter: 6 out of 30
Updating learning rate to 7.963395544259909e-09
	iters: 100, epoch: 87 | loss: 0.6537672
	speed: 0.7777s/iter; left time: 22707.6838s
	iters: 200, epoch: 87 | loss: 0.6709915
	speed: 0.0252s/iter; left time: 733.1737s
Epoch: 87 cost time: 33.17214226722717
Epoch: 87, Steps: 257 | Train Loss: 0.6593837 Vali Loss: 0.6610320 Test Loss: 0.6610320
EarlyStopping counter: 7 out of 30
Updating learning rate to 7.167055989833918e-09
	iters: 100, epoch: 88 | loss: 0.6665983
	speed: 0.7813s/iter; left time: 22612.2519s
	iters: 200, epoch: 88 | loss: 0.6362109
	speed: 0.0251s/iter; left time: 724.5715s
Epoch: 88 cost time: 33.376243114471436
Epoch: 88, Steps: 257 | Train Loss: 0.6596376 Vali Loss: 0.6614579 Test Loss: 0.6614579
EarlyStopping counter: 8 out of 30
Updating learning rate to 6.450350390850527e-09
	iters: 100, epoch: 89 | loss: 0.6192359
	speed: 0.7778s/iter; left time: 22310.3238s
	iters: 200, epoch: 89 | loss: 0.6541873
	speed: 0.0251s/iter; left time: 718.0582s
Epoch: 89 cost time: 33.23196983337402
Epoch: 89, Steps: 257 | Train Loss: 0.6592277 Vali Loss: 0.6610540 Test Loss: 0.6610540
EarlyStopping counter: 9 out of 30
Updating learning rate to 5.805315351765475e-09
	iters: 100, epoch: 90 | loss: 0.6480840
	speed: 0.7793s/iter; left time: 22154.7262s
	iters: 200, epoch: 90 | loss: 0.6577076
	speed: 0.0251s/iter; left time: 712.3839s
Epoch: 90 cost time: 33.23973631858826
Epoch: 90, Steps: 257 | Train Loss: 0.6590346 Vali Loss: 0.6615600 Test Loss: 0.6615600
EarlyStopping counter: 10 out of 30
Updating learning rate to 5.224783816588927e-09
	iters: 100, epoch: 91 | loss: 0.6729805
	speed: 0.7785s/iter; left time: 21930.4931s
	iters: 200, epoch: 91 | loss: 0.6603242
	speed: 0.0252s/iter; left time: 706.5100s
Epoch: 91 cost time: 33.25736355781555
Epoch: 91, Steps: 257 | Train Loss: 0.6587048 Vali Loss: 0.6610760 Test Loss: 0.6610760
EarlyStopping counter: 11 out of 30
Updating learning rate to 4.702305434930034e-09
	iters: 100, epoch: 92 | loss: 0.6493789
	speed: 0.7799s/iter; left time: 21769.2136s
	iters: 200, epoch: 92 | loss: 0.6639016
	speed: 0.0252s/iter; left time: 701.2422s
Epoch: 92 cost time: 33.29591774940491
Epoch: 92, Steps: 257 | Train Loss: 0.6589376 Vali Loss: 0.6609123 Test Loss: 0.6609123
EarlyStopping counter: 12 out of 30
Updating learning rate to 4.2320748914370314e-09
	iters: 100, epoch: 93 | loss: 0.6642090
	speed: 0.7764s/iter; left time: 21473.0992s
	iters: 200, epoch: 93 | loss: 0.6912727
	speed: 0.0251s/iter; left time: 692.0224s
Epoch: 93 cost time: 33.13699698448181
Epoch: 93, Steps: 257 | Train Loss: 0.6587309 Vali Loss: 0.6610023 Test Loss: 0.6610023
EarlyStopping counter: 13 out of 30
Updating learning rate to 3.808867402293329e-09
	iters: 100, epoch: 94 | loss: 0.6772355
	speed: 0.7765s/iter; left time: 21275.6113s
	iters: 200, epoch: 94 | loss: 0.6619495
	speed: 0.0252s/iter; left time: 687.0532s
Epoch: 94 cost time: 33.175962924957275
Epoch: 94, Steps: 257 | Train Loss: 0.6583040 Vali Loss: 0.6607509 Test Loss: 0.6607509
EarlyStopping counter: 14 out of 30
Updating learning rate to 3.4279806620639956e-09
	iters: 100, epoch: 95 | loss: 0.6544133
	speed: 0.7778s/iter; left time: 21112.6423s
	iters: 200, epoch: 95 | loss: 0.6321815
	speed: 0.0251s/iter; left time: 679.5714s
Epoch: 95 cost time: 33.31080627441406
Epoch: 95, Steps: 257 | Train Loss: 0.6583356 Vali Loss: 0.6611457 Test Loss: 0.6611457
EarlyStopping counter: 15 out of 30
Updating learning rate to 3.0851825958575964e-09
	iters: 100, epoch: 96 | loss: 0.6644126
	speed: 0.7791s/iter; left time: 20945.5568s
	iters: 200, epoch: 96 | loss: 0.7154362
	speed: 0.0252s/iter; left time: 673.9305s
Epoch: 96 cost time: 33.21713924407959
Epoch: 96, Steps: 257 | Train Loss: 0.6600701 Vali Loss: 0.6605469 Test Loss: 0.6605469
EarlyStopping counter: 16 out of 30
Updating learning rate to 2.7766643362718363e-09
	iters: 100, epoch: 97 | loss: 0.6661484
	speed: 0.7781s/iter; left time: 20719.9080s
	iters: 200, epoch: 97 | loss: 0.7228155
	speed: 0.0251s/iter; left time: 665.8328s
Epoch: 97 cost time: 33.260732889175415
Epoch: 97, Steps: 257 | Train Loss: 0.6589472 Vali Loss: 0.6609868 Test Loss: 0.6609868
EarlyStopping counter: 17 out of 30
Updating learning rate to 2.498997902644653e-09
	iters: 100, epoch: 98 | loss: 0.6676244
	speed: 0.7795s/iter; left time: 20556.1981s
	iters: 200, epoch: 98 | loss: 0.6629423
	speed: 0.0251s/iter; left time: 660.7088s
Epoch: 98 cost time: 33.24708580970764
Epoch: 98, Steps: 257 | Train Loss: 0.6580968 Vali Loss: 0.6616974 Test Loss: 0.6616974
EarlyStopping counter: 18 out of 30
Updating learning rate to 2.2490981123801875e-09
	iters: 100, epoch: 99 | loss: 0.6217003
	speed: 0.7816s/iter; left time: 20410.6569s
	iters: 200, epoch: 99 | loss: 0.6781237
	speed: 0.0251s/iter; left time: 652.5861s
Epoch: 99 cost time: 33.30715751647949
Epoch: 99, Steps: 257 | Train Loss: 0.6582358 Vali Loss: 0.6611887 Test Loss: 0.6611887
EarlyStopping counter: 19 out of 30
Updating learning rate to 2.024188301142169e-09
	iters: 100, epoch: 100 | loss: 0.6485660
	speed: 0.7774s/iter; left time: 20102.3415s
	iters: 200, epoch: 100 | loss: 0.6440933
	speed: 0.0252s/iter; left time: 647.9523s
Epoch: 100 cost time: 33.149375200271606
Epoch: 100, Steps: 257 | Train Loss: 0.6583724 Vali Loss: 0.6614363 Test Loss: 0.6614363
EarlyStopping counter: 20 out of 30
Updating learning rate to 1.821769471027952e-09
	iters: 100, epoch: 101 | loss: 0.6280746
	speed: 0.7776s/iter; left time: 19908.0711s
	iters: 200, epoch: 101 | loss: 0.6631774
	speed: 0.0252s/iter; left time: 641.9772s
Epoch: 101 cost time: 33.19639611244202
Epoch: 101, Steps: 257 | Train Loss: 0.6587601 Vali Loss: 0.6601798 Test Loss: 0.6601798
Validation loss decreased (0.660257 --> 0.660180).  Saving model ...
Updating learning rate to 1.639592523925157e-09
	iters: 100, epoch: 102 | loss: 0.6907683
	speed: 0.7782s/iter; left time: 19722.0282s
	iters: 200, epoch: 102 | loss: 0.6601423
	speed: 0.0251s/iter; left time: 634.6778s
Epoch: 102 cost time: 33.17632794380188
Epoch: 102, Steps: 257 | Train Loss: 0.6598835 Vali Loss: 0.6609458 Test Loss: 0.6609458
EarlyStopping counter: 1 out of 30
Updating learning rate to 1.4756332715326413e-09
	iters: 100, epoch: 103 | loss: 0.6495475
	speed: 0.7790s/iter; left time: 19542.3502s
	iters: 200, epoch: 103 | loss: 0.6602070
	speed: 0.0252s/iter; left time: 630.6081s
Epoch: 103 cost time: 33.274123191833496
Epoch: 103, Steps: 257 | Train Loss: 0.6585607 Vali Loss: 0.6608928 Test Loss: 0.6608928
EarlyStopping counter: 2 out of 30
Updating learning rate to 1.3280699443793774e-09
	iters: 100, epoch: 104 | loss: 0.6603895
	speed: 0.7789s/iter; left time: 19338.9497s
	iters: 200, epoch: 104 | loss: 0.6937525
	speed: 0.0252s/iter; left time: 622.0500s
Epoch: 104 cost time: 33.287407636642456
Epoch: 104, Steps: 257 | Train Loss: 0.6592507 Vali Loss: 0.6603627 Test Loss: 0.6603627
EarlyStopping counter: 3 out of 30
Updating learning rate to 1.1952629499414395e-09
	iters: 100, epoch: 105 | loss: 0.6623088
	speed: 0.7790s/iter; left time: 19142.3116s
	iters: 200, epoch: 105 | loss: 0.6569690
	speed: 0.0252s/iter; left time: 616.1614s
Epoch: 105 cost time: 33.24092149734497
Epoch: 105, Steps: 257 | Train Loss: 0.6583058 Vali Loss: 0.6608129 Test Loss: 0.6608129
EarlyStopping counter: 4 out of 30
Updating learning rate to 1.0757366549472955e-09
	iters: 100, epoch: 106 | loss: 0.6644391
	speed: 0.7793s/iter; left time: 18949.8775s
	iters: 200, epoch: 106 | loss: 0.6693554
	speed: 0.0252s/iter; left time: 610.5369s
Epoch: 106 cost time: 33.24341082572937
Epoch: 106, Steps: 257 | Train Loss: 0.6586379 Vali Loss: 0.6611504 Test Loss: 0.6611504
EarlyStopping counter: 5 out of 30
Updating learning rate to 9.68162989452566e-10
	iters: 100, epoch: 107 | loss: 0.6648674
	speed: 0.7782s/iter; left time: 18722.3848s
	iters: 200, epoch: 107 | loss: 0.6478915
	speed: 0.0251s/iter; left time: 602.2914s
Epoch: 107 cost time: 33.232518672943115
Epoch: 107, Steps: 257 | Train Loss: 0.6587316 Vali Loss: 0.6615317 Test Loss: 0.6615317
EarlyStopping counter: 6 out of 30
Updating learning rate to 8.713466905073095e-10
	iters: 100, epoch: 108 | loss: 0.6563241
	speed: 0.7796s/iter; left time: 18555.1509s
	iters: 200, epoch: 108 | loss: 0.6287315
	speed: 0.0251s/iter; left time: 594.6644s
Epoch: 108 cost time: 33.28178906440735
Epoch: 108, Steps: 257 | Train Loss: 0.6579222 Vali Loss: 0.6609082 Test Loss: 0.6609082
EarlyStopping counter: 7 out of 30
Updating learning rate to 7.842120214565785e-10
	iters: 100, epoch: 109 | loss: 0.6744654
	speed: 0.7792s/iter; left time: 18346.1964s
	iters: 200, epoch: 109 | loss: 0.6749202
	speed: 0.0251s/iter; left time: 589.0782s
Epoch: 109 cost time: 33.14808368682861
Epoch: 109, Steps: 257 | Train Loss: 0.6580243 Vali Loss: 0.6605646 Test Loss: 0.6605646
EarlyStopping counter: 8 out of 30
Updating learning rate to 7.057908193109206e-10
	iters: 100, epoch: 110 | loss: 0.6621857
	speed: 0.7795s/iter; left time: 18153.5299s
	iters: 200, epoch: 110 | loss: 0.6559393
	speed: 0.0251s/iter; left time: 582.6461s
Epoch: 110 cost time: 33.24451804161072
Epoch: 110, Steps: 257 | Train Loss: 0.6602621 Vali Loss: 0.6603289 Test Loss: 0.6603289
EarlyStopping counter: 9 out of 30
Updating learning rate to 6.352117373798286e-10
	iters: 100, epoch: 111 | loss: 0.6550163
	speed: 0.7796s/iter; left time: 17954.3887s
	iters: 200, epoch: 111 | loss: 0.6315051
	speed: 0.0251s/iter; left time: 576.4557s
Epoch: 111 cost time: 33.19381904602051
Epoch: 111, Steps: 257 | Train Loss: 0.6597958 Vali Loss: 0.6602844 Test Loss: 0.6602844
EarlyStopping counter: 10 out of 30
Updating learning rate to 5.716905636418458e-10
	iters: 100, epoch: 112 | loss: 0.6396270
	speed: 0.7797s/iter; left time: 17756.3971s
	iters: 200, epoch: 112 | loss: 0.6582303
	speed: 0.0251s/iter; left time: 569.7932s
Epoch: 112 cost time: 33.330058574676514
Epoch: 112, Steps: 257 | Train Loss: 0.6581642 Vali Loss: 0.6608481 Test Loss: 0.6608481
EarlyStopping counter: 11 out of 30
Updating learning rate to 5.145215072776612e-10
	iters: 100, epoch: 113 | loss: 0.6785133
	speed: 0.7799s/iter; left time: 17561.6986s
	iters: 200, epoch: 113 | loss: 0.7005518
	speed: 0.0252s/iter; left time: 564.2700s
Epoch: 113 cost time: 33.212989807128906
Epoch: 113, Steps: 257 | Train Loss: 0.6578576 Vali Loss: 0.6601799 Test Loss: 0.6601799
EarlyStopping counter: 12 out of 30
Updating learning rate to 4.630693565498951e-10
	iters: 100, epoch: 114 | loss: 0.6543629
	speed: 0.7818s/iter; left time: 17401.9494s
	iters: 200, epoch: 114 | loss: 0.6784077
	speed: 0.0252s/iter; left time: 557.7547s
Epoch: 114 cost time: 33.47299289703369
Epoch: 114, Steps: 257 | Train Loss: 0.6573804 Vali Loss: 0.6614117 Test Loss: 0.6614117
EarlyStopping counter: 13 out of 30
Updating learning rate to 4.167624208949056e-10
	iters: 100, epoch: 115 | loss: 0.6521519
	speed: 0.7763s/iter; left time: 17081.0446s
	iters: 200, epoch: 115 | loss: 0.6826966
	speed: 0.0252s/iter; left time: 552.1341s
Epoch: 115 cost time: 33.229100704193115
Epoch: 115, Steps: 257 | Train Loss: 0.6583588 Vali Loss: 0.6613173 Test Loss: 0.6613173
EarlyStopping counter: 14 out of 30
Updating learning rate to 3.7508617880541506e-10
	iters: 100, epoch: 116 | loss: 0.6750842
	speed: 0.7778s/iter; left time: 16913.5680s
	iters: 200, epoch: 116 | loss: 0.6362317
	speed: 0.0253s/iter; left time: 548.4054s
Epoch: 116 cost time: 33.15831446647644
Epoch: 116, Steps: 257 | Train Loss: 0.6593670 Vali Loss: 0.6604926 Test Loss: 0.6604926
EarlyStopping counter: 15 out of 30
Updating learning rate to 3.3757756092487356e-10
	iters: 100, epoch: 117 | loss: 0.6913735
	speed: 0.7771s/iter; left time: 16698.3806s
	iters: 200, epoch: 117 | loss: 0.6787547
	speed: 0.0253s/iter; left time: 541.3562s
Epoch: 117 cost time: 33.19963240623474
Epoch: 117, Steps: 257 | Train Loss: 0.6577042 Vali Loss: 0.6604456 Test Loss: 0.6604456
EarlyStopping counter: 16 out of 30
Updating learning rate to 3.038198048323862e-10
	iters: 100, epoch: 118 | loss: 0.6888419
	speed: 0.7789s/iter; left time: 16537.1291s
	iters: 200, epoch: 118 | loss: 0.6474439
	speed: 0.0253s/iter; left time: 535.1382s
Epoch: 118 cost time: 33.29376840591431
Epoch: 118, Steps: 257 | Train Loss: 0.6590136 Vali Loss: 0.6617731 Test Loss: 0.6617731
EarlyStopping counter: 17 out of 30
Updating learning rate to 2.7343782434914764e-10
	iters: 100, epoch: 119 | loss: 0.6581628
	speed: 0.7794s/iter; left time: 16347.1093s
	iters: 200, epoch: 119 | loss: 0.6491529
	speed: 0.0254s/iter; left time: 530.6172s
Epoch: 119 cost time: 33.240527868270874
Epoch: 119, Steps: 257 | Train Loss: 0.6591760 Vali Loss: 0.6601333 Test Loss: 0.6601333
Validation loss decreased (0.660180 --> 0.660133).  Saving model ...
Updating learning rate to 2.4609404191423287e-10
	iters: 100, epoch: 120 | loss: 0.6180111
	speed: 0.7793s/iter; left time: 16145.6252s
	iters: 200, epoch: 120 | loss: 0.6496632
	speed: 0.0254s/iter; left time: 523.1547s
Epoch: 120 cost time: 33.34718680381775
Epoch: 120, Steps: 257 | Train Loss: 0.6586665 Vali Loss: 0.6611568 Test Loss: 0.6611568
EarlyStopping counter: 1 out of 30
Updating learning rate to 2.2148463772280958e-10
	iters: 100, epoch: 121 | loss: 0.6540725
	speed: 0.7808s/iter; left time: 15975.4171s
	iters: 200, epoch: 121 | loss: 0.6197044
	speed: 0.0254s/iter; left time: 517.6122s
Epoch: 121 cost time: 33.33973026275635
Epoch: 121, Steps: 257 | Train Loss: 0.6587845 Vali Loss: 0.6612227 Test Loss: 0.6612227
EarlyStopping counter: 2 out of 30
Updating learning rate to 1.993361739505286e-10
	iters: 100, epoch: 122 | loss: 0.6576548
	speed: 0.7811s/iter; left time: 15780.9917s
	iters: 200, epoch: 122 | loss: 0.6670449
	speed: 0.0254s/iter; left time: 511.3163s
Epoch: 122 cost time: 33.423587799072266
Epoch: 122, Steps: 257 | Train Loss: 0.6585135 Vali Loss: 0.6610096 Test Loss: 0.6610096
EarlyStopping counter: 3 out of 30
Updating learning rate to 1.7940255655547574e-10
	iters: 100, epoch: 123 | loss: 0.6690345
	speed: 0.7813s/iter; left time: 15584.3630s
	iters: 200, epoch: 123 | loss: 0.6842095
	speed: 0.0254s/iter; left time: 504.3450s
Epoch: 123 cost time: 33.429245710372925
Epoch: 123, Steps: 257 | Train Loss: 0.6579834 Vali Loss: 0.6607317 Test Loss: 0.6607317
EarlyStopping counter: 4 out of 30
Updating learning rate to 1.614623008999282e-10
	iters: 100, epoch: 124 | loss: 0.7355478
	speed: 0.7810s/iter; left time: 15377.6322s
	iters: 200, epoch: 124 | loss: 0.6550237
	speed: 0.0254s/iter; left time: 497.6322s
Epoch: 124 cost time: 33.316321849823
Epoch: 124, Steps: 257 | Train Loss: 0.6594241 Vali Loss: 0.6613729 Test Loss: 0.6613729
EarlyStopping counter: 5 out of 30
Updating learning rate to 1.4531607080993538e-10
	iters: 100, epoch: 125 | loss: 0.6283203
	speed: 0.7778s/iter; left time: 15115.9067s
	iters: 200, epoch: 125 | loss: 0.6655045
	speed: 0.0254s/iter; left time: 491.8602s
Epoch: 125 cost time: 33.34162449836731
Epoch: 125, Steps: 257 | Train Loss: 0.6590195 Vali Loss: 0.6615268 Test Loss: 0.6615268
EarlyStopping counter: 6 out of 30
Updating learning rate to 1.3078446372894184e-10
	iters: 100, epoch: 126 | loss: 0.6609877
	speed: 0.7804s/iter; left time: 14964.8003s
	iters: 200, epoch: 126 | loss: 0.6498622
	speed: 0.0255s/iter; left time: 485.6017s
Epoch: 126 cost time: 33.331849336624146
Epoch: 126, Steps: 257 | Train Loss: 0.6583095 Vali Loss: 0.6606824 Test Loss: 0.6606824
EarlyStopping counter: 7 out of 30
Updating learning rate to 1.1770601735604766e-10
	iters: 100, epoch: 127 | loss: 0.6569080
	speed: 0.7821s/iter; left time: 14797.4115s
	iters: 200, epoch: 127 | loss: 0.6528761
	speed: 0.0254s/iter; left time: 477.9918s
Epoch: 127 cost time: 33.430208683013916
Epoch: 127, Steps: 257 | Train Loss: 0.6587246 Vali Loss: 0.6610623 Test Loss: 0.6610623
EarlyStopping counter: 8 out of 30
Updating learning rate to 1.059354156204429e-10
	iters: 100, epoch: 128 | loss: 0.6316378
	speed: 0.7860s/iter; left time: 14668.5576s
	iters: 200, epoch: 128 | loss: 0.6670107
	speed: 0.0253s/iter; left time: 469.8775s
Epoch: 128 cost time: 33.48447251319885
Epoch: 128, Steps: 257 | Train Loss: 0.6586162 Vali Loss: 0.6614183 Test Loss: 0.6614183
EarlyStopping counter: 9 out of 30
Updating learning rate to 9.53418740583986e-11
	iters: 100, epoch: 129 | loss: 0.6049211
	speed: 0.7800s/iter; left time: 14356.4784s
	iters: 200, epoch: 129 | loss: 0.6813769
	speed: 0.0253s/iter; left time: 463.4058s
Epoch: 129 cost time: 33.4313690662384
Epoch: 129, Steps: 257 | Train Loss: 0.6593032 Vali Loss: 0.6612872 Test Loss: 0.6612872
EarlyStopping counter: 10 out of 30
Updating learning rate to 8.580768665255875e-11
	iters: 100, epoch: 130 | loss: 0.6486291
	speed: 0.7831s/iter; left time: 14211.8062s
	iters: 200, epoch: 130 | loss: 0.6501279
	speed: 0.0255s/iter; left time: 460.2427s
Epoch: 130 cost time: 33.46887016296387
Epoch: 130, Steps: 257 | Train Loss: 0.6589930 Vali Loss: 0.6610905 Test Loss: 0.6610905
EarlyStopping counter: 11 out of 30
Updating learning rate to 7.722691798730287e-11
	iters: 100, epoch: 131 | loss: 0.6019409
	speed: 0.7849s/iter; left time: 14041.8717s
	iters: 200, epoch: 131 | loss: 0.6645206
	speed: 0.0254s/iter; left time: 452.6995s
Epoch: 131 cost time: 33.452271938323975
Epoch: 131, Steps: 257 | Train Loss: 0.6590139 Vali Loss: 0.6610161 Test Loss: 0.6610161
EarlyStopping counter: 12 out of 30
Updating learning rate to 6.950422618857259e-11
	iters: 100, epoch: 132 | loss: 0.6663026
	speed: 0.7839s/iter; left time: 13823.8525s
	iters: 200, epoch: 132 | loss: 0.6519485
	speed: 0.0253s/iter; left time: 443.4203s
Epoch: 132 cost time: 33.299458742141724
Epoch: 132, Steps: 257 | Train Loss: 0.6596060 Vali Loss: 0.6604632 Test Loss: 0.6604632
EarlyStopping counter: 13 out of 30
Updating learning rate to 6.255380356971533e-11
	iters: 100, epoch: 133 | loss: 0.6610138
	speed: 0.7879s/iter; left time: 13691.2343s
	iters: 200, epoch: 133 | loss: 0.6533018
	speed: 0.0254s/iter; left time: 439.1837s
Epoch: 133 cost time: 33.62086224555969
Epoch: 133, Steps: 257 | Train Loss: 0.6592693 Vali Loss: 0.6601738 Test Loss: 0.6601738
EarlyStopping counter: 14 out of 30
Updating learning rate to 5.629842321274379e-11
	iters: 100, epoch: 134 | loss: 0.6447796
	speed: 0.7861s/iter; left time: 13458.6706s
	iters: 200, epoch: 134 | loss: 0.6416936
	speed: 0.0254s/iter; left time: 432.9342s
Epoch: 134 cost time: 33.62969517707825
Epoch: 134, Steps: 257 | Train Loss: 0.6587348 Vali Loss: 0.6612039 Test Loss: 0.6612039
EarlyStopping counter: 15 out of 30
Updating learning rate to 5.066858089146942e-11
	iters: 100, epoch: 135 | loss: 0.6522933
	speed: 0.7848s/iter; left time: 13234.2631s
	iters: 200, epoch: 135 | loss: 0.6374471
	speed: 0.0254s/iter; left time: 426.4843s
Epoch: 135 cost time: 33.647928953170776
Epoch: 135, Steps: 257 | Train Loss: 0.6589527 Vali Loss: 0.6623520 Test Loss: 0.6623520
EarlyStopping counter: 16 out of 30
Updating learning rate to 4.560172280232248e-11
	iters: 100, epoch: 136 | loss: 0.6667400
	speed: 0.7832s/iter; left time: 13005.7299s
	iters: 200, epoch: 136 | loss: 0.6522796
	speed: 0.0254s/iter; left time: 419.6087s
Epoch: 136 cost time: 33.43009829521179
Epoch: 136, Steps: 257 | Train Loss: 0.6587731 Vali Loss: 0.6606710 Test Loss: 0.6606710
EarlyStopping counter: 17 out of 30
Updating learning rate to 4.1041550522090234e-11
	iters: 100, epoch: 137 | loss: 0.7061027
	speed: 0.7825s/iter; left time: 12793.3495s
	iters: 200, epoch: 137 | loss: 0.6681862
	speed: 0.0253s/iter; left time: 411.8318s
Epoch: 137 cost time: 33.356772899627686
Epoch: 137, Steps: 257 | Train Loss: 0.6588472 Vali Loss: 0.6614806 Test Loss: 0.6614806
EarlyStopping counter: 18 out of 30
Updating learning rate to 3.693739546988121e-11
	iters: 100, epoch: 138 | loss: 0.6636232
	speed: 0.7859s/iter; left time: 12646.3669s
	iters: 200, epoch: 138 | loss: 0.6828092
	speed: 0.0254s/iter; left time: 406.7247s
Epoch: 138 cost time: 33.5264790058136
Epoch: 138, Steps: 257 | Train Loss: 0.6583130 Vali Loss: 0.6625217 Test Loss: 0.6625217
EarlyStopping counter: 19 out of 30
Updating learning rate to 3.324365592289309e-11
	iters: 100, epoch: 139 | loss: 0.6693559
	speed: 0.7853s/iter; left time: 12434.8189s
	iters: 200, epoch: 139 | loss: 0.6572559
	speed: 0.0254s/iter; left time: 399.6327s
Epoch: 139 cost time: 33.578527212142944
Epoch: 139, Steps: 257 | Train Loss: 0.6583903 Vali Loss: 0.6608777 Test Loss: 0.6608777
EarlyStopping counter: 20 out of 30
Updating learning rate to 2.991929033060378e-11
	iters: 100, epoch: 140 | loss: 0.6788583
	speed: 0.7871s/iter; left time: 12262.0302s
	iters: 200, epoch: 140 | loss: 0.6651568
	speed: 0.0254s/iter; left time: 393.8220s
Epoch: 140 cost time: 33.715221643447876
Epoch: 140, Steps: 257 | Train Loss: 0.6579580 Vali Loss: 0.6611031 Test Loss: 0.6611031
EarlyStopping counter: 21 out of 30
Updating learning rate to 2.6927361297543406e-11
	iters: 100, epoch: 141 | loss: 0.6532421
	speed: 0.7845s/iter; left time: 12019.5369s
	iters: 200, epoch: 141 | loss: 0.6255395
	speed: 0.0254s/iter; left time: 386.2093s
Epoch: 141 cost time: 33.515517473220825
Epoch: 141, Steps: 257 | Train Loss: 0.6579409 Vali Loss: 0.6609183 Test Loss: 0.6609183
EarlyStopping counter: 22 out of 30
Updating learning rate to 2.4234625167789064e-11
	iters: 100, epoch: 142 | loss: 0.6376342
	speed: 0.7883s/iter; left time: 11874.2717s
	iters: 200, epoch: 142 | loss: 0.6601445
	speed: 0.0254s/iter; left time: 380.7188s
Epoch: 142 cost time: 33.581822633743286
Epoch: 142, Steps: 257 | Train Loss: 0.6590390 Vali Loss: 0.6615163 Test Loss: 0.6615163
EarlyStopping counter: 23 out of 30
Updating learning rate to 2.1811162651010156e-11
	iters: 100, epoch: 143 | loss: 0.6548644
	speed: 0.7893s/iter; left time: 11687.0858s
	iters: 200, epoch: 143 | loss: 0.6461973
	speed: 0.0255s/iter; left time: 374.3253s
Epoch: 143 cost time: 33.55380988121033
Epoch: 143, Steps: 257 | Train Loss: 0.6593334 Vali Loss: 0.6612634 Test Loss: 0.6612634
EarlyStopping counter: 24 out of 30
Updating learning rate to 1.9630046385909145e-11
	iters: 100, epoch: 144 | loss: 0.6658606
	speed: 0.7856s/iter; left time: 11430.2814s
	iters: 200, epoch: 144 | loss: 0.6808587
	speed: 0.0254s/iter; left time: 367.0691s
Epoch: 144 cost time: 33.48341369628906
Epoch: 144, Steps: 257 | Train Loss: 0.6599885 Vali Loss: 0.6617595 Test Loss: 0.6617595
EarlyStopping counter: 25 out of 30
Updating learning rate to 1.766704174731823e-11
	iters: 100, epoch: 145 | loss: 0.7146043
	speed: 0.7858s/iter; left time: 11231.1058s
	iters: 200, epoch: 145 | loss: 0.6150960
	speed: 0.0254s/iter; left time: 360.5626s
Epoch: 145 cost time: 33.49853539466858
Epoch: 145, Steps: 257 | Train Loss: 0.6582155 Vali Loss: 0.6614537 Test Loss: 0.6614537
EarlyStopping counter: 26 out of 30
Updating learning rate to 1.5900337572586406e-11
	iters: 100, epoch: 146 | loss: 0.6441700
	speed: 0.7871s/iter; left time: 11048.2758s
	iters: 200, epoch: 146 | loss: 0.6691204
	speed: 0.0254s/iter; left time: 354.1761s
Epoch: 146 cost time: 33.62580490112305
Epoch: 146, Steps: 257 | Train Loss: 0.6590296 Vali Loss: 0.6607064 Test Loss: 0.6607064
EarlyStopping counter: 27 out of 30
Updating learning rate to 1.4310303815327768e-11
	iters: 100, epoch: 147 | loss: 0.6852785
	speed: 0.7874s/iter; left time: 10849.2807s
	iters: 200, epoch: 147 | loss: 0.6137078
	speed: 0.0254s/iter; left time: 347.8356s
Epoch: 147 cost time: 33.739901304244995
Epoch: 147, Steps: 257 | Train Loss: 0.6585577 Vali Loss: 0.6611568 Test Loss: 0.6611568
EarlyStopping counter: 28 out of 30
Updating learning rate to 1.287927343379499e-11
	iters: 100, epoch: 148 | loss: 0.6647347
	speed: 0.7856s/iter; left time: 10622.8891s
	iters: 200, epoch: 148 | loss: 0.6407027
	speed: 0.0255s/iter; left time: 341.6635s
Epoch: 148 cost time: 33.50318908691406
Epoch: 148, Steps: 257 | Train Loss: 0.6597890 Vali Loss: 0.6611175 Test Loss: 0.6611175
EarlyStopping counter: 29 out of 30
Updating learning rate to 1.1591346090415491e-11
	iters: 100, epoch: 149 | loss: 0.7048464
	speed: 0.7829s/iter; left time: 10385.0813s
	iters: 200, epoch: 149 | loss: 0.6379734
	speed: 0.0255s/iter; left time: 335.7942s
Epoch: 149 cost time: 33.450244188308716
Epoch: 149, Steps: 257 | Train Loss: 0.6579139 Vali Loss: 0.6618011 Test Loss: 0.6618011
EarlyStopping counter: 30 out of 30
Early stopping
>>>>>>>testing : ctg_960_PatchTST_CTG_sl960_nc2_dm128_nh16_el3_df256_fc1_Exp<<<<<<<<<<<<<<<<<<<<<<<<<<<<<<<<<
test set size: 4118
accuracy:0.628173828125, precision:0.8966244725738397, recall:0.2238020010531859, f1:0.35819637589549097, auc:0.7330490162874694
