Args in experiment:
Namespace(activation='gelu', affine=0, batch_size=12, c_out=1, checkpoints='./checkpoints/ctg', d_ff=256, d_layers=1, d_model=128, data='CTG', data_path='X.npy', dec_in=2, decomposition=0, des='Exp', devices='0,1,2,3', distil=True, do_predict=False, dropout=0.5, e_layers=3, embed='timeF', embed_type=0, enc_in=2, factor=1, fc_dropout=0.25, features='M', freq='h', gpu=0, head_dropout=0.0, individual=0, is_training=1, itr=1, kernel_size=25, learning_rate=0.0001, loss='cross_entropy', lradj='type3', model='PatchTST', model_id='ctg_960', moving_avg=25, n_heads=16, num_classes=2, num_workers=1, output_attention=False, padding_patch='end', patch_len=16, patience=30, pct_start=0.3, random_seed=2021, revin=1, root_path='./dataset/', seq_len=960, stride=8, subtract_last=0, target='OT', test_flop=False, train_epochs=100, use_amp=False, use_gpu=True, use_multi_gpu=False)
Use GPU: cuda:0
>>>>>>>start training : ctg_960_PatchTST_CTG_sl960_nc2_dm128_nh16_el3_df256_fc1_Exp>>>>>>>>>>>>>>>>>>>>>>>>>>
train set size: 16471
val set size: 4118
test set size: 4118
	iters: 100, epoch: 1 | loss: 0.6931288
	speed: 0.1273s/iter; left time: 17446.8631s
	iters: 200, epoch: 1 | loss: 0.6931472
	speed: 0.0206s/iter; left time: 2824.3704s
	iters: 300, epoch: 1 | loss: 0.6931473
	speed: 0.0224s/iter; left time: 3063.0955s
	iters: 400, epoch: 1 | loss: 0.6931472
	speed: 0.0281s/iter; left time: 3841.7421s
	iters: 500, epoch: 1 | loss: 0.6624575
	speed: 0.0205s/iter; left time: 2797.5774s
	iters: 600, epoch: 1 | loss: 0.6934904
	speed: 0.0194s/iter; left time: 2649.5833s
	iters: 700, epoch: 1 | loss: 0.6931472
	speed: 0.0199s/iter; left time: 2721.5197s
	iters: 800, epoch: 1 | loss: 0.6931472
	speed: 0.0203s/iter; left time: 2764.8954s
	iters: 900, epoch: 1 | loss: 0.6931472
	speed: 0.0197s/iter; left time: 2688.4749s
	iters: 1000, epoch: 1 | loss: 0.6931471
	speed: 0.0201s/iter; left time: 2741.6443s
	iters: 1100, epoch: 1 | loss: 0.6930676
	speed: 0.0196s/iter; left time: 2668.4457s
	iters: 1200, epoch: 1 | loss: 0.6931174
	speed: 0.0193s/iter; left time: 2629.6141s
	iters: 1300, epoch: 1 | loss: 0.6929500
	speed: 0.0199s/iter; left time: 2704.9558s
Epoch: 1 cost time: 40.318721532821655
Epoch: 1, Steps: 1372 | Train Loss: 0.6936109 Vali Loss: 0.6940497 Vali AUC: 0.5875618
Validation loss decreased (inf --> 0.694050).  Saving model ...
Updating learning rate to 0.0001
	iters: 100, epoch: 2 | loss: 0.6931449
	speed: 0.3124s/iter; left time: 42399.6375s
	iters: 200, epoch: 2 | loss: 0.6931472
	speed: 0.0198s/iter; left time: 2685.1836s
	iters: 300, epoch: 2 | loss: 0.6931472
	speed: 0.0209s/iter; left time: 2834.4537s
	iters: 400, epoch: 2 | loss: 0.6931472
	speed: 0.0210s/iter; left time: 2844.9194s
	iters: 500, epoch: 2 | loss: 0.6614901
	speed: 0.0214s/iter; left time: 2890.9726s
	iters: 600, epoch: 2 | loss: 0.6931472
	speed: 0.0212s/iter; left time: 2865.2374s
	iters: 700, epoch: 2 | loss: 0.6931472
	speed: 0.0206s/iter; left time: 2777.7116s
	iters: 800, epoch: 2 | loss: 0.6931472
	speed: 0.0202s/iter; left time: 2731.1409s
	iters: 900, epoch: 2 | loss: 0.6931472
	speed: 0.0195s/iter; left time: 2637.6917s
	iters: 1000, epoch: 2 | loss: 0.6614901
	speed: 0.0180s/iter; left time: 2425.4481s
	iters: 1100, epoch: 2 | loss: 0.6931472
	speed: 0.0186s/iter; left time: 2503.0448s
	iters: 1200, epoch: 2 | loss: 0.6931472
	speed: 0.0195s/iter; left time: 2620.4069s
	iters: 1300, epoch: 2 | loss: 0.6931472
	speed: 0.0188s/iter; left time: 2529.4392s
Epoch: 2 cost time: 35.134897232055664
Epoch: 2, Steps: 1372 | Train Loss: 0.6937719 Vali Loss: 0.6945352 Vali AUC: 0.6665776
EarlyStopping counter: 1 out of 30
Updating learning rate to 0.0001
	iters: 100, epoch: 3 | loss: 0.6931472
	speed: 0.3049s/iter; left time: 40959.6734s
	iters: 200, epoch: 3 | loss: 0.6931472
	speed: 0.0207s/iter; left time: 2783.7551s
	iters: 300, epoch: 3 | loss: 0.6931472
	speed: 0.0197s/iter; left time: 2646.2988s
	iters: 400, epoch: 3 | loss: 0.6931472
	speed: 0.0204s/iter; left time: 2728.9195s
	iters: 500, epoch: 3 | loss: 0.6931472
	speed: 0.0209s/iter; left time: 2797.1235s
	iters: 600, epoch: 3 | loss: 0.7131662
	speed: 0.0215s/iter; left time: 2878.5186s
	iters: 700, epoch: 3 | loss: 0.6298394
	speed: 0.0203s/iter; left time: 2716.4435s
	iters: 800, epoch: 3 | loss: 0.7331858
	speed: 0.0199s/iter; left time: 2665.8544s
	iters: 900, epoch: 3 | loss: 0.5982295
	speed: 0.0194s/iter; left time: 2584.8647s
	iters: 1000, epoch: 3 | loss: 0.6614951
	speed: 0.0204s/iter; left time: 2717.4916s
	iters: 1100, epoch: 3 | loss: 0.7648306
	speed: 0.0211s/iter; left time: 2807.4545s
	iters: 1200, epoch: 3 | loss: 0.6593392
	speed: 0.0210s/iter; left time: 2792.2371s
	iters: 1300, epoch: 3 | loss: 0.5310452
	speed: 0.0206s/iter; left time: 2744.3313s
Epoch: 3 cost time: 36.951788663864136
Epoch: 3, Steps: 1372 | Train Loss: 0.6884713 Vali Loss: 0.6897270 Vali AUC: 0.7006312
Validation loss decreased (0.694050 --> 0.689727).  Saving model ...
Updating learning rate to 0.0001
	iters: 100, epoch: 4 | loss: 0.7971606
	speed: 0.3089s/iter; left time: 41077.9005s
	iters: 200, epoch: 4 | loss: 0.6592952
	speed: 0.0296s/iter; left time: 3931.8924s
	iters: 300, epoch: 4 | loss: 0.6931398
	speed: 0.0288s/iter; left time: 3823.0092s
	iters: 400, epoch: 4 | loss: 0.7734093
	speed: 0.0290s/iter; left time: 3843.4774s
	iters: 500, epoch: 4 | loss: 0.7134485
	speed: 0.0287s/iter; left time: 3804.7651s
	iters: 600, epoch: 4 | loss: 0.6614904
	speed: 0.0286s/iter; left time: 3788.3510s
	iters: 700, epoch: 4 | loss: 0.6327649
	speed: 0.0287s/iter; left time: 3795.4888s
	iters: 800, epoch: 4 | loss: 0.6500298
	speed: 0.0290s/iter; left time: 3830.1093s
	iters: 900, epoch: 4 | loss: 0.7448234
	speed: 0.0283s/iter; left time: 3734.2789s
	iters: 1000, epoch: 4 | loss: 0.7303626
	speed: 0.0287s/iter; left time: 3794.3604s
	iters: 1100, epoch: 4 | loss: 0.6931472
	speed: 0.0270s/iter; left time: 3563.2228s
	iters: 1200, epoch: 4 | loss: 0.7851264
	speed: 0.0265s/iter; left time: 3489.4084s
	iters: 1300, epoch: 4 | loss: 0.6615325
	speed: 0.0279s/iter; left time: 3674.3834s
Epoch: 4 cost time: 46.9362998008728
Epoch: 4, Steps: 1372 | Train Loss: 0.6795769 Vali Loss: 0.6740138 Vali AUC: 0.7136069
Validation loss decreased (0.689727 --> 0.674014).  Saving model ...
Updating learning rate to 9e-05
	iters: 100, epoch: 5 | loss: 0.7131662
	speed: 0.3204s/iter; left time: 42165.2920s
	iters: 200, epoch: 5 | loss: 0.6301739
	speed: 0.0326s/iter; left time: 4287.1473s
	iters: 300, epoch: 5 | loss: 0.6815082
	speed: 0.0280s/iter; left time: 3673.8688s
	iters: 400, epoch: 5 | loss: 0.8481398
	speed: 0.0269s/iter; left time: 3536.1330s
	iters: 500, epoch: 5 | loss: 0.6298330
	speed: 0.0268s/iter; left time: 3519.4097s
	iters: 600, epoch: 5 | loss: 0.6564807
	speed: 0.0250s/iter; left time: 3281.0435s
	iters: 700, epoch: 5 | loss: 0.6614888
	speed: 0.0262s/iter; left time: 3430.2243s
	iters: 800, epoch: 5 | loss: 0.6977488
	speed: 0.0203s/iter; left time: 2653.3639s
	iters: 900, epoch: 5 | loss: 0.6092699
	speed: 0.0204s/iter; left time: 2663.2682s
	iters: 1000, epoch: 5 | loss: 0.6303042
	speed: 0.0194s/iter; left time: 2535.4000s
	iters: 1100, epoch: 5 | loss: 0.5982015
	speed: 0.0198s/iter; left time: 2590.1848s
	iters: 1200, epoch: 5 | loss: 0.6614978
	speed: 0.0198s/iter; left time: 2585.2303s
	iters: 1300, epoch: 5 | loss: 0.6931472
	speed: 0.0196s/iter; left time: 2551.9505s
Epoch: 5 cost time: 40.67610144615173
Epoch: 5, Steps: 1372 | Train Loss: 0.6761635 Vali Loss: 0.6740594 Vali AUC: 0.7278949
EarlyStopping counter: 1 out of 30
Updating learning rate to 8.1e-05
	iters: 100, epoch: 6 | loss: 0.7369499
	speed: 0.3017s/iter; left time: 39291.8250s
	iters: 200, epoch: 6 | loss: 0.6931431
	speed: 0.0189s/iter; left time: 2459.4593s
	iters: 300, epoch: 6 | loss: 0.6931473
	speed: 0.0198s/iter; left time: 2568.4733s
	iters: 400, epoch: 6 | loss: 0.6815106
	speed: 0.0213s/iter; left time: 2761.4752s
	iters: 500, epoch: 6 | loss: 0.6931471
	speed: 0.0211s/iter; left time: 2733.3171s
	iters: 600, epoch: 6 | loss: 0.7337322
	speed: 0.0199s/iter; left time: 2579.5411s
	iters: 700, epoch: 6 | loss: 0.6576501
	speed: 0.0209s/iter; left time: 2705.2984s
	iters: 800, epoch: 6 | loss: 0.6634884
	speed: 0.0201s/iter; left time: 2605.1034s
	iters: 900, epoch: 6 | loss: 0.6299301
	speed: 0.0201s/iter; left time: 2601.6376s
	iters: 1000, epoch: 6 | loss: 0.6040048
	speed: 0.0191s/iter; left time: 2468.5633s
	iters: 1100, epoch: 6 | loss: 0.6754048
	speed: 0.0195s/iter; left time: 2514.6621s
	iters: 1200, epoch: 6 | loss: 0.6614298
	speed: 0.0193s/iter; left time: 2490.8117s
	iters: 1300, epoch: 6 | loss: 0.6804656
	speed: 0.0195s/iter; left time: 2520.8889s
Epoch: 6 cost time: 35.092272996902466
Epoch: 6, Steps: 1372 | Train Loss: 0.6694362 Vali Loss: 0.6678016 Vali AUC: 0.7306895
Validation loss decreased (0.674014 --> 0.667802).  Saving model ...
Updating learning rate to 7.290000000000001e-05
	iters: 100, epoch: 7 | loss: 0.6931463
	speed: 0.2979s/iter; left time: 38387.9133s
	iters: 200, epoch: 7 | loss: 0.6310664
	speed: 0.0193s/iter; left time: 2480.0429s
	iters: 300, epoch: 7 | loss: 0.7010580
	speed: 0.0194s/iter; left time: 2495.6164s
	iters: 400, epoch: 7 | loss: 0.6956286
	speed: 0.0202s/iter; left time: 2593.0117s
	iters: 500, epoch: 7 | loss: 0.7963781
	speed: 0.0203s/iter; left time: 2609.9005s
	iters: 600, epoch: 7 | loss: 0.6815092
	speed: 0.0200s/iter; left time: 2571.3508s
	iters: 700, epoch: 7 | loss: 0.6298341
	speed: 0.0213s/iter; left time: 2731.4690s
	iters: 800, epoch: 7 | loss: 0.6299534
	speed: 0.0211s/iter; left time: 2704.4663s
	iters: 900, epoch: 7 | loss: 0.6060296
	speed: 0.0204s/iter; left time: 2612.2778s
	iters: 1000, epoch: 7 | loss: 0.6639049
	speed: 0.0206s/iter; left time: 2636.0600s
	iters: 1100, epoch: 7 | loss: 0.5668651
	speed: 0.0202s/iter; left time: 2578.5540s
	iters: 1200, epoch: 7 | loss: 0.6815104
	speed: 0.0209s/iter; left time: 2670.9413s
	iters: 1300, epoch: 7 | loss: 0.7207212
	speed: 0.0208s/iter; left time: 2651.4147s
Epoch: 7 cost time: 35.51219606399536
Epoch: 7, Steps: 1372 | Train Loss: 0.6636723 Vali Loss: 0.6684037 Vali AUC: 0.7336417
EarlyStopping counter: 1 out of 30
Updating learning rate to 6.561e-05
	iters: 100, epoch: 8 | loss: 0.6816559
	speed: 0.3129s/iter; left time: 39891.3351s
	iters: 200, epoch: 8 | loss: 0.6568940
	speed: 0.0212s/iter; left time: 2698.5616s
	iters: 300, epoch: 8 | loss: 0.6613287
	speed: 0.0219s/iter; left time: 2790.3419s
	iters: 400, epoch: 8 | loss: 0.6404952
	speed: 0.0221s/iter; left time: 2817.2603s
	iters: 500, epoch: 8 | loss: 0.7429141
	speed: 0.0209s/iter; left time: 2651.2537s
	iters: 600, epoch: 8 | loss: 0.5941637
	speed: 0.0216s/iter; left time: 2746.1068s
	iters: 700, epoch: 8 | loss: 0.5698460
	speed: 0.0261s/iter; left time: 3312.4745s
	iters: 800, epoch: 8 | loss: 0.6614698
	speed: 0.0258s/iter; left time: 3267.7297s
	iters: 900, epoch: 8 | loss: 0.6178848
	speed: 0.0270s/iter; left time: 3421.2459s
	iters: 1000, epoch: 8 | loss: 0.7649130
	speed: 0.0299s/iter; left time: 3781.0564s
	iters: 1100, epoch: 8 | loss: 0.7448237
	speed: 0.0293s/iter; left time: 3705.4279s
	iters: 1200, epoch: 8 | loss: 0.6931488
	speed: 0.0293s/iter; left time: 3708.1339s
	iters: 1300, epoch: 8 | loss: 0.6753479
	speed: 0.0279s/iter; left time: 3521.2304s
Epoch: 8 cost time: 42.756802797317505
Epoch: 8, Steps: 1372 | Train Loss: 0.6631280 Vali Loss: 0.6696898 Vali AUC: 0.7452804
EarlyStopping counter: 2 out of 30
Updating learning rate to 5.904900000000001e-05
	iters: 100, epoch: 9 | loss: 0.5683306
	speed: 0.3230s/iter; left time: 40734.7205s
	iters: 200, epoch: 9 | loss: 0.6298400
	speed: 0.0210s/iter; left time: 2643.5010s
	iters: 300, epoch: 9 | loss: 0.6378887
	speed: 0.0215s/iter; left time: 2702.9160s
	iters: 400, epoch: 9 | loss: 0.6931472
	speed: 0.0233s/iter; left time: 2928.2116s
	iters: 500, epoch: 9 | loss: 0.5957372
	speed: 0.0235s/iter; left time: 2955.6501s
	iters: 600, epoch: 9 | loss: 0.6614901
	speed: 0.0223s/iter; left time: 2796.6004s
	iters: 700, epoch: 9 | loss: 0.7347456
	speed: 0.0251s/iter; left time: 3149.0812s
	iters: 800, epoch: 9 | loss: 0.5665299
	speed: 0.0266s/iter; left time: 3331.5803s
	iters: 900, epoch: 9 | loss: 0.6629872
	speed: 0.0286s/iter; left time: 3582.8048s
	iters: 1000, epoch: 9 | loss: 0.6298539
	speed: 0.0226s/iter; left time: 2833.8862s
	iters: 1100, epoch: 9 | loss: 0.6294560
	speed: 0.0212s/iter; left time: 2655.8675s
	iters: 1200, epoch: 9 | loss: 0.6051111
	speed: 0.0233s/iter; left time: 2909.1245s
	iters: 1300, epoch: 9 | loss: 0.6614928
	speed: 0.0193s/iter; left time: 2411.9428s
Epoch: 9 cost time: 38.664557695388794
Epoch: 9, Steps: 1372 | Train Loss: 0.6621950 Vali Loss: 0.6569911 Vali AUC: 0.7030028
Validation loss decreased (0.667802 --> 0.656991).  Saving model ...
Updating learning rate to 5.3144100000000005e-05
	iters: 100, epoch: 10 | loss: 0.6876470
	speed: 0.3047s/iter; left time: 38011.8090s
	iters: 200, epoch: 10 | loss: 0.6618416
	speed: 0.0213s/iter; left time: 2658.9955s
	iters: 300, epoch: 10 | loss: 0.5668757
	speed: 0.0219s/iter; left time: 2733.7853s
	iters: 400, epoch: 10 | loss: 0.6976936
	speed: 0.0212s/iter; left time: 2642.4658s
	iters: 500, epoch: 10 | loss: 0.7448236
	speed: 0.0218s/iter; left time: 2706.2265s
	iters: 600, epoch: 10 | loss: 0.6614901
	speed: 0.0225s/iter; left time: 2793.3993s
	iters: 700, epoch: 10 | loss: 0.7130814
	speed: 0.0224s/iter; left time: 2778.0426s
	iters: 800, epoch: 10 | loss: 0.5349821
	speed: 0.0212s/iter; left time: 2631.4514s
	iters: 900, epoch: 10 | loss: 0.6298336
	speed: 0.0196s/iter; left time: 2427.9888s
	iters: 1000, epoch: 10 | loss: 0.6472288
	speed: 0.0194s/iter; left time: 2407.2703s
	iters: 1100, epoch: 10 | loss: 0.6949457
	speed: 0.0191s/iter; left time: 2361.5288s
	iters: 1200, epoch: 10 | loss: 0.6500762
	speed: 0.0202s/iter; left time: 2500.4318s
	iters: 1300, epoch: 10 | loss: 0.5981972
	speed: 0.0197s/iter; left time: 2428.2806s
Epoch: 10 cost time: 36.01210284233093
Epoch: 10, Steps: 1372 | Train Loss: 0.6606045 Vali Loss: 0.6681980 Vali AUC: 0.7434715
EarlyStopping counter: 1 out of 30
Updating learning rate to 4.782969000000001e-05
	iters: 100, epoch: 11 | loss: 0.5982025
	speed: 0.2962s/iter; left time: 36546.3690s
	iters: 200, epoch: 11 | loss: 0.6298330
	speed: 0.0201s/iter; left time: 2479.2769s
	iters: 300, epoch: 11 | loss: 0.6931185
	speed: 0.0196s/iter; left time: 2417.7673s
	iters: 400, epoch: 11 | loss: 0.6298329
	speed: 0.0203s/iter; left time: 2496.9781s
	iters: 500, epoch: 11 | loss: 0.6931472
	speed: 0.0212s/iter; left time: 2604.0383s
	iters: 600, epoch: 11 | loss: 0.6614901
	speed: 0.0216s/iter; left time: 2652.7077s
	iters: 700, epoch: 11 | loss: 0.6519791
	speed: 0.0218s/iter; left time: 2678.4862s
	iters: 800, epoch: 11 | loss: 0.6852724
	speed: 0.0215s/iter; left time: 2636.8191s
	iters: 900, epoch: 11 | loss: 0.6280338
	speed: 0.0211s/iter; left time: 2581.3465s
	iters: 1000, epoch: 11 | loss: 0.6615090
	speed: 0.0208s/iter; left time: 2548.5167s
	iters: 1100, epoch: 11 | loss: 0.7376310
	speed: 0.0204s/iter; left time: 2500.2263s
	iters: 1200, epoch: 11 | loss: 0.6614901
	speed: 0.0189s/iter; left time: 2306.6330s
	iters: 1300, epoch: 11 | loss: 0.6299380
	speed: 0.0198s/iter; left time: 2425.0104s
Epoch: 11 cost time: 36.03077960014343
Epoch: 11, Steps: 1372 | Train Loss: 0.6596315 Vali Loss: 0.6571004 Vali AUC: 0.7206322
EarlyStopping counter: 2 out of 30
Updating learning rate to 4.304672100000001e-05
	iters: 100, epoch: 12 | loss: 0.6499660
	speed: 0.3032s/iter; left time: 36995.0675s
	iters: 200, epoch: 12 | loss: 0.6931558
	speed: 0.0215s/iter; left time: 2615.3137s
	iters: 300, epoch: 12 | loss: 0.6725823
	speed: 0.0212s/iter; left time: 2576.5522s
	iters: 400, epoch: 12 | loss: 0.6822623
	speed: 0.0207s/iter; left time: 2516.8041s
	iters: 500, epoch: 12 | loss: 0.6530182
	speed: 0.0249s/iter; left time: 3029.2459s
	iters: 600, epoch: 12 | loss: 0.5665187
	speed: 0.0292s/iter; left time: 3544.3620s
	iters: 700, epoch: 12 | loss: 0.6931472
	speed: 0.0291s/iter; left time: 3535.9134s
	iters: 800, epoch: 12 | loss: 0.6614901
	speed: 0.0295s/iter; left time: 3583.9216s
	iters: 900, epoch: 12 | loss: 0.6799674
	speed: 0.0303s/iter; left time: 3675.5529s
	iters: 1000, epoch: 12 | loss: 0.6931472
	speed: 0.0293s/iter; left time: 3550.1674s
	iters: 1100, epoch: 12 | loss: 0.6614897
	speed: 0.0290s/iter; left time: 3503.6208s
	iters: 1200, epoch: 12 | loss: 0.6614901
	speed: 0.0285s/iter; left time: 3450.7358s
	iters: 1300, epoch: 12 | loss: 0.6148482
	speed: 0.0289s/iter; left time: 3486.3670s
Epoch: 12 cost time: 44.68828725814819
Epoch: 12, Steps: 1372 | Train Loss: 0.6604582 Vali Loss: 0.6578411 Vali AUC: 0.6968935
EarlyStopping counter: 3 out of 30
Updating learning rate to 3.874204890000001e-05
	iters: 100, epoch: 13 | loss: 0.7131662
	speed: 0.3226s/iter; left time: 38920.6709s
	iters: 200, epoch: 13 | loss: 0.6505494
	speed: 0.0265s/iter; left time: 3189.9667s
	iters: 300, epoch: 13 | loss: 0.6614929
	speed: 0.0253s/iter; left time: 3047.5640s
	iters: 400, epoch: 13 | loss: 0.5674433
	speed: 0.0303s/iter; left time: 3640.3272s
	iters: 500, epoch: 13 | loss: 0.6298329
	speed: 0.0291s/iter; left time: 3493.2300s
	iters: 600, epoch: 13 | loss: 0.6614901
	speed: 0.0280s/iter; left time: 3367.9419s
	iters: 700, epoch: 13 | loss: 0.7964849
	speed: 0.0235s/iter; left time: 2815.1799s
	iters: 800, epoch: 13 | loss: 0.6421109
	speed: 0.0303s/iter; left time: 3633.8340s
	iters: 900, epoch: 13 | loss: 0.7648582
	speed: 0.0288s/iter; left time: 3455.8637s
	iters: 1000, epoch: 13 | loss: 0.5981014
	speed: 0.0279s/iter; left time: 3343.7077s
	iters: 1100, epoch: 13 | loss: 0.6730622
	speed: 0.0282s/iter; left time: 3376.5564s
	iters: 1200, epoch: 13 | loss: 0.7008318
	speed: 0.0255s/iter; left time: 3053.3100s
	iters: 1300, epoch: 13 | loss: 0.6814502
	speed: 0.0272s/iter; left time: 3253.1916s
Epoch: 13 cost time: 45.08130431175232
Epoch: 13, Steps: 1372 | Train Loss: 0.6590658 Vali Loss: 0.6611567 Vali AUC: 0.7324193
EarlyStopping counter: 4 out of 30
Updating learning rate to 3.486784401000001e-05
	iters: 100, epoch: 14 | loss: 0.6849836
	speed: 0.2982s/iter; left time: 35562.5018s
	iters: 200, epoch: 14 | loss: 0.7440394
	speed: 0.0212s/iter; left time: 2528.9688s
	iters: 300, epoch: 14 | loss: 0.6298330
	speed: 0.0207s/iter; left time: 2461.5183s
	iters: 400, epoch: 14 | loss: 0.6614903
	speed: 0.0205s/iter; left time: 2444.6625s
	iters: 500, epoch: 14 | loss: 0.6490141
	speed: 0.0210s/iter; left time: 2492.2883s
	iters: 600, epoch: 14 | loss: 0.4757771
	speed: 0.0212s/iter; left time: 2513.1030s
	iters: 700, epoch: 14 | loss: 0.5981759
	speed: 0.0213s/iter; left time: 2525.5692s
	iters: 800, epoch: 14 | loss: 0.7964956
	speed: 0.0204s/iter; left time: 2414.5157s
	iters: 900, epoch: 14 | loss: 0.5356970
	speed: 0.0199s/iter; left time: 2358.0625s
	iters: 1000, epoch: 14 | loss: 0.6931515
	speed: 0.0204s/iter; left time: 2410.4010s
	iters: 1100, epoch: 14 | loss: 0.6614901
	speed: 0.0204s/iter; left time: 2414.3612s
	iters: 1200, epoch: 14 | loss: 0.6298316
	speed: 0.0203s/iter; left time: 2402.2595s
	iters: 1300, epoch: 14 | loss: 0.6314847
	speed: 0.0207s/iter; left time: 2448.8332s
Epoch: 14 cost time: 35.77448320388794
Epoch: 14, Steps: 1372 | Train Loss: 0.6576515 Vali Loss: 0.6620772 Vali AUC: 0.7333811
EarlyStopping counter: 5 out of 30
Updating learning rate to 3.138105960900001e-05
	iters: 100, epoch: 15 | loss: 0.6298332
	speed: 0.2975s/iter; left time: 35075.0080s
	iters: 200, epoch: 15 | loss: 0.6297710
	speed: 0.0215s/iter; left time: 2526.8884s
	iters: 300, epoch: 15 | loss: 0.6025492
	speed: 0.0215s/iter; left time: 2532.9191s
	iters: 400, epoch: 15 | loss: 0.7131654
	speed: 0.0215s/iter; left time: 2530.8965s
	iters: 500, epoch: 15 | loss: 0.6466834
	speed: 0.0201s/iter; left time: 2359.8624s
	iters: 600, epoch: 15 | loss: 0.6931471
	speed: 0.0208s/iter; left time: 2441.1882s
	iters: 700, epoch: 15 | loss: 0.7648774
	speed: 0.0202s/iter; left time: 2366.6723s
	iters: 800, epoch: 15 | loss: 0.6498520
	speed: 0.0199s/iter; left time: 2337.1938s
	iters: 900, epoch: 15 | loss: 0.6545694
	speed: 0.0217s/iter; left time: 2546.1898s
	iters: 1000, epoch: 15 | loss: 0.6318916
	speed: 0.0198s/iter; left time: 2314.2963s
	iters: 1100, epoch: 15 | loss: 0.6931496
	speed: 0.0196s/iter; left time: 2295.1592s
	iters: 1200, epoch: 15 | loss: 0.7131829
	speed: 0.0199s/iter; left time: 2320.8891s
	iters: 1300, epoch: 15 | loss: 0.6134255
	speed: 0.0200s/iter; left time: 2334.8154s
Epoch: 15 cost time: 35.87898778915405
Epoch: 15, Steps: 1372 | Train Loss: 0.6571866 Vali Loss: 0.6607726 Vali AUC: 0.7310462
EarlyStopping counter: 6 out of 30
Updating learning rate to 2.824295364810001e-05
	iters: 100, epoch: 16 | loss: 0.7131664
	speed: 0.3018s/iter; left time: 35167.0213s
	iters: 200, epoch: 16 | loss: 0.6354618
	speed: 0.0218s/iter; left time: 2537.3256s
	iters: 300, epoch: 16 | loss: 0.6327135
	speed: 0.0216s/iter; left time: 2513.6913s
	iters: 400, epoch: 16 | loss: 0.7911134
	speed: 0.0222s/iter; left time: 2575.4040s
	iters: 500, epoch: 16 | loss: 0.6298573
	speed: 0.0220s/iter; left time: 2560.3677s
	iters: 600, epoch: 16 | loss: 0.6815156
	speed: 0.0224s/iter; left time: 2602.1148s
	iters: 700, epoch: 16 | loss: 0.6931764
	speed: 0.0253s/iter; left time: 2933.7252s
	iters: 800, epoch: 16 | loss: 0.6298327
	speed: 0.0278s/iter; left time: 3216.7570s
	iters: 900, epoch: 16 | loss: 0.6814432
	speed: 0.0281s/iter; left time: 3255.9912s
	iters: 1000, epoch: 16 | loss: 0.6298329
	speed: 0.0291s/iter; left time: 3363.0377s
	iters: 1100, epoch: 16 | loss: 0.6983754
	speed: 0.0283s/iter; left time: 3264.2709s
	iters: 1200, epoch: 16 | loss: 0.6931524
	speed: 0.0288s/iter; left time: 3324.4703s
	iters: 1300, epoch: 16 | loss: 0.6614901
	speed: 0.0280s/iter; left time: 3230.8669s
Epoch: 16 cost time: 42.180318117141724
Epoch: 16, Steps: 1372 | Train Loss: 0.6564196 Vali Loss: 0.6575476 Vali AUC: 0.7279744
EarlyStopping counter: 7 out of 30
Updating learning rate to 2.541865828329001e-05
	iters: 100, epoch: 17 | loss: 0.5975343
	speed: 0.3251s/iter; left time: 37435.5098s
	iters: 200, epoch: 17 | loss: 0.6047503
	speed: 0.0228s/iter; left time: 2624.4736s
	iters: 300, epoch: 17 | loss: 0.7389378
	speed: 0.0230s/iter; left time: 2638.9207s
	iters: 400, epoch: 17 | loss: 0.7745236
	speed: 0.0220s/iter; left time: 2523.1975s
	iters: 500, epoch: 17 | loss: 0.7437075
	speed: 0.0224s/iter; left time: 2569.5525s
	iters: 600, epoch: 17 | loss: 0.8143985
	speed: 0.0239s/iter; left time: 2739.8898s
	iters: 700, epoch: 17 | loss: 0.6470001
	speed: 0.0299s/iter; left time: 3425.7621s
	iters: 800, epoch: 17 | loss: 0.6498508
	speed: 0.0280s/iter; left time: 3208.6123s
	iters: 900, epoch: 17 | loss: 0.6426342
	speed: 0.0242s/iter; left time: 2768.6873s
	iters: 1000, epoch: 17 | loss: 0.6780767
	speed: 0.0282s/iter; left time: 3227.2864s
	iters: 1100, epoch: 17 | loss: 0.6314758
	speed: 0.0283s/iter; left time: 3229.8320s
	iters: 1200, epoch: 17 | loss: 0.6298330
	speed: 0.0267s/iter; left time: 3048.1427s
	iters: 1300, epoch: 17 | loss: 0.7649872
	speed: 0.0277s/iter; left time: 3152.1937s
Epoch: 17 cost time: 42.56302261352539
Epoch: 17, Steps: 1372 | Train Loss: 0.6555817 Vali Loss: 0.6566590 Vali AUC: 0.7203321
Validation loss decreased (0.656991 --> 0.656659).  Saving model ...
Updating learning rate to 2.287679245496101e-05
	iters: 100, epoch: 18 | loss: 0.6614391
	speed: 0.3046s/iter; left time: 34661.1560s
	iters: 200, epoch: 18 | loss: 0.6264037
	speed: 0.0209s/iter; left time: 2381.0136s
	iters: 300, epoch: 18 | loss: 0.5977269
	speed: 0.0211s/iter; left time: 2392.7418s
	iters: 400, epoch: 18 | loss: 0.6298330
	speed: 0.0217s/iter; left time: 2457.4669s
	iters: 500, epoch: 18 | loss: 0.6932644
	speed: 0.0218s/iter; left time: 2475.4582s
	iters: 600, epoch: 18 | loss: 0.7964996
	speed: 0.0211s/iter; left time: 2390.8519s
	iters: 700, epoch: 18 | loss: 0.6298331
	speed: 0.0210s/iter; left time: 2382.0316s
	iters: 800, epoch: 18 | loss: 0.6931474
	speed: 0.0206s/iter; left time: 2331.1563s
	iters: 900, epoch: 18 | loss: 0.6328890
	speed: 0.0202s/iter; left time: 2285.2230s
	iters: 1000, epoch: 18 | loss: 0.7288935
	speed: 0.0213s/iter; left time: 2399.1804s
	iters: 1100, epoch: 18 | loss: 0.6614436
	speed: 0.0220s/iter; left time: 2486.0431s
	iters: 1200, epoch: 18 | loss: 0.5986187
	speed: 0.0203s/iter; left time: 2291.1054s
	iters: 1300, epoch: 18 | loss: 0.6613795
	speed: 0.0206s/iter; left time: 2322.3411s
Epoch: 18 cost time: 36.1825487613678
Epoch: 18, Steps: 1372 | Train Loss: 0.6556949 Vali Loss: 0.6551667 Vali AUC: 0.7178619
Validation loss decreased (0.656659 --> 0.655167).  Saving model ...
Updating learning rate to 2.0589113209464907e-05
	iters: 100, epoch: 19 | loss: 0.6090423
	speed: 0.3088s/iter; left time: 34715.5470s
	iters: 200, epoch: 19 | loss: 0.5666049
	speed: 0.0200s/iter; left time: 2246.3169s
	iters: 300, epoch: 19 | loss: 0.7071128
	speed: 0.0199s/iter; left time: 2233.3169s
	iters: 400, epoch: 19 | loss: 0.7752990
	speed: 0.0208s/iter; left time: 2327.7074s
	iters: 500, epoch: 19 | loss: 0.6298331
	speed: 0.0199s/iter; left time: 2230.2919s
	iters: 600, epoch: 19 | loss: 0.6297533
	speed: 0.0200s/iter; left time: 2243.0916s
	iters: 700, epoch: 19 | loss: 0.6298403
	speed: 0.0212s/iter; left time: 2365.8188s
	iters: 800, epoch: 19 | loss: 0.6614925
	speed: 0.0208s/iter; left time: 2321.7195s
	iters: 900, epoch: 19 | loss: 0.6612917
	speed: 0.0205s/iter; left time: 2290.7222s
	iters: 1000, epoch: 19 | loss: 0.5981742
	speed: 0.0193s/iter; left time: 2156.4780s
	iters: 1100, epoch: 19 | loss: 0.6614868
	speed: 0.0200s/iter; left time: 2228.1799s
	iters: 1200, epoch: 19 | loss: 0.5845048
	speed: 0.0206s/iter; left time: 2290.7955s
	iters: 1300, epoch: 19 | loss: 0.6498641
	speed: 0.0199s/iter; left time: 2216.6423s
Epoch: 19 cost time: 36.08392548561096
Epoch: 19, Steps: 1372 | Train Loss: 0.6540583 Vali Loss: 0.6575553 Vali AUC: 0.7256995
EarlyStopping counter: 1 out of 30
Updating learning rate to 1.8530201888518416e-05
	iters: 100, epoch: 20 | loss: 0.6614901
	speed: 0.3076s/iter; left time: 34152.3554s
	iters: 200, epoch: 20 | loss: 0.6298329
	speed: 0.0211s/iter; left time: 2337.1392s
	iters: 300, epoch: 20 | loss: 0.6930413
	speed: 0.0221s/iter; left time: 2446.9249s
	iters: 400, epoch: 20 | loss: 0.7646240
	speed: 0.0217s/iter; left time: 2405.4185s
	iters: 500, epoch: 20 | loss: 0.6298329
	speed: 0.0210s/iter; left time: 2318.4314s
	iters: 600, epoch: 20 | loss: 0.6767065
	speed: 0.0196s/iter; left time: 2162.4825s
	iters: 700, epoch: 20 | loss: 0.6298330
	speed: 0.0201s/iter; left time: 2218.8515s
	iters: 800, epoch: 20 | loss: 0.5981819
	speed: 0.0198s/iter; left time: 2188.4874s
	iters: 900, epoch: 20 | loss: 0.6570210
	speed: 0.0254s/iter; left time: 2801.9941s
	iters: 1000, epoch: 20 | loss: 0.5981526
	speed: 0.0287s/iter; left time: 3162.4885s
	iters: 1100, epoch: 20 | loss: 0.6598067
	speed: 0.0273s/iter; left time: 3001.5480s
	iters: 1200, epoch: 20 | loss: 0.6614901
	speed: 0.0293s/iter; left time: 3216.6166s
	iters: 1300, epoch: 20 | loss: 0.5981759
	speed: 0.0291s/iter; left time: 3192.4199s
Epoch: 20 cost time: 41.218403816223145
Epoch: 20, Steps: 1372 | Train Loss: 0.6549769 Vali Loss: 0.6542452 Vali AUC: 0.7094698
Validation loss decreased (0.655167 --> 0.654245).  Saving model ...
Updating learning rate to 1.6677181699666577e-05
	iters: 100, epoch: 21 | loss: 0.7485420
	speed: 0.3219s/iter; left time: 35302.8939s
	iters: 200, epoch: 21 | loss: 0.6041133
	speed: 0.0228s/iter; left time: 2498.9596s
	iters: 300, epoch: 21 | loss: 0.5664990
	speed: 0.0227s/iter; left time: 2480.4808s
	iters: 400, epoch: 21 | loss: 0.5984766
	speed: 0.0229s/iter; left time: 2505.9495s
	iters: 500, epoch: 21 | loss: 0.6613387
	speed: 0.0254s/iter; left time: 2778.7182s
	iters: 600, epoch: 21 | loss: 0.6501684
	speed: 0.0281s/iter; left time: 3065.4619s
	iters: 700, epoch: 21 | loss: 0.6298396
	speed: 0.0283s/iter; left time: 3087.8506s
	iters: 800, epoch: 21 | loss: 0.5667584
	speed: 0.0288s/iter; left time: 3142.4992s
	iters: 900, epoch: 21 | loss: 0.5981153
	speed: 0.0296s/iter; left time: 3218.5625s
	iters: 1000, epoch: 21 | loss: 0.6298307
	speed: 0.0264s/iter; left time: 2872.9449s
	iters: 1100, epoch: 21 | loss: 0.6614901
	speed: 0.0272s/iter; left time: 2952.0331s
	iters: 1200, epoch: 21 | loss: 0.6489432
	speed: 0.0235s/iter; left time: 2553.9195s
	iters: 1300, epoch: 21 | loss: 0.7132194
	speed: 0.0278s/iter; left time: 3013.3138s
Epoch: 21 cost time: 44.199196577072144
Epoch: 21, Steps: 1372 | Train Loss: 0.6558298 Vali Loss: 0.6569485 Vali AUC: 0.7237047
EarlyStopping counter: 1 out of 30
Updating learning rate to 1.5009463529699919e-05
	iters: 100, epoch: 22 | loss: 0.7138958
	speed: 0.3155s/iter; left time: 34163.4997s
	iters: 200, epoch: 22 | loss: 0.5981760
	speed: 0.0205s/iter; left time: 2214.1529s
	iters: 300, epoch: 22 | loss: 0.6306954
	speed: 0.0203s/iter; left time: 2191.1173s
	iters: 400, epoch: 22 | loss: 0.6298329
	speed: 0.0201s/iter; left time: 2167.2015s
	iters: 500, epoch: 22 | loss: 0.5049866
	speed: 0.0200s/iter; left time: 2159.1806s
	iters: 600, epoch: 22 | loss: 0.6664659
	speed: 0.0204s/iter; left time: 2201.5125s
	iters: 700, epoch: 22 | loss: 0.7131664
	speed: 0.0198s/iter; left time: 2129.9643s
	iters: 800, epoch: 22 | loss: 0.7445506
	speed: 0.0201s/iter; left time: 2157.2542s
	iters: 900, epoch: 22 | loss: 0.6300370
	speed: 0.0193s/iter; left time: 2078.4003s
	iters: 1000, epoch: 22 | loss: 0.5647227
	speed: 0.0189s/iter; left time: 2029.9321s
	iters: 1100, epoch: 22 | loss: 0.5835096
	speed: 0.0210s/iter; left time: 2249.1943s
	iters: 1200, epoch: 22 | loss: 0.6815092
	speed: 0.0200s/iter; left time: 2139.3432s
	iters: 1300, epoch: 22 | loss: 0.7454633
	speed: 0.0198s/iter; left time: 2124.6976s
Epoch: 22 cost time: 36.223896980285645
Epoch: 22, Steps: 1372 | Train Loss: 0.6543797 Vali Loss: 0.6536561 Vali AUC: 0.7055030
Validation loss decreased (0.654245 --> 0.653656).  Saving model ...
Updating learning rate to 1.3508517176729929e-05
	iters: 100, epoch: 23 | loss: 0.7447593
	speed: 0.2993s/iter; left time: 31995.7468s
	iters: 200, epoch: 23 | loss: 0.6805798
	speed: 0.0200s/iter; left time: 2139.4457s
	iters: 300, epoch: 23 | loss: 0.6266744
	speed: 0.0195s/iter; left time: 2085.2176s
	iters: 400, epoch: 23 | loss: 0.5982428
	speed: 0.0196s/iter; left time: 2092.0179s
	iters: 500, epoch: 23 | loss: 0.6614852
	speed: 0.0195s/iter; left time: 2075.6406s
	iters: 600, epoch: 23 | loss: 0.6927163
	speed: 0.0195s/iter; left time: 2078.5963s
	iters: 700, epoch: 23 | loss: 0.5981759
	speed: 0.0197s/iter; left time: 2093.3104s
	iters: 800, epoch: 23 | loss: 0.6298317
	speed: 0.0204s/iter; left time: 2168.2401s
	iters: 900, epoch: 23 | loss: 0.6614901
	speed: 0.0206s/iter; left time: 2188.6282s
	iters: 1000, epoch: 23 | loss: 0.5665194
	speed: 0.0198s/iter; left time: 2097.5536s
	iters: 1100, epoch: 23 | loss: 0.6814772
	speed: 0.0194s/iter; left time: 2055.1212s
	iters: 1200, epoch: 23 | loss: 0.6264920
	speed: 0.0205s/iter; left time: 2164.7542s
	iters: 1300, epoch: 23 | loss: 0.7131822
	speed: 0.0202s/iter; left time: 2132.1321s
Epoch: 23 cost time: 34.79879331588745
Epoch: 23, Steps: 1372 | Train Loss: 0.6545137 Vali Loss: 0.6558759 Vali AUC: 0.7204775
EarlyStopping counter: 1 out of 30
Updating learning rate to 1.2157665459056936e-05
	iters: 100, epoch: 24 | loss: 0.6615003
	speed: 0.3044s/iter; left time: 32124.6771s
	iters: 200, epoch: 24 | loss: 0.5981747
	speed: 0.0217s/iter; left time: 2285.3897s
	iters: 300, epoch: 24 | loss: 0.6298031
	speed: 0.0224s/iter; left time: 2360.4606s
	iters: 400, epoch: 24 | loss: 0.6835753
	speed: 0.0220s/iter; left time: 2310.5663s
	iters: 500, epoch: 24 | loss: 0.5981917
	speed: 0.0218s/iter; left time: 2289.1544s
	iters: 600, epoch: 24 | loss: 0.6814975
	speed: 0.0198s/iter; left time: 2082.6725s
	iters: 700, epoch: 24 | loss: 0.7015289
	speed: 0.0199s/iter; left time: 2085.2571s
	iters: 800, epoch: 24 | loss: 0.6618139
	speed: 0.0201s/iter; left time: 2105.8747s
	iters: 900, epoch: 24 | loss: 0.6003851
	speed: 0.0209s/iter; left time: 2184.6388s
	iters: 1000, epoch: 24 | loss: 0.7131618
	speed: 0.0226s/iter; left time: 2364.8991s
	iters: 1100, epoch: 24 | loss: 0.6283007
	speed: 0.0218s/iter; left time: 2274.8108s
	iters: 1200, epoch: 24 | loss: 0.6614901
	speed: 0.0229s/iter; left time: 2388.3471s
	iters: 1300, epoch: 24 | loss: 0.7332549
	speed: 0.0292s/iter; left time: 3046.8161s
Epoch: 24 cost time: 38.32433557510376
Epoch: 24, Steps: 1372 | Train Loss: 0.6532928 Vali Loss: 0.6557832 Vali AUC: 0.7188384
EarlyStopping counter: 2 out of 30
Updating learning rate to 1.0941898913151242e-05
	iters: 100, epoch: 25 | loss: 0.5723010
	speed: 0.3260s/iter; left time: 33963.7387s
	iters: 200, epoch: 25 | loss: 0.5349672
	speed: 0.0213s/iter; left time: 2214.1884s
	iters: 300, epoch: 25 | loss: 0.5989199
	speed: 0.0231s/iter; left time: 2401.7678s
	iters: 400, epoch: 25 | loss: 0.7084608
	speed: 0.0218s/iter; left time: 2264.3649s
	iters: 500, epoch: 25 | loss: 0.6498520
	speed: 0.0221s/iter; left time: 2292.1656s
	iters: 600, epoch: 25 | loss: 0.6298329
	speed: 0.0265s/iter; left time: 2750.8452s
	iters: 700, epoch: 25 | loss: 0.6298217
	speed: 0.0266s/iter; left time: 2756.1595s
	iters: 800, epoch: 25 | loss: 0.6498514
	speed: 0.0277s/iter; left time: 2865.2385s
	iters: 900, epoch: 25 | loss: 0.7648411
	speed: 0.0277s/iter; left time: 2859.1762s
	iters: 1000, epoch: 25 | loss: 0.6260527
	speed: 0.0277s/iter; left time: 2862.3327s
	iters: 1100, epoch: 25 | loss: 0.6931476
	speed: 0.0277s/iter; left time: 2854.5258s
	iters: 1200, epoch: 25 | loss: 0.6614645
	speed: 0.0287s/iter; left time: 2962.2508s
	iters: 1300, epoch: 25 | loss: 0.6181949
	speed: 0.0282s/iter; left time: 2905.8740s
Epoch: 25 cost time: 42.85654854774475
Epoch: 25, Steps: 1372 | Train Loss: 0.6538927 Vali Loss: 0.6534636 Vali AUC: 0.7118389
Validation loss decreased (0.653656 --> 0.653464).  Saving model ...
Updating learning rate to 9.847709021836118e-06
	iters: 100, epoch: 26 | loss: 0.6298313
	speed: 0.3244s/iter; left time: 33346.5195s
	iters: 200, epoch: 26 | loss: 0.5980680
	speed: 0.0213s/iter; left time: 2188.9989s
	iters: 300, epoch: 26 | loss: 0.6631133
	speed: 0.0227s/iter; left time: 2327.3025s
	iters: 400, epoch: 26 | loss: 0.5981771
	speed: 0.0217s/iter; left time: 2229.0763s
	iters: 500, epoch: 26 | loss: 0.6298330
	speed: 0.0226s/iter; left time: 2319.1533s
	iters: 600, epoch: 26 | loss: 0.6151460
	speed: 0.0220s/iter; left time: 2247.9847s
	iters: 700, epoch: 26 | loss: 0.6181949
	speed: 0.0199s/iter; left time: 2035.0314s
	iters: 800, epoch: 26 | loss: 0.6599388
	speed: 0.0192s/iter; left time: 1958.6684s
	iters: 900, epoch: 26 | loss: 0.5449557
	speed: 0.0194s/iter; left time: 1980.2971s
	iters: 1000, epoch: 26 | loss: 0.6018166
	speed: 0.0195s/iter; left time: 1987.6218s
	iters: 1100, epoch: 26 | loss: 0.6194824
	speed: 0.0193s/iter; left time: 1964.2492s
	iters: 1200, epoch: 26 | loss: 0.6330938
	speed: 0.0198s/iter; left time: 2009.8230s
	iters: 1300, epoch: 26 | loss: 0.4716005
	speed: 0.0201s/iter; left time: 2039.0194s
Epoch: 26 cost time: 35.960034132003784
Epoch: 26, Steps: 1372 | Train Loss: 0.6542508 Vali Loss: 0.6530453 Vali AUC: 0.7065051
Validation loss decreased (0.653464 --> 0.653045).  Saving model ...
Updating learning rate to 8.862938119652508e-06
	iters: 100, epoch: 27 | loss: 0.6931455
	speed: 0.3030s/iter; left time: 30736.9609s
	iters: 200, epoch: 27 | loss: 0.7331764
	speed: 0.0191s/iter; left time: 1932.0740s
	iters: 300, epoch: 27 | loss: 0.6298502
	speed: 0.0197s/iter; left time: 1996.9989s
	iters: 400, epoch: 27 | loss: 0.5981745
	speed: 0.0195s/iter; left time: 1974.7097s
	iters: 500, epoch: 27 | loss: 0.6614914
	speed: 0.0198s/iter; left time: 1998.7462s
	iters: 600, epoch: 27 | loss: 0.7130248
	speed: 0.0192s/iter; left time: 1936.3998s
	iters: 700, epoch: 27 | loss: 0.6659967
	speed: 0.0194s/iter; left time: 1959.9124s
	iters: 800, epoch: 27 | loss: 0.6816868
	speed: 0.0195s/iter; left time: 1964.7069s
	iters: 900, epoch: 27 | loss: 0.5981793
	speed: 0.0193s/iter; left time: 1944.5476s
	iters: 1000, epoch: 27 | loss: 0.6298329
	speed: 0.0203s/iter; left time: 2037.4534s
	iters: 1100, epoch: 27 | loss: 0.6614890
	speed: 0.0196s/iter; left time: 1966.0552s
	iters: 1200, epoch: 27 | loss: 0.6816823
	speed: 0.0196s/iter; left time: 1966.2975s
	iters: 1300, epoch: 27 | loss: 0.6298558
	speed: 0.0194s/iter; left time: 1947.6214s
Epoch: 27 cost time: 35.13842010498047
Epoch: 27, Steps: 1372 | Train Loss: 0.6545376 Vali Loss: 0.6530623 Vali AUC: 0.7071432
EarlyStopping counter: 1 out of 30
Updating learning rate to 7.976644307687255e-06
	iters: 100, epoch: 28 | loss: 0.5665188
	speed: 0.3061s/iter; left time: 30626.3626s
	iters: 200, epoch: 28 | loss: 0.6614777
	speed: 0.0216s/iter; left time: 2155.9996s
	iters: 300, epoch: 28 | loss: 0.7068564
	speed: 0.0205s/iter; left time: 2044.0056s
	iters: 400, epoch: 28 | loss: 0.7121390
	speed: 0.0213s/iter; left time: 2129.3108s
	iters: 500, epoch: 28 | loss: 0.6931472
	speed: 0.0205s/iter; left time: 2040.6366s
	iters: 600, epoch: 28 | loss: 0.6669403
	speed: 0.0204s/iter; left time: 2028.9468s
	iters: 700, epoch: 28 | loss: 0.7242020
	speed: 0.0203s/iter; left time: 2015.0268s
	iters: 800, epoch: 28 | loss: 0.6298491
	speed: 0.0195s/iter; left time: 1936.6483s
	iters: 900, epoch: 28 | loss: 0.7131585
	speed: 0.0207s/iter; left time: 2053.8271s
	iters: 1000, epoch: 28 | loss: 0.5665187
	speed: 0.0199s/iter; left time: 1975.5000s
	iters: 1100, epoch: 28 | loss: 0.6509874
	speed: 0.0207s/iter; left time: 2050.9994s
	iters: 1200, epoch: 28 | loss: 0.6612492
	speed: 0.0213s/iter; left time: 2112.6760s
	iters: 1300, epoch: 28 | loss: 0.6614901
	speed: 0.0215s/iter; left time: 2126.5515s
Epoch: 28 cost time: 37.25631237030029
Epoch: 28, Steps: 1372 | Train Loss: 0.6541684 Vali Loss: 0.6535150 Vali AUC: 0.7128128
EarlyStopping counter: 2 out of 30
Updating learning rate to 7.178979876918531e-06
	iters: 100, epoch: 29 | loss: 0.6095457
	speed: 0.3219s/iter; left time: 31763.0942s
	iters: 200, epoch: 29 | loss: 0.7663884
	speed: 0.0278s/iter; left time: 2737.1086s
	iters: 300, epoch: 29 | loss: 0.5981764
	speed: 0.0283s/iter; left time: 2789.5554s
	iters: 400, epoch: 29 | loss: 0.6931469
	speed: 0.0285s/iter; left time: 2800.1372s
	iters: 500, epoch: 29 | loss: 0.6614910
	speed: 0.0282s/iter; left time: 2776.1227s
	iters: 600, epoch: 29 | loss: 0.7445707
	speed: 0.0268s/iter; left time: 2632.5573s
	iters: 700, epoch: 29 | loss: 0.6315330
	speed: 0.0275s/iter; left time: 2698.8957s
	iters: 800, epoch: 29 | loss: 0.6498787
	speed: 0.0279s/iter; left time: 2730.5763s
	iters: 900, epoch: 29 | loss: 0.6498520
	speed: 0.0270s/iter; left time: 2644.8720s
	iters: 1000, epoch: 29 | loss: 0.6298329
	speed: 0.0275s/iter; left time: 2688.9036s
	iters: 1100, epoch: 29 | loss: 0.6298329
	speed: 0.0276s/iter; left time: 2695.7026s
	iters: 1200, epoch: 29 | loss: 0.6508855
	speed: 0.0279s/iter; left time: 2723.7552s
	iters: 1300, epoch: 29 | loss: 0.6349159
	speed: 0.0278s/iter; left time: 2711.4073s
Epoch: 29 cost time: 45.62323212623596
Epoch: 29, Steps: 1372 | Train Loss: 0.6524616 Vali Loss: 0.6528550 Vali AUC: 0.7052331
Validation loss decreased (0.653045 --> 0.652855).  Saving model ...
Updating learning rate to 6.4610818892266776e-06
	iters: 100, epoch: 30 | loss: 0.5985197
	speed: 0.3046s/iter; left time: 29646.3801s
	iters: 200, epoch: 30 | loss: 0.6467087
	speed: 0.0195s/iter; left time: 1898.4738s
	iters: 300, epoch: 30 | loss: 0.6815066
	speed: 0.0192s/iter; left time: 1863.6595s
	iters: 400, epoch: 30 | loss: 0.5664805
	speed: 0.0193s/iter; left time: 1874.2030s
	iters: 500, epoch: 30 | loss: 0.7122590
	speed: 0.0200s/iter; left time: 1937.4832s
	iters: 600, epoch: 30 | loss: 0.6614871
	speed: 0.0190s/iter; left time: 1843.0691s
	iters: 700, epoch: 30 | loss: 0.6905987
	speed: 0.0197s/iter; left time: 1905.1481s
	iters: 800, epoch: 30 | loss: 0.6888866
	speed: 0.0192s/iter; left time: 1858.7945s
	iters: 900, epoch: 30 | loss: 0.8165175
	speed: 0.0194s/iter; left time: 1875.8243s
	iters: 1000, epoch: 30 | loss: 0.5984978
	speed: 0.0191s/iter; left time: 1845.6092s
	iters: 1100, epoch: 30 | loss: 0.6809451
	speed: 0.0195s/iter; left time: 1876.5021s
	iters: 1200, epoch: 30 | loss: 0.5985849
	speed: 0.0193s/iter; left time: 1854.1867s
	iters: 1300, epoch: 30 | loss: 0.6931660
	speed: 0.0188s/iter; left time: 1811.3964s
Epoch: 30 cost time: 34.40212631225586
Epoch: 30, Steps: 1372 | Train Loss: 0.6539371 Vali Loss: 0.6532238 Vali AUC: 0.7106528
EarlyStopping counter: 1 out of 30
Updating learning rate to 5.8149737003040096e-06
	iters: 100, epoch: 31 | loss: 0.6289885
	speed: 0.3016s/iter; left time: 28938.2294s
	iters: 200, epoch: 31 | loss: 0.6617584
	speed: 0.0216s/iter; left time: 2068.4183s
	iters: 300, epoch: 31 | loss: 0.7131962
	speed: 0.0210s/iter; left time: 2009.1655s
	iters: 400, epoch: 31 | loss: 0.6723546
	speed: 0.0220s/iter; left time: 2100.3015s
	iters: 500, epoch: 31 | loss: 0.6898827
	speed: 0.0209s/iter; left time: 1998.5100s
	iters: 600, epoch: 31 | loss: 0.5920352
	speed: 0.0196s/iter; left time: 1871.3823s
	iters: 700, epoch: 31 | loss: 0.6932973
	speed: 0.0193s/iter; left time: 1842.0283s
	iters: 800, epoch: 31 | loss: 0.7231730
	speed: 0.0191s/iter; left time: 1819.7803s
	iters: 900, epoch: 31 | loss: 0.7015283
	speed: 0.0191s/iter; left time: 1813.3443s
	iters: 1000, epoch: 31 | loss: 0.6614926
	speed: 0.0197s/iter; left time: 1875.6131s
	iters: 1100, epoch: 31 | loss: 0.5981780
	speed: 0.0193s/iter; left time: 1831.3203s
	iters: 1200, epoch: 31 | loss: 0.5665230
	speed: 0.0196s/iter; left time: 1861.4603s
	iters: 1300, epoch: 31 | loss: 0.6625137
	speed: 0.0196s/iter; left time: 1855.5367s
Epoch: 31 cost time: 34.883368730545044
Epoch: 31, Steps: 1372 | Train Loss: 0.6538511 Vali Loss: 0.6555557 Vali AUC: 0.7245048
EarlyStopping counter: 2 out of 30
Updating learning rate to 5.23347633027361e-06
	iters: 100, epoch: 32 | loss: 0.6815064
	speed: 0.3060s/iter; left time: 28941.2935s
	iters: 200, epoch: 32 | loss: 0.6725294
	speed: 0.0200s/iter; left time: 1888.3077s
	iters: 300, epoch: 32 | loss: 0.6033407
	speed: 0.0192s/iter; left time: 1812.8919s
	iters: 400, epoch: 32 | loss: 0.6290869
	speed: 0.0192s/iter; left time: 1805.4197s
	iters: 500, epoch: 32 | loss: 0.7648219
	speed: 0.0191s/iter; left time: 1800.4365s
	iters: 600, epoch: 32 | loss: 0.7415497
	speed: 0.0190s/iter; left time: 1791.1014s
	iters: 700, epoch: 32 | loss: 0.6028965
	speed: 0.0191s/iter; left time: 1794.4730s
	iters: 800, epoch: 32 | loss: 0.7331854
	speed: 0.0204s/iter; left time: 1911.6395s
	iters: 900, epoch: 32 | loss: 0.6706898
	speed: 0.0206s/iter; left time: 1935.0285s
	iters: 1000, epoch: 32 | loss: 0.6615049
	speed: 0.0211s/iter; left time: 1978.3567s
	iters: 1100, epoch: 32 | loss: 0.6299338
	speed: 0.0203s/iter; left time: 1897.4810s
	iters: 1200, epoch: 32 | loss: 0.6908993
	speed: 0.0209s/iter; left time: 1954.8286s
	iters: 1300, epoch: 32 | loss: 0.6483614
	speed: 0.0208s/iter; left time: 1939.3934s
Epoch: 32 cost time: 35.48218059539795
Epoch: 32, Steps: 1372 | Train Loss: 0.6526635 Vali Loss: 0.6532824 Vali AUC: 0.7143042
EarlyStopping counter: 3 out of 30
Updating learning rate to 4.710128697246249e-06
	iters: 100, epoch: 33 | loss: 0.5665187
	speed: 0.3158s/iter; left time: 29428.0429s
	iters: 200, epoch: 33 | loss: 0.6298334
	speed: 0.0232s/iter; left time: 2160.4479s
	iters: 300, epoch: 33 | loss: 0.5981798
	speed: 0.0233s/iter; left time: 2168.3641s
	iters: 400, epoch: 33 | loss: 0.6614901
	speed: 0.0215s/iter; left time: 1999.6116s
	iters: 500, epoch: 33 | loss: 0.7648403
	speed: 0.0253s/iter; left time: 2351.5914s
	iters: 600, epoch: 33 | loss: 0.7131692
	speed: 0.0283s/iter; left time: 2620.8352s
	iters: 700, epoch: 33 | loss: 0.7004684
	speed: 0.0279s/iter; left time: 2587.1109s
	iters: 800, epoch: 33 | loss: 0.7138385
	speed: 0.0287s/iter; left time: 2656.2726s
	iters: 900, epoch: 33 | loss: 0.5738125
	speed: 0.0253s/iter; left time: 2339.7761s
	iters: 1000, epoch: 33 | loss: 0.5981759
	speed: 0.0287s/iter; left time: 2649.3399s
	iters: 1100, epoch: 33 | loss: 0.6294383
	speed: 0.0274s/iter; left time: 2529.2515s
	iters: 1200, epoch: 33 | loss: 0.6498520
	speed: 0.0279s/iter; left time: 2568.4306s
	iters: 1300, epoch: 33 | loss: 0.5977987
	speed: 0.0277s/iter; left time: 2543.7941s
Epoch: 33 cost time: 44.451340436935425
Epoch: 33, Steps: 1372 | Train Loss: 0.6530343 Vali Loss: 0.6532311 Vali AUC: 0.7104434
EarlyStopping counter: 4 out of 30
Updating learning rate to 4.239115827521624e-06
	iters: 100, epoch: 34 | loss: 0.7331834
	speed: 0.3156s/iter; left time: 28981.6036s
	iters: 200, epoch: 34 | loss: 0.6931469
	speed: 0.0220s/iter; left time: 2015.7129s
	iters: 300, epoch: 34 | loss: 0.6590287
	speed: 0.0226s/iter; left time: 2074.4701s
	iters: 400, epoch: 34 | loss: 0.6296906
	speed: 0.0227s/iter; left time: 2073.0499s
	iters: 500, epoch: 34 | loss: 0.6614901
	speed: 0.0228s/iter; left time: 2081.3004s
	iters: 600, epoch: 34 | loss: 0.6931473
	speed: 0.0252s/iter; left time: 2303.7914s
	iters: 700, epoch: 34 | loss: 0.6498524
	speed: 0.0280s/iter; left time: 2553.1455s
	iters: 800, epoch: 34 | loss: 0.5982764
	speed: 0.0208s/iter; left time: 1898.4374s
	iters: 900, epoch: 34 | loss: 0.6184444
	speed: 0.0204s/iter; left time: 1856.3570s
	iters: 1000, epoch: 34 | loss: 0.6614879
	speed: 0.0223s/iter; left time: 2028.6618s
	iters: 1100, epoch: 34 | loss: 0.5981916
	speed: 0.0211s/iter; left time: 1916.2632s
	iters: 1200, epoch: 34 | loss: 0.6815087
	speed: 0.0199s/iter; left time: 1804.4920s
	iters: 1300, epoch: 34 | loss: 0.6614919
	speed: 0.0205s/iter; left time: 1855.8460s
Epoch: 34 cost time: 38.88364815711975
Epoch: 34, Steps: 1372 | Train Loss: 0.6532606 Vali Loss: 0.6533610 Vali AUC: 0.7134606
EarlyStopping counter: 5 out of 30
Updating learning rate to 3.815204244769462e-06
	iters: 100, epoch: 35 | loss: 0.5981759
	speed: 0.3050s/iter; left time: 27588.3867s
	iters: 200, epoch: 35 | loss: 0.6931170
	speed: 0.0205s/iter; left time: 1851.5609s
	iters: 300, epoch: 35 | loss: 0.5979615
	speed: 0.0193s/iter; left time: 1743.3109s
	iters: 400, epoch: 35 | loss: 0.6815089
	speed: 0.0195s/iter; left time: 1756.6786s
	iters: 500, epoch: 35 | loss: 0.5981758
	speed: 0.0195s/iter; left time: 1757.0678s
	iters: 600, epoch: 35 | loss: 0.6352446
	speed: 0.0191s/iter; left time: 1721.1077s
	iters: 700, epoch: 35 | loss: 0.7964918
	speed: 0.0192s/iter; left time: 1722.4135s
	iters: 800, epoch: 35 | loss: 0.5981759
	speed: 0.0200s/iter; left time: 1791.3150s
	iters: 900, epoch: 35 | loss: 0.7131668
	speed: 0.0208s/iter; left time: 1864.5481s
	iters: 1000, epoch: 35 | loss: 0.6187657
	speed: 0.0207s/iter; left time: 1856.1651s
	iters: 1100, epoch: 35 | loss: 0.7131743
	speed: 0.0194s/iter; left time: 1732.7036s
	iters: 1200, epoch: 35 | loss: 0.7172598
	speed: 0.0197s/iter; left time: 1760.0939s
	iters: 1300, epoch: 35 | loss: 0.6614901
	speed: 0.0196s/iter; left time: 1753.6126s
Epoch: 35 cost time: 35.69013452529907
Epoch: 35, Steps: 1372 | Train Loss: 0.6527463 Vali Loss: 0.6531620 Vali AUC: 0.7135061
EarlyStopping counter: 6 out of 30
Updating learning rate to 3.4336838202925152e-06
	iters: 100, epoch: 36 | loss: 0.5981759
	speed: 0.2973s/iter; left time: 26483.3243s
	iters: 200, epoch: 36 | loss: 0.6298203
	speed: 0.0217s/iter; left time: 1932.4038s
	iters: 300, epoch: 36 | loss: 0.6498540
	speed: 0.0209s/iter; left time: 1857.4581s
	iters: 400, epoch: 36 | loss: 0.6286780
	speed: 0.0204s/iter; left time: 1809.6447s
	iters: 500, epoch: 36 | loss: 0.7639122
	speed: 0.0201s/iter; left time: 1783.5546s
	iters: 600, epoch: 36 | loss: 0.5923849
	speed: 0.0201s/iter; left time: 1784.7959s
	iters: 700, epoch: 36 | loss: 0.7448232
	speed: 0.0200s/iter; left time: 1766.3340s
	iters: 800, epoch: 36 | loss: 0.6174850
	speed: 0.0208s/iter; left time: 1839.3754s
	iters: 900, epoch: 36 | loss: 0.7648425
	speed: 0.0209s/iter; left time: 1847.3948s
	iters: 1000, epoch: 36 | loss: 0.6298408
	speed: 0.0204s/iter; left time: 1796.9813s
	iters: 1100, epoch: 36 | loss: 0.6614901
	speed: 0.0198s/iter; left time: 1745.8037s
	iters: 1200, epoch: 36 | loss: 0.6778055
	speed: 0.0213s/iter; left time: 1870.8605s
	iters: 1300, epoch: 36 | loss: 0.6614901
	speed: 0.0197s/iter; left time: 1729.1974s
Epoch: 36 cost time: 36.057024240493774
Epoch: 36, Steps: 1372 | Train Loss: 0.6514986 Vali Loss: 0.6531130 Vali AUC: 0.7135010
EarlyStopping counter: 7 out of 30
Updating learning rate to 3.090315438263264e-06
	iters: 100, epoch: 37 | loss: 0.6271475
	speed: 0.3050s/iter; left time: 26754.3706s
	iters: 200, epoch: 37 | loss: 0.6931113
	speed: 0.0235s/iter; left time: 2058.9514s
	iters: 300, epoch: 37 | loss: 0.6333845
	speed: 0.0232s/iter; left time: 2031.7308s
	iters: 400, epoch: 37 | loss: 0.6812267
	speed: 0.0265s/iter; left time: 2319.3172s
	iters: 500, epoch: 37 | loss: 0.6820880
	speed: 0.0300s/iter; left time: 2623.0119s
	iters: 600, epoch: 37 | loss: 0.6606950
	speed: 0.0295s/iter; left time: 2575.5199s
	iters: 700, epoch: 37 | loss: 0.7964227
	speed: 0.0292s/iter; left time: 2545.4969s
	iters: 800, epoch: 37 | loss: 0.7091209
	speed: 0.0294s/iter; left time: 2561.7553s
	iters: 900, epoch: 37 | loss: 0.6301178
	speed: 0.0293s/iter; left time: 2547.3227s
	iters: 1000, epoch: 37 | loss: 0.6614901
	speed: 0.0283s/iter; left time: 2456.1360s
	iters: 1100, epoch: 37 | loss: 0.7043352
	speed: 0.0294s/iter; left time: 2546.3124s
	iters: 1200, epoch: 37 | loss: 0.6156793
	speed: 0.0277s/iter; left time: 2401.6073s
	iters: 1300, epoch: 37 | loss: 0.6614903
	speed: 0.0272s/iter; left time: 2349.0435s
Epoch: 37 cost time: 44.96299147605896
Epoch: 37, Steps: 1372 | Train Loss: 0.6528602 Vali Loss: 0.6529452 Vali AUC: 0.7121327
EarlyStopping counter: 8 out of 30
Updating learning rate to 2.7812838944369375e-06
	iters: 100, epoch: 38 | loss: 0.7131867
	speed: 0.3089s/iter; left time: 26667.3831s
	iters: 200, epoch: 38 | loss: 0.7646894
	speed: 0.0206s/iter; left time: 1775.6645s
	iters: 300, epoch: 38 | loss: 0.6614898
	speed: 0.0216s/iter; left time: 1856.9836s
	iters: 400, epoch: 38 | loss: 0.6815030
	speed: 0.0244s/iter; left time: 2098.2579s
	iters: 500, epoch: 38 | loss: 0.5981873
	speed: 0.0283s/iter; left time: 2433.5304s
	iters: 600, epoch: 38 | loss: 0.7082312
	speed: 0.0277s/iter; left time: 2375.0457s
	iters: 700, epoch: 38 | loss: 0.5359613
	speed: 0.0289s/iter; left time: 2481.4833s
	iters: 800, epoch: 38 | loss: 0.6181957
	speed: 0.0301s/iter; left time: 2575.8402s
	iters: 900, epoch: 38 | loss: 0.5981759
	speed: 0.0287s/iter; left time: 2451.0925s
	iters: 1000, epoch: 38 | loss: 0.6614895
	speed: 0.0245s/iter; left time: 2089.5728s
	iters: 1100, epoch: 38 | loss: 0.6298329
	speed: 0.0214s/iter; left time: 1825.2056s
	iters: 1200, epoch: 38 | loss: 0.7154922
	speed: 0.0199s/iter; left time: 1697.7358s
	iters: 1300, epoch: 38 | loss: 0.6931469
	speed: 0.0194s/iter; left time: 1654.6106s
Epoch: 38 cost time: 40.777209758758545
Epoch: 38, Steps: 1372 | Train Loss: 0.6519822 Vali Loss: 0.6531276 Vali AUC: 0.7145664
EarlyStopping counter: 9 out of 30
Updating learning rate to 2.503155504993244e-06
	iters: 100, epoch: 39 | loss: 0.6614902
	speed: 0.3002s/iter; left time: 25508.7474s
	iters: 200, epoch: 39 | loss: 0.6609200
	speed: 0.0222s/iter; left time: 1887.7078s
	iters: 300, epoch: 39 | loss: 0.7332368
	speed: 0.0244s/iter; left time: 2071.8468s
	iters: 400, epoch: 39 | loss: 0.6298441
	speed: 0.0234s/iter; left time: 1978.4797s
	iters: 500, epoch: 39 | loss: 0.7331853
	speed: 0.0193s/iter; left time: 1632.7217s
	iters: 600, epoch: 39 | loss: 0.6297626
	speed: 0.0210s/iter; left time: 1775.6458s
	iters: 700, epoch: 39 | loss: 0.6777248
	speed: 0.0212s/iter; left time: 1788.5029s
	iters: 800, epoch: 39 | loss: 0.6557635
	speed: 0.0202s/iter; left time: 1704.6693s
	iters: 900, epoch: 39 | loss: 0.6157728
	speed: 0.0203s/iter; left time: 1710.3454s
	iters: 1000, epoch: 39 | loss: 0.5981759
	speed: 0.0208s/iter; left time: 1746.5024s
	iters: 1100, epoch: 39 | loss: 0.7435603
	speed: 0.0207s/iter; left time: 1733.9400s
	iters: 1200, epoch: 39 | loss: 0.6584486
	speed: 0.0200s/iter; left time: 1676.7801s
	iters: 1300, epoch: 39 | loss: 0.6812205
	speed: 0.0206s/iter; left time: 1728.9277s
Epoch: 39 cost time: 36.69225549697876
Epoch: 39, Steps: 1372 | Train Loss: 0.6529386 Vali Loss: 0.6537521 Vali AUC: 0.7189387
EarlyStopping counter: 10 out of 30
Updating learning rate to 2.2528399544939195e-06
	iters: 100, epoch: 40 | loss: 0.7648484
	speed: 0.3037s/iter; left time: 25384.7908s
	iters: 200, epoch: 40 | loss: 0.6372653
	speed: 0.0197s/iter; left time: 1647.6311s
	iters: 300, epoch: 40 | loss: 0.6548073
	speed: 0.0197s/iter; left time: 1639.9586s
	iters: 400, epoch: 40 | loss: 0.6104023
	speed: 0.0197s/iter; left time: 1642.8830s
	iters: 500, epoch: 40 | loss: 0.7016404
	speed: 0.0195s/iter; left time: 1619.5218s
	iters: 600, epoch: 40 | loss: 0.5981759
	speed: 0.0195s/iter; left time: 1621.9779s
	iters: 700, epoch: 40 | loss: 0.7717964
	speed: 0.0199s/iter; left time: 1648.5602s
	iters: 800, epoch: 40 | loss: 0.6302010
	speed: 0.0196s/iter; left time: 1625.0941s
	iters: 900, epoch: 40 | loss: 0.5979685
	speed: 0.0199s/iter; left time: 1643.6283s
	iters: 1000, epoch: 40 | loss: 0.6264292
	speed: 0.0196s/iter; left time: 1624.0832s
	iters: 1100, epoch: 40 | loss: 0.6815092
	speed: 0.0201s/iter; left time: 1659.6685s
	iters: 1200, epoch: 40 | loss: 0.5981760
	speed: 0.0204s/iter; left time: 1686.4064s
	iters: 1300, epoch: 40 | loss: 0.6337315
	speed: 0.0205s/iter; left time: 1691.8436s
Epoch: 40 cost time: 34.81378984451294
Epoch: 40, Steps: 1372 | Train Loss: 0.6512324 Vali Loss: 0.6536637 Vali AUC: 0.7175852
EarlyStopping counter: 11 out of 30
Updating learning rate to 2.0275559590445276e-06
	iters: 100, epoch: 41 | loss: 0.7907294
	speed: 0.3133s/iter; left time: 25757.1091s
	iters: 200, epoch: 41 | loss: 0.6614899
	speed: 0.0215s/iter; left time: 1768.1535s
	iters: 300, epoch: 41 | loss: 0.5981833
	speed: 0.0216s/iter; left time: 1772.3512s
	iters: 400, epoch: 41 | loss: 0.6617461
	speed: 0.0221s/iter; left time: 1808.5498s
	iters: 500, epoch: 41 | loss: 0.6615012
	speed: 0.0226s/iter; left time: 1851.8135s
	iters: 600, epoch: 41 | loss: 0.6931474
	speed: 0.0284s/iter; left time: 2323.4924s
	iters: 700, epoch: 41 | loss: 0.7131662
	speed: 0.0290s/iter; left time: 2368.1991s
	iters: 800, epoch: 41 | loss: 0.5982101
	speed: 0.0292s/iter; left time: 2377.2658s
	iters: 900, epoch: 41 | loss: 0.6298220
	speed: 0.0273s/iter; left time: 2225.6390s
	iters: 1000, epoch: 41 | loss: 0.6815159
	speed: 0.0299s/iter; left time: 2427.9231s
	iters: 1100, epoch: 41 | loss: 0.7448232
	speed: 0.0292s/iter; left time: 2368.2650s
	iters: 1200, epoch: 41 | loss: 0.7441608
	speed: 0.0295s/iter; left time: 2389.1378s
	iters: 1300, epoch: 41 | loss: 0.5665187
	speed: 0.0291s/iter; left time: 2356.8481s
Epoch: 41 cost time: 44.85721826553345
Epoch: 41, Steps: 1372 | Train Loss: 0.6518326 Vali Loss: 0.6541192 Vali AUC: 0.7196571
EarlyStopping counter: 12 out of 30
Updating learning rate to 1.8248003631400751e-06
	iters: 100, epoch: 42 | loss: 0.6298329
	speed: 0.3274s/iter; left time: 26468.2420s
	iters: 200, epoch: 42 | loss: 0.7648425
	speed: 0.0243s/iter; left time: 1960.8610s
	iters: 300, epoch: 42 | loss: 0.5981739
	speed: 0.0238s/iter; left time: 1918.9687s
	iters: 400, epoch: 42 | loss: 0.6614901
	speed: 0.0234s/iter; left time: 1882.7392s
	iters: 500, epoch: 42 | loss: 0.6617495
	speed: 0.0268s/iter; left time: 2157.7407s
	iters: 600, epoch: 42 | loss: 0.6449575
	speed: 0.0295s/iter; left time: 2372.3656s
	iters: 700, epoch: 42 | loss: 0.6355028
	speed: 0.0248s/iter; left time: 1987.0573s
	iters: 800, epoch: 42 | loss: 0.5981759
	speed: 0.0285s/iter; left time: 2285.7467s
	iters: 900, epoch: 42 | loss: 0.6298329
	speed: 0.0294s/iter; left time: 2350.7065s
	iters: 1000, epoch: 42 | loss: 0.5981802
	speed: 0.0294s/iter; left time: 2348.7024s
	iters: 1100, epoch: 42 | loss: 0.6614901
	speed: 0.0282s/iter; left time: 2252.2021s
	iters: 1200, epoch: 42 | loss: 0.5348617
	speed: 0.0266s/iter; left time: 2121.8058s
	iters: 1300, epoch: 42 | loss: 0.7350933
	speed: 0.0205s/iter; left time: 1629.2353s
Epoch: 42 cost time: 43.88614249229431
Epoch: 42, Steps: 1372 | Train Loss: 0.6514073 Vali Loss: 0.6533946 Vali AUC: 0.7140018
EarlyStopping counter: 13 out of 30
Updating learning rate to 1.6423203268260676e-06
	iters: 100, epoch: 43 | loss: 0.6500425
	speed: 0.3201s/iter; left time: 25439.1108s
	iters: 200, epoch: 43 | loss: 0.6483921
	speed: 0.0209s/iter; left time: 1662.5051s
	iters: 300, epoch: 43 | loss: 0.7180130
	speed: 0.0212s/iter; left time: 1677.9471s
	iters: 400, epoch: 43 | loss: 0.6129674
	speed: 0.0212s/iter; left time: 1675.2412s
	iters: 500, epoch: 43 | loss: 0.6777904
	speed: 0.0212s/iter; left time: 1678.1857s
	iters: 600, epoch: 43 | loss: 0.7131662
	speed: 0.0218s/iter; left time: 1720.4422s
	iters: 700, epoch: 43 | loss: 0.6614271
	speed: 0.0214s/iter; left time: 1687.4519s
	iters: 800, epoch: 43 | loss: 0.5348620
	speed: 0.0216s/iter; left time: 1704.0597s
	iters: 900, epoch: 43 | loss: 0.5380709
	speed: 0.0207s/iter; left time: 1630.5148s
	iters: 1000, epoch: 43 | loss: 0.6630949
	speed: 0.0195s/iter; left time: 1533.6585s
	iters: 1100, epoch: 43 | loss: 0.5981736
	speed: 0.0204s/iter; left time: 1599.1254s
	iters: 1200, epoch: 43 | loss: 0.5981759
	speed: 0.0216s/iter; left time: 1690.3841s
	iters: 1300, epoch: 43 | loss: 0.6676693
	speed: 0.0217s/iter; left time: 1702.1190s
Epoch: 43 cost time: 36.99615526199341
Epoch: 43, Steps: 1372 | Train Loss: 0.6523981 Vali Loss: 0.6532172 Vali AUC: 0.7124688
EarlyStopping counter: 14 out of 30
Updating learning rate to 1.4780882941434609e-06
	iters: 100, epoch: 44 | loss: 0.6298724
	speed: 0.3064s/iter; left time: 23934.9219s
	iters: 200, epoch: 44 | loss: 0.5981758
	speed: 0.0206s/iter; left time: 1606.3065s
	iters: 300, epoch: 44 | loss: 0.5865459
	speed: 0.0207s/iter; left time: 1612.2701s
	iters: 400, epoch: 44 | loss: 0.6833410
	speed: 0.0217s/iter; left time: 1690.4150s
	iters: 500, epoch: 44 | loss: 0.6181939
	speed: 0.0208s/iter; left time: 1617.4972s
	iters: 600, epoch: 44 | loss: 0.6181949
	speed: 0.0208s/iter; left time: 1613.0090s
	iters: 700, epoch: 44 | loss: 0.6620821
	speed: 0.0201s/iter; left time: 1559.6989s
	iters: 800, epoch: 44 | loss: 0.6298302
	speed: 0.0200s/iter; left time: 1549.5251s
	iters: 900, epoch: 44 | loss: 0.6298329
	speed: 0.0201s/iter; left time: 1552.1844s
	iters: 1000, epoch: 44 | loss: 0.6498649
	speed: 0.0213s/iter; left time: 1641.0530s
	iters: 1100, epoch: 44 | loss: 0.6930215
	speed: 0.0210s/iter; left time: 1616.0803s
	iters: 1200, epoch: 44 | loss: 0.6813563
	speed: 0.0202s/iter; left time: 1555.4121s
	iters: 1300, epoch: 44 | loss: 0.6477191
	speed: 0.0204s/iter; left time: 1571.7243s
Epoch: 44 cost time: 36.7649621963501
Epoch: 44, Steps: 1372 | Train Loss: 0.6521942 Vali Loss: 0.6531822 Vali AUC: 0.7123840
EarlyStopping counter: 15 out of 30
Updating learning rate to 1.3302794647291146e-06
	iters: 100, epoch: 45 | loss: 0.6566048
	speed: 0.2986s/iter; left time: 22911.0048s
	iters: 200, epoch: 45 | loss: 0.6931472
	speed: 0.0204s/iter; left time: 1563.2238s
	iters: 300, epoch: 45 | loss: 0.6815092
	speed: 0.0210s/iter; left time: 1605.0805s
	iters: 400, epoch: 45 | loss: 0.5981759
	speed: 0.0256s/iter; left time: 1953.2849s
	iters: 500, epoch: 45 | loss: 0.6358447
	speed: 0.0270s/iter; left time: 2057.5581s
	iters: 600, epoch: 45 | loss: 0.6156821
	speed: 0.0271s/iter; left time: 2063.7629s
	iters: 700, epoch: 45 | loss: 0.6337708
	speed: 0.0275s/iter; left time: 2090.4725s
	iters: 800, epoch: 45 | loss: 0.6804897
	speed: 0.0277s/iter; left time: 2107.9823s
	iters: 900, epoch: 45 | loss: 0.6299510
	speed: 0.0278s/iter; left time: 2107.7598s
	iters: 1000, epoch: 45 | loss: 0.5666785
	speed: 0.0282s/iter; left time: 2137.3522s
	iters: 1100, epoch: 45 | loss: 0.5351476
	speed: 0.0275s/iter; left time: 2083.8335s
	iters: 1200, epoch: 45 | loss: 0.5662421
	speed: 0.0278s/iter; left time: 2104.7036s
	iters: 1300, epoch: 45 | loss: 0.7131666
	speed: 0.0283s/iter; left time: 2139.4888s
Epoch: 45 cost time: 43.2844021320343
Epoch: 45, Steps: 1372 | Train Loss: 0.6526792 Vali Loss: 0.6529313 Vali AUC: 0.7138521
EarlyStopping counter: 16 out of 30
Updating learning rate to 1.1972515182562034e-06
	iters: 100, epoch: 46 | loss: 0.6815658
	speed: 0.3163s/iter; left time: 23840.3084s
	iters: 200, epoch: 46 | loss: 0.6300673
	speed: 0.0262s/iter; left time: 1969.1360s
	iters: 300, epoch: 46 | loss: 0.7243909
	speed: 0.0284s/iter; left time: 2137.4277s
	iters: 400, epoch: 46 | loss: 0.6298183
	speed: 0.0298s/iter; left time: 2235.4096s
	iters: 500, epoch: 46 | loss: 0.6716945
	speed: 0.0285s/iter; left time: 2132.7175s
	iters: 600, epoch: 46 | loss: 0.6812212
	speed: 0.0283s/iter; left time: 2122.1282s
	iters: 700, epoch: 46 | loss: 0.6298658
	speed: 0.0283s/iter; left time: 2112.7610s
	iters: 800, epoch: 46 | loss: 0.6291380
	speed: 0.0272s/iter; left time: 2028.6102s
	iters: 900, epoch: 46 | loss: 0.7131652
	speed: 0.0249s/iter; left time: 1853.1403s
	iters: 1000, epoch: 46 | loss: 0.6570853
	speed: 0.0266s/iter; left time: 1981.1209s
	iters: 1100, epoch: 46 | loss: 0.6630788
	speed: 0.0285s/iter; left time: 2120.1176s
	iters: 1200, epoch: 46 | loss: 0.6614901
	speed: 0.0292s/iter; left time: 2168.5987s
	iters: 1300, epoch: 46 | loss: 0.5978597
	speed: 0.0219s/iter; left time: 1625.9834s
Epoch: 46 cost time: 44.981321811676025
Epoch: 46, Steps: 1372 | Train Loss: 0.6513921 Vali Loss: 0.6535730 Vali AUC: 0.7195142
EarlyStopping counter: 17 out of 30
Updating learning rate to 1.077526366430583e-06
	iters: 100, epoch: 47 | loss: 0.6365994
	speed: 0.3056s/iter; left time: 22611.6383s
	iters: 200, epoch: 47 | loss: 0.6205370
	speed: 0.0216s/iter; left time: 1597.8730s
	iters: 300, epoch: 47 | loss: 0.5033271
	speed: 0.0223s/iter; left time: 1645.0276s
	iters: 400, epoch: 47 | loss: 0.6866862
	speed: 0.0218s/iter; left time: 1603.5855s
	iters: 500, epoch: 47 | loss: 0.6545858
	speed: 0.0221s/iter; left time: 1629.8142s
	iters: 600, epoch: 47 | loss: 0.6590363
	speed: 0.0214s/iter; left time: 1570.1609s
	iters: 700, epoch: 47 | loss: 0.6931472
	speed: 0.0218s/iter; left time: 1597.0238s
	iters: 800, epoch: 47 | loss: 0.6614994
	speed: 0.0213s/iter; left time: 1558.2279s
	iters: 900, epoch: 47 | loss: 0.6931472
	speed: 0.0211s/iter; left time: 1543.1862s
	iters: 1000, epoch: 47 | loss: 0.6634514
	speed: 0.0209s/iter; left time: 1530.2316s
	iters: 1100, epoch: 47 | loss: 0.6932582
	speed: 0.0213s/iter; left time: 1553.0006s
	iters: 1200, epoch: 47 | loss: 0.6614934
	speed: 0.0210s/iter; left time: 1528.2429s
	iters: 1300, epoch: 47 | loss: 0.5982209
	speed: 0.0209s/iter; left time: 1523.4111s
Epoch: 47 cost time: 37.96574068069458
Epoch: 47, Steps: 1372 | Train Loss: 0.6512257 Vali Loss: 0.6534618 Vali AUC: 0.7164028
EarlyStopping counter: 18 out of 30
Updating learning rate to 9.697737297875248e-07
	iters: 100, epoch: 48 | loss: 0.5865382
	speed: 0.2973s/iter; left time: 21590.4512s
	iters: 200, epoch: 48 | loss: 0.6927409
	speed: 0.0198s/iter; left time: 1436.8878s
	iters: 300, epoch: 48 | loss: 0.7131683
	speed: 0.0207s/iter; left time: 1501.7372s
	iters: 400, epoch: 48 | loss: 0.7963178
	speed: 0.0198s/iter; left time: 1431.1699s
	iters: 500, epoch: 48 | loss: 0.5982238
	speed: 0.0190s/iter; left time: 1373.6549s
	iters: 600, epoch: 48 | loss: 0.6169471
	speed: 0.0204s/iter; left time: 1471.3998s
	iters: 700, epoch: 48 | loss: 0.6931474
	speed: 0.0203s/iter; left time: 1462.7979s
	iters: 800, epoch: 48 | loss: 0.6048908
	speed: 0.0202s/iter; left time: 1454.4492s
	iters: 900, epoch: 48 | loss: 0.6301863
	speed: 0.0198s/iter; left time: 1419.5918s
	iters: 1000, epoch: 48 | loss: 0.6614901
	speed: 0.0197s/iter; left time: 1410.2569s
	iters: 1100, epoch: 48 | loss: 0.6166596
	speed: 0.0200s/iter; left time: 1431.0792s
	iters: 1200, epoch: 48 | loss: 0.5856713
	speed: 0.0196s/iter; left time: 1400.5712s
	iters: 1300, epoch: 48 | loss: 0.6498456
	speed: 0.0203s/iter; left time: 1448.5854s
Epoch: 48 cost time: 34.99582648277283
Epoch: 48, Steps: 1372 | Train Loss: 0.6522216 Vali Loss: 0.6541565 Vali AUC: 0.7163161
EarlyStopping counter: 19 out of 30
Updating learning rate to 8.727963568087723e-07
	iters: 100, epoch: 49 | loss: 0.5988632
	speed: 0.3185s/iter; left time: 22694.6292s
	iters: 200, epoch: 49 | loss: 0.6315382
	speed: 0.0216s/iter; left time: 1535.3422s
	iters: 300, epoch: 49 | loss: 0.6615315
	speed: 0.0227s/iter; left time: 1611.0981s
	iters: 400, epoch: 49 | loss: 0.6298301
	speed: 0.0224s/iter; left time: 1591.5514s
	iters: 500, epoch: 49 | loss: 0.6901266
	speed: 0.0261s/iter; left time: 1848.9289s
	iters: 600, epoch: 49 | loss: 0.6395249
	speed: 0.0290s/iter; left time: 2054.6194s
	iters: 700, epoch: 49 | loss: 0.6030368
	speed: 0.0280s/iter; left time: 1976.5222s
	iters: 800, epoch: 49 | loss: 0.6614898
	speed: 0.0284s/iter; left time: 2002.5204s
	iters: 900, epoch: 49 | loss: 0.6815091
	speed: 0.0289s/iter; left time: 2038.7685s
	iters: 1000, epoch: 49 | loss: 0.6938416
	speed: 0.0276s/iter; left time: 1943.7320s
	iters: 1100, epoch: 49 | loss: 0.6931472
	speed: 0.0284s/iter; left time: 1994.0067s
	iters: 1200, epoch: 49 | loss: 0.6923515
	speed: 0.0283s/iter; left time: 1986.0781s
	iters: 1300, epoch: 49 | loss: 0.7607356
	speed: 0.0295s/iter; left time: 2068.1615s
Epoch: 49 cost time: 44.49079346656799
Epoch: 49, Steps: 1372 | Train Loss: 0.6508110 Vali Loss: 0.6535011 Vali AUC: 0.7186334
EarlyStopping counter: 20 out of 30
Updating learning rate to 7.855167211278951e-07
	iters: 100, epoch: 50 | loss: 0.6614901
	speed: 0.3083s/iter; left time: 21540.5621s
	iters: 200, epoch: 50 | loss: 0.6498520
	speed: 0.0234s/iter; left time: 1635.1713s
	iters: 300, epoch: 50 | loss: 0.6934142
	speed: 0.0254s/iter; left time: 1771.3045s
	iters: 400, epoch: 50 | loss: 0.6614901
	speed: 0.0241s/iter; left time: 1679.3909s
	iters: 500, epoch: 50 | loss: 0.5981758
	speed: 0.0237s/iter; left time: 1648.4311s
	iters: 600, epoch: 50 | loss: 0.7448234
	speed: 0.0293s/iter; left time: 2030.4760s
	iters: 700, epoch: 50 | loss: 0.7296779
	speed: 0.0278s/iter; left time: 1928.8529s
	iters: 800, epoch: 50 | loss: 0.6363547
	speed: 0.0300s/iter; left time: 2076.1390s
	iters: 900, epoch: 50 | loss: 0.6294805
	speed: 0.0293s/iter; left time: 2026.4151s
	iters: 1000, epoch: 50 | loss: 0.6300119
	speed: 0.0274s/iter; left time: 1887.5407s
	iters: 1100, epoch: 50 | loss: 0.5665545
	speed: 0.0307s/iter; left time: 2113.7565s
	iters: 1200, epoch: 50 | loss: 0.6926492
	speed: 0.0302s/iter; left time: 2076.8441s
	iters: 1300, epoch: 50 | loss: 0.6503047
	speed: 0.0298s/iter; left time: 2049.3493s
Epoch: 50 cost time: 44.53949308395386
Epoch: 50, Steps: 1372 | Train Loss: 0.6518098 Vali Loss: 0.6533142 Vali AUC: 0.7197180
EarlyStopping counter: 21 out of 30
Updating learning rate to 7.069650490151056e-07
	iters: 100, epoch: 51 | loss: 0.5826212
	speed: 0.3035s/iter; left time: 20793.2540s
	iters: 200, epoch: 51 | loss: 0.6298334
	speed: 0.0221s/iter; left time: 1510.8611s
	iters: 300, epoch: 51 | loss: 0.6816975
	speed: 0.0199s/iter; left time: 1360.1162s
	iters: 400, epoch: 51 | loss: 0.6001294
	speed: 0.0208s/iter; left time: 1421.0540s
	iters: 500, epoch: 51 | loss: 0.5674279
	speed: 0.0197s/iter; left time: 1344.3365s
	iters: 600, epoch: 51 | loss: 0.5922579
	speed: 0.0204s/iter; left time: 1388.1130s
	iters: 700, epoch: 51 | loss: 0.5976764
	speed: 0.0207s/iter; left time: 1406.3889s
	iters: 800, epoch: 51 | loss: 0.5981822
	speed: 0.0207s/iter; left time: 1402.6640s
	iters: 900, epoch: 51 | loss: 0.6614902
	speed: 0.0200s/iter; left time: 1356.7324s
	iters: 1000, epoch: 51 | loss: 0.6298251
	speed: 0.0206s/iter; left time: 1391.9533s
	iters: 1100, epoch: 51 | loss: 0.6806884
	speed: 0.0210s/iter; left time: 1418.6494s
	iters: 1200, epoch: 51 | loss: 0.5088291
	speed: 0.0210s/iter; left time: 1412.7731s
	iters: 1300, epoch: 51 | loss: 0.6931471
	speed: 0.0208s/iter; left time: 1402.1797s
Epoch: 51 cost time: 36.2988383769989
Epoch: 51, Steps: 1372 | Train Loss: 0.6514507 Vali Loss: 0.6533868 Vali AUC: 0.7187247
EarlyStopping counter: 22 out of 30
Updating learning rate to 6.36268544113595e-07
	iters: 100, epoch: 52 | loss: 0.6614582
	speed: 0.3007s/iter; left time: 20183.7207s
	iters: 200, epoch: 52 | loss: 0.6196055
	speed: 0.0213s/iter; left time: 1428.3393s
	iters: 300, epoch: 52 | loss: 0.7448234
	speed: 0.0207s/iter; left time: 1382.8114s
	iters: 400, epoch: 52 | loss: 0.5985433
	speed: 0.0227s/iter; left time: 1517.5191s
	iters: 500, epoch: 52 | loss: 0.7227752
	speed: 0.0200s/iter; left time: 1333.6709s
	iters: 600, epoch: 52 | loss: 0.7173621
	speed: 0.0198s/iter; left time: 1322.3217s
	iters: 700, epoch: 52 | loss: 0.6845662
	speed: 0.0199s/iter; left time: 1327.0682s
	iters: 800, epoch: 52 | loss: 0.6815063
	speed: 0.0205s/iter; left time: 1359.4926s
	iters: 900, epoch: 52 | loss: 0.7131662
	speed: 0.0206s/iter; left time: 1365.0831s
	iters: 1000, epoch: 52 | loss: 0.5991658
	speed: 0.0223s/iter; left time: 1475.8064s
	iters: 1100, epoch: 52 | loss: 0.6614903
	speed: 0.0212s/iter; left time: 1405.0005s
	iters: 1200, epoch: 52 | loss: 0.6483054
	speed: 0.0216s/iter; left time: 1426.2751s
	iters: 1300, epoch: 52 | loss: 0.5747773
	speed: 0.0207s/iter; left time: 1366.5228s
Epoch: 52 cost time: 36.257890701293945
Epoch: 52, Steps: 1372 | Train Loss: 0.6518069 Vali Loss: 0.6532601 Vali AUC: 0.7162115
EarlyStopping counter: 23 out of 30
Updating learning rate to 5.726416897022355e-07
	iters: 100, epoch: 53 | loss: 0.6311612
	speed: 0.3192s/iter; left time: 20989.2762s
	iters: 200, epoch: 53 | loss: 0.6614902
	speed: 0.0207s/iter; left time: 1358.0500s
	iters: 300, epoch: 53 | loss: 0.6815060
	speed: 0.0209s/iter; left time: 1372.4253s
	iters: 400, epoch: 53 | loss: 0.4719452
	speed: 0.0217s/iter; left time: 1423.1494s
	iters: 500, epoch: 53 | loss: 0.6281444
	speed: 0.0209s/iter; left time: 1365.8832s
	iters: 600, epoch: 53 | loss: 0.6298285
	speed: 0.0275s/iter; left time: 1796.7219s
	iters: 700, epoch: 53 | loss: 0.5373061
	speed: 0.0287s/iter; left time: 1870.1484s
	iters: 800, epoch: 53 | loss: 0.7125565
	speed: 0.0294s/iter; left time: 1915.7240s
	iters: 900, epoch: 53 | loss: 0.7170126
	speed: 0.0292s/iter; left time: 1894.0189s
	iters: 1000, epoch: 53 | loss: 0.6615263
	speed: 0.0285s/iter; left time: 1848.6479s
	iters: 1100, epoch: 53 | loss: 0.6365485
	speed: 0.0290s/iter; left time: 1879.6481s
	iters: 1200, epoch: 53 | loss: 0.7113459
	speed: 0.0285s/iter; left time: 1845.9006s
	iters: 1300, epoch: 53 | loss: 0.6298330
	speed: 0.0290s/iter; left time: 1873.5822s
Epoch: 53 cost time: 43.61896753311157
Epoch: 53, Steps: 1372 | Train Loss: 0.6516852 Vali Loss: 0.6535192 Vali AUC: 0.7190687
EarlyStopping counter: 24 out of 30
Updating learning rate to 5.15377520732012e-07
	iters: 100, epoch: 54 | loss: 0.7648166
	speed: 0.3406s/iter; left time: 21928.4870s
	iters: 200, epoch: 54 | loss: 0.7155945
	speed: 0.0217s/iter; left time: 1393.1216s
	iters: 300, epoch: 54 | loss: 0.5665483
	speed: 0.0229s/iter; left time: 1468.3385s
	iters: 400, epoch: 54 | loss: 0.6613750
	speed: 0.0224s/iter; left time: 1432.6928s
	iters: 500, epoch: 54 | loss: 0.6614948
	speed: 0.0232s/iter; left time: 1485.8190s
	iters: 600, epoch: 54 | loss: 0.6328328
	speed: 0.0276s/iter; left time: 1764.3846s
	iters: 700, epoch: 54 | loss: 0.7336721
	speed: 0.0291s/iter; left time: 1859.3186s
	iters: 800, epoch: 54 | loss: 0.5753533
	speed: 0.0294s/iter; left time: 1873.9487s
	iters: 900, epoch: 54 | loss: 0.7021912
	speed: 0.0282s/iter; left time: 1794.5920s
	iters: 1000, epoch: 54 | loss: 0.5375726
	speed: 0.0305s/iter; left time: 1935.4927s
	iters: 1100, epoch: 54 | loss: 0.6869242
	speed: 0.0234s/iter; left time: 1484.2172s
	iters: 1200, epoch: 54 | loss: 0.6806168
	speed: 0.0273s/iter; left time: 1724.9889s
	iters: 1300, epoch: 54 | loss: 0.6643159
	speed: 0.0292s/iter; left time: 1844.1036s
Epoch: 54 cost time: 44.11773872375488
Epoch: 54, Steps: 1372 | Train Loss: 0.6507045 Vali Loss: 0.6534443 Vali AUC: 0.7177781
EarlyStopping counter: 25 out of 30
Updating learning rate to 4.6383976865881085e-07
	iters: 100, epoch: 55 | loss: 0.5629030
	speed: 0.3029s/iter; left time: 19089.7164s
	iters: 200, epoch: 55 | loss: 0.6648361
	speed: 0.0209s/iter; left time: 1314.5176s
	iters: 300, epoch: 55 | loss: 0.5666942
	speed: 0.0214s/iter; left time: 1342.3521s
	iters: 400, epoch: 55 | loss: 0.6298031
	speed: 0.0234s/iter; left time: 1467.9195s
	iters: 500, epoch: 55 | loss: 0.6730384
	speed: 0.0234s/iter; left time: 1467.2690s
	iters: 600, epoch: 55 | loss: 0.6621466
	speed: 0.0214s/iter; left time: 1335.2410s
	iters: 700, epoch: 55 | loss: 0.6928047
	speed: 0.0204s/iter; left time: 1272.8953s
	iters: 800, epoch: 55 | loss: 0.6614901
	speed: 0.0219s/iter; left time: 1362.4398s
	iters: 900, epoch: 55 | loss: 0.6650717
	speed: 0.0210s/iter; left time: 1303.9905s
	iters: 1000, epoch: 55 | loss: 0.6614870
	speed: 0.0211s/iter; left time: 1313.3055s
	iters: 1100, epoch: 55 | loss: 0.6458791
	speed: 0.0212s/iter; left time: 1317.6559s
	iters: 1200, epoch: 55 | loss: 0.6574743
	speed: 0.0216s/iter; left time: 1339.3513s
	iters: 1300, epoch: 55 | loss: 0.7131569
	speed: 0.0221s/iter; left time: 1364.8505s
Epoch: 55 cost time: 37.073814868927
Epoch: 55, Steps: 1372 | Train Loss: 0.6513375 Vali Loss: 0.6531661 Vali AUC: 0.7177827
EarlyStopping counter: 26 out of 30
Updating learning rate to 4.174557917929298e-07
	iters: 100, epoch: 56 | loss: 0.6158840
	speed: 0.3131s/iter; left time: 19302.6557s
	iters: 200, epoch: 56 | loss: 0.6298330
	speed: 0.0208s/iter; left time: 1280.0479s
	iters: 300, epoch: 56 | loss: 0.6298179
	speed: 0.0209s/iter; left time: 1284.1825s
	iters: 400, epoch: 56 | loss: 0.5032055
	speed: 0.0212s/iter; left time: 1303.2694s
	iters: 500, epoch: 56 | loss: 0.7141134
	speed: 0.0222s/iter; left time: 1358.7219s
	iters: 600, epoch: 56 | loss: 0.6614832
	speed: 0.0228s/iter; left time: 1393.0743s
	iters: 700, epoch: 56 | loss: 0.6862680
	speed: 0.0210s/iter; left time: 1281.1011s
	iters: 800, epoch: 56 | loss: 0.6298555
	speed: 0.0203s/iter; left time: 1236.3960s
	iters: 900, epoch: 56 | loss: 0.6440914
	speed: 0.0207s/iter; left time: 1260.3903s
	iters: 1000, epoch: 56 | loss: 0.6717572
	speed: 0.0200s/iter; left time: 1216.7048s
	iters: 1100, epoch: 56 | loss: 0.6814677
	speed: 0.0192s/iter; left time: 1162.5791s
	iters: 1200, epoch: 56 | loss: 0.6190049
	speed: 0.0196s/iter; left time: 1183.8380s
	iters: 1300, epoch: 56 | loss: 0.7448234
	speed: 0.0211s/iter; left time: 1275.2029s
Epoch: 56 cost time: 36.83864450454712
Epoch: 56, Steps: 1372 | Train Loss: 0.6521349 Vali Loss: 0.6532434 Vali AUC: 0.7173053
EarlyStopping counter: 27 out of 30
Updating learning rate to 3.7571021261363677e-07
	iters: 100, epoch: 57 | loss: 0.6187334
	speed: 0.3179s/iter; left time: 19157.5583s
	iters: 200, epoch: 57 | loss: 0.5665175
	speed: 0.0211s/iter; left time: 1270.0115s
	iters: 300, epoch: 57 | loss: 0.6812984
	speed: 0.0216s/iter; left time: 1297.6877s
	iters: 400, epoch: 57 | loss: 0.6298330
	speed: 0.0219s/iter; left time: 1313.8470s
	iters: 500, epoch: 57 | loss: 0.6614901
	speed: 0.0242s/iter; left time: 1447.6702s
	iters: 600, epoch: 57 | loss: 0.6069576
	speed: 0.0288s/iter; left time: 1720.3253s
	iters: 700, epoch: 57 | loss: 0.6808870
	speed: 0.0277s/iter; left time: 1653.5629s
	iters: 800, epoch: 57 | loss: 0.5981759
	speed: 0.0299s/iter; left time: 1781.1334s
	iters: 900, epoch: 57 | loss: 0.6794934
	speed: 0.0288s/iter; left time: 1710.2323s
	iters: 1000, epoch: 57 | loss: 0.6710531
	speed: 0.0286s/iter; left time: 1700.6512s
	iters: 1100, epoch: 57 | loss: 0.5981759
	speed: 0.0289s/iter; left time: 1711.5812s
	iters: 1200, epoch: 57 | loss: 0.5805234
	speed: 0.0286s/iter; left time: 1691.2399s
	iters: 1300, epoch: 57 | loss: 0.5868261
	speed: 0.0293s/iter; left time: 1728.5894s
Epoch: 57 cost time: 44.401386976242065
Epoch: 57, Steps: 1372 | Train Loss: 0.6524918 Vali Loss: 0.6534362 Vali AUC: 0.7140570
EarlyStopping counter: 28 out of 30
Updating learning rate to 3.381391913522731e-07
	iters: 100, epoch: 58 | loss: 0.6298289
	speed: 0.3348s/iter; left time: 19718.0993s
	iters: 200, epoch: 58 | loss: 0.6616501
	speed: 0.0219s/iter; left time: 1286.7971s
	iters: 300, epoch: 58 | loss: 0.5608444
	speed: 0.0221s/iter; left time: 1297.4087s
	iters: 400, epoch: 58 | loss: 0.7448653
	speed: 0.0219s/iter; left time: 1285.6833s
	iters: 500, epoch: 58 | loss: 0.7958133
	speed: 0.0215s/iter; left time: 1255.3401s
	iters: 600, epoch: 58 | loss: 0.6614902
	speed: 0.0217s/iter; left time: 1267.2273s
	iters: 700, epoch: 58 | loss: 0.6805081
	speed: 0.0253s/iter; left time: 1475.2762s
	iters: 800, epoch: 58 | loss: 0.6282216
	speed: 0.0235s/iter; left time: 1366.2644s
	iters: 900, epoch: 58 | loss: 0.6815019
	speed: 0.0273s/iter; left time: 1587.0986s
	iters: 1000, epoch: 58 | loss: 0.5981758
	speed: 0.0260s/iter; left time: 1507.0027s
	iters: 1100, epoch: 58 | loss: 0.6298069
	speed: 0.0262s/iter; left time: 1515.7404s
	iters: 1200, epoch: 58 | loss: 0.5981758
	speed: 0.0282s/iter; left time: 1627.4223s
	iters: 1300, epoch: 58 | loss: 0.7448235
	speed: 0.0306s/iter; left time: 1763.2334s
Epoch: 58 cost time: 41.93967413902283
Epoch: 58, Steps: 1372 | Train Loss: 0.6515372 Vali Loss: 0.6531901 Vali AUC: 0.7176761
EarlyStopping counter: 29 out of 30
Updating learning rate to 3.043252722170458e-07
	iters: 100, epoch: 59 | loss: 0.6615365
	speed: 0.3157s/iter; left time: 18160.8940s
	iters: 200, epoch: 59 | loss: 0.6815161
	speed: 0.0224s/iter; left time: 1284.8886s
	iters: 300, epoch: 59 | loss: 0.5667964
	speed: 0.0233s/iter; left time: 1333.7542s
	iters: 400, epoch: 59 | loss: 0.5989814
	speed: 0.0230s/iter; left time: 1314.0792s
	iters: 500, epoch: 59 | loss: 0.5981759
	speed: 0.0239s/iter; left time: 1366.7598s
	iters: 600, epoch: 59 | loss: 0.6298240
	speed: 0.0231s/iter; left time: 1314.9512s
	iters: 700, epoch: 59 | loss: 0.5980620
	speed: 0.0209s/iter; left time: 1188.7892s
	iters: 800, epoch: 59 | loss: 0.6298330
	speed: 0.0212s/iter; left time: 1205.0841s
	iters: 900, epoch: 59 | loss: 0.6526368
	speed: 0.0209s/iter; left time: 1187.0017s
	iters: 1000, epoch: 59 | loss: 0.7306261
	speed: 0.0214s/iter; left time: 1209.8332s
	iters: 1100, epoch: 59 | loss: 0.6298330
	speed: 0.0204s/iter; left time: 1154.1546s
	iters: 1200, epoch: 59 | loss: 0.6477827
	speed: 0.0216s/iter; left time: 1217.8166s
	iters: 1300, epoch: 59 | loss: 0.6614901
	speed: 0.0212s/iter; left time: 1194.8887s
Epoch: 59 cost time: 38.05223631858826
Epoch: 59, Steps: 1372 | Train Loss: 0.6521242 Vali Loss: 0.6532436 Vali AUC: 0.7167685
EarlyStopping counter: 30 out of 30
Early stopping
>>>>>>>testing : ctg_960_PatchTST_CTG_sl960_nc2_dm128_nh16_el3_df256_fc1_Exp<<<<<<<<<<<<<<<<<<<<<<<<<<<<<<<<<
test set size: 4118
accuracy:0.6559766763848397, precision:0.8429172510518934, recall:0.31548556430446195, f1:0.4591291061879297, auc:0.7047637023662409
